[0.279s] Invoking command in '/home/krism01/python/ros/ros2_study/build/my_first_package_msgs': CMAKE_PREFIX_PATH=${CMAKE_PREFIX_PATH}:/home/krism01/python/ros/ros2_study/install/my_first_package:/opt/ros/humble /usr/bin/cmake --build /home/krism01/python/ros/ros2_study/build/my_first_package_msgs -- -j2 -l2
[0.474s] [  9%] Built target my_first_package_msgs__rosidl_generator_c
[0.622s] [  9%] Built target ament_cmake_python_copy_my_first_package_msgs
[0.623s] [ 12%] Built target my_first_package_msgs__cpp
[0.748s] [ 22%] Built target my_first_package_msgs__rosidl_typesupport_introspection_cpp
[0.798s] [ 32%] Built target my_first_package_msgs__rosidl_typesupport_fastrtps_cpp
[0.811s] [ 41%] Built target my_first_package_msgs__rosidl_typesupport_cpp
[0.868s] [ 51%] Built target my_first_package_msgs__rosidl_typesupport_introspection_c
[0.927s] [ 61%] Built target my_first_package_msgs__rosidl_typesupport_fastrtps_c
[1.014s] [ 70%] Built target my_first_package_msgs__rosidl_typesupport_c
[1.159s] [ 70%] Built target my_first_package_msgs
[1.297s] [ 74%] Built target my_first_package_msgs__py
[1.451s] [ 80%] Built target my_first_package_msgs__rosidl_generator_py
[1.463s] running egg_info
[1.521s] writing my_first_package_msgs.egg-info/PKG-INFO
[1.524s] writing dependency_links to my_first_package_msgs.egg-info/dependency_links.txt
[1.524s] writing top-level names to my_first_package_msgs.egg-info/top_level.txt
[1.555s] [ 87%] Built target my_first_package_msgs__rosidl_typesupport_fastrtps_c__pyext
[1.612s] [ 93%] Built target my_first_package_msgs__rosidl_typesupport_introspection_c__pyext
[1.684s] [100%] Built target my_first_package_msgs__rosidl_typesupport_c__pyext
[1.727s] reading manifest file 'my_first_package_msgs.egg-info/SOURCES.txt'
[1.727s] writing manifest file 'my_first_package_msgs.egg-info/SOURCES.txt'
[1.784s] [100%] Built target ament_cmake_python_build_my_first_package_msgs_egg
[1.843s] Invoked command in '/home/krism01/python/ros/ros2_study/build/my_first_package_msgs' returned '0': CMAKE_PREFIX_PATH=${CMAKE_PREFIX_PATH}:/home/krism01/python/ros/ros2_study/install/my_first_package:/opt/ros/humble /usr/bin/cmake --build /home/krism01/python/ros/ros2_study/build/my_first_package_msgs -- -j2 -l2
[2.063s] Invoking command in '/home/krism01/python/ros/ros2_study/build/my_first_package_msgs': CMAKE_PREFIX_PATH=${CMAKE_PREFIX_PATH}:/home/krism01/python/ros/ros2_study/install/my_first_package:/opt/ros/humble /usr/bin/cmake --install /home/krism01/python/ros/ros2_study/build/my_first_package_msgs
[2.073s] -- Install configuration: ""
[2.073s] -- Up-to-date: /home/krism01/python/ros/ros2_study/install/my_first_package_msgs/share/ament_index/resource_index/rosidl_interfaces/my_first_package_msgs
[2.075s] -- Up-to-date: /home/krism01/python/ros/ros2_study/install/my_first_package_msgs/include/my_first_package_msgs/my_first_package_msgs
[2.082s] -- Up-to-date: /home/krism01/python/ros/ros2_study/install/my_first_package_msgs/include/my_first_package_msgs/my_first_package_msgs/msg
[2.083s] -- Up-to-date: /home/krism01/python/ros/ros2_study/install/my_first_package_msgs/include/my_first_package_msgs/my_first_package_msgs/msg/cmd_and_pose_vel.h
[2.084s] -- Up-to-date: /home/krism01/python/ros/ros2_study/install/my_first_package_msgs/include/my_first_package_msgs/my_first_package_msgs/msg/detail
[2.086s] -- Up-to-date: /home/krism01/python/ros/ros2_study/install/my_first_package_msgs/include/my_first_package_msgs/my_first_package_msgs/msg/detail/cmd_and_pose_vel__functions.c
[2.087s] -- Up-to-date: /home/krism01/python/ros/ros2_study/install/my_first_package_msgs/include/my_first_package_msgs/my_first_package_msgs/msg/detail/cmd_and_pose_vel__type_support.h
[2.088s] -- Up-to-date: /home/krism01/python/ros/ros2_study/install/my_first_package_msgs/include/my_first_package_msgs/my_first_package_msgs/msg/detail/cmd_and_pose_vel__functions.h
[2.088s] -- Up-to-date: /home/krism01/python/ros/ros2_study/install/my_first_package_msgs/include/my_first_package_msgs/my_first_package_msgs/msg/detail/cmd_and_pose_vel__struct.h
[2.103s] -- Up-to-date: /home/krism01/python/ros/ros2_study/install/my_first_package_msgs/include/my_first_package_msgs/my_first_package_msgs/msg/rosidl_generator_c__visibility_control.h
[2.118s] -- Up-to-date: /home/krism01/python/ros/ros2_study/install/my_first_package_msgs/share/my_first_package_msgs/environment/library_path.sh
[2.125s] -- Up-to-date: /home/krism01/python/ros/ros2_study/install/my_first_package_msgs/share/my_first_package_msgs/environment/library_path.dsv
[2.125s] -- Up-to-date: /home/krism01/python/ros/ros2_study/install/my_first_package_msgs/lib/libmy_first_package_msgs__rosidl_generator_c.so
[2.125s] -- Up-to-date: /home/krism01/python/ros/ros2_study/install/my_first_package_msgs/include/my_first_package_msgs/my_first_package_msgs
[2.125s] -- Up-to-date: /home/krism01/python/ros/ros2_study/install/my_first_package_msgs/include/my_first_package_msgs/my_first_package_msgs/msg
[2.125s] -- Up-to-date: /home/krism01/python/ros/ros2_study/install/my_first_package_msgs/include/my_first_package_msgs/my_first_package_msgs/msg/detail
[2.125s] -- Up-to-date: /home/krism01/python/ros/ros2_study/install/my_first_package_msgs/include/my_first_package_msgs/my_first_package_msgs/msg/detail/cmd_and_pose_vel__rosidl_typesupport_fastrtps_c.h
[2.125s] -- Up-to-date: /home/krism01/python/ros/ros2_study/install/my_first_package_msgs/include/my_first_package_msgs/my_first_package_msgs/msg/rosidl_typesupport_fastrtps_c__visibility_control.h
[2.126s] -- Up-to-date: /home/krism01/python/ros/ros2_study/install/my_first_package_msgs/lib/libmy_first_package_msgs__rosidl_typesupport_fastrtps_c.so
[2.130s] -- Up-to-date: /home/krism01/python/ros/ros2_study/install/my_first_package_msgs/include/my_first_package_msgs/my_first_package_msgs
[2.130s] -- Up-to-date: /home/krism01/python/ros/ros2_study/install/my_first_package_msgs/include/my_first_package_msgs/my_first_package_msgs/msg
[2.130s] -- Up-to-date: /home/krism01/python/ros/ros2_study/install/my_first_package_msgs/include/my_first_package_msgs/my_first_package_msgs/msg/detail
[2.130s] -- Up-to-date: /home/krism01/python/ros/ros2_study/install/my_first_package_msgs/include/my_first_package_msgs/my_first_package_msgs/msg/detail/cmd_and_pose_vel__rosidl_typesupport_introspection_c.h
[2.130s] -- Up-to-date: /home/krism01/python/ros/ros2_study/install/my_first_package_msgs/include/my_first_package_msgs/my_first_package_msgs/msg/detail/cmd_and_pose_vel__type_support.c
[2.130s] -- Up-to-date: /home/krism01/python/ros/ros2_study/install/my_first_package_msgs/include/my_first_package_msgs/my_first_package_msgs/msg/rosidl_typesupport_introspection_c__visibility_control.h
[2.130s] -- Up-to-date: /home/krism01/python/ros/ros2_study/install/my_first_package_msgs/lib/libmy_first_package_msgs__rosidl_typesupport_introspection_c.so
[2.131s] -- Up-to-date: /home/krism01/python/ros/ros2_study/install/my_first_package_msgs/lib/libmy_first_package_msgs__rosidl_typesupport_c.so
[2.131s] -- Up-to-date: /home/krism01/python/ros/ros2_study/install/my_first_package_msgs/include/my_first_package_msgs/my_first_package_msgs
[2.131s] -- Up-to-date: /home/krism01/python/ros/ros2_study/install/my_first_package_msgs/include/my_first_package_msgs/my_first_package_msgs/msg
[2.131s] -- Up-to-date: /home/krism01/python/ros/ros2_study/install/my_first_package_msgs/include/my_first_package_msgs/my_first_package_msgs/msg/detail
[2.131s] -- Up-to-date: /home/krism01/python/ros/ros2_study/install/my_first_package_msgs/include/my_first_package_msgs/my_first_package_msgs/msg/detail/cmd_and_pose_vel__builder.hpp
[2.131s] -- Up-to-date: /home/krism01/python/ros/ros2_study/install/my_first_package_msgs/include/my_first_package_msgs/my_first_package_msgs/msg/detail/cmd_and_pose_vel__struct.hpp
[2.131s] -- Up-to-date: /home/krism01/python/ros/ros2_study/install/my_first_package_msgs/include/my_first_package_msgs/my_first_package_msgs/msg/detail/cmd_and_pose_vel__traits.hpp
[2.131s] -- Up-to-date: /home/krism01/python/ros/ros2_study/install/my_first_package_msgs/include/my_first_package_msgs/my_first_package_msgs/msg/cmd_and_pose_vel.hpp
[2.131s] -- Up-to-date: /home/krism01/python/ros/ros2_study/install/my_first_package_msgs/include/my_first_package_msgs/my_first_package_msgs
[2.131s] -- Up-to-date: /home/krism01/python/ros/ros2_study/install/my_first_package_msgs/include/my_first_package_msgs/my_first_package_msgs/msg
[2.131s] -- Up-to-date: /home/krism01/python/ros/ros2_study/install/my_first_package_msgs/include/my_first_package_msgs/my_first_package_msgs/msg/detail
[2.131s] -- Up-to-date: /home/krism01/python/ros/ros2_study/install/my_first_package_msgs/include/my_first_package_msgs/my_first_package_msgs/msg/detail/dds_fastrtps
[2.131s] -- Up-to-date: /home/krism01/python/ros/ros2_study/install/my_first_package_msgs/include/my_first_package_msgs/my_first_package_msgs/msg/detail/cmd_and_pose_vel__rosidl_typesupport_fastrtps_cpp.hpp
[2.131s] -- Up-to-date: /home/krism01/python/ros/ros2_study/install/my_first_package_msgs/include/my_first_package_msgs/my_first_package_msgs/msg/rosidl_typesupport_fastrtps_cpp__visibility_control.h
[2.132s] -- Up-to-date: /home/krism01/python/ros/ros2_study/install/my_first_package_msgs/lib/libmy_first_package_msgs__rosidl_typesupport_fastrtps_cpp.so
[2.132s] -- Up-to-date: /home/krism01/python/ros/ros2_study/install/my_first_package_msgs/include/my_first_package_msgs/my_first_package_msgs
[2.132s] -- Up-to-date: /home/krism01/python/ros/ros2_study/install/my_first_package_msgs/include/my_first_package_msgs/my_first_package_msgs/msg
[2.132s] -- Up-to-date: /home/krism01/python/ros/ros2_study/install/my_first_package_msgs/include/my_first_package_msgs/my_first_package_msgs/msg/detail
[2.132s] -- Up-to-date: /home/krism01/python/ros/ros2_study/install/my_first_package_msgs/include/my_first_package_msgs/my_first_package_msgs/msg/detail/cmd_and_pose_vel__rosidl_typesupport_introspection_cpp.hpp
[2.132s] -- Up-to-date: /home/krism01/python/ros/ros2_study/install/my_first_package_msgs/include/my_first_package_msgs/my_first_package_msgs/msg/detail/cmd_and_pose_vel__type_support.cpp
[2.132s] -- Up-to-date: /home/krism01/python/ros/ros2_study/install/my_first_package_msgs/lib/libmy_first_package_msgs__rosidl_typesupport_introspection_cpp.so
[2.132s] -- Up-to-date: /home/krism01/python/ros/ros2_study/install/my_first_package_msgs/lib/libmy_first_package_msgs__rosidl_typesupport_cpp.so
[2.132s] -- Up-to-date: /home/krism01/python/ros/ros2_study/install/my_first_package_msgs/share/my_first_package_msgs/environment/pythonpath.sh
[2.132s] -- Up-to-date: /home/krism01/python/ros/ros2_study/install/my_first_package_msgs/share/my_first_package_msgs/environment/pythonpath.dsv
[2.132s] -- Up-to-date: /home/krism01/python/ros/ros2_study/install/my_first_package_msgs/local/lib/python3.10/dist-packages/my_first_package_msgs-0.0.0-py3.10.egg-info
[2.132s] -- Installing: /home/krism01/python/ros/ros2_study/install/my_first_package_msgs/local/lib/python3.10/dist-packages/my_first_package_msgs-0.0.0-py3.10.egg-info/dependency_links.txt
[2.132s] -- Installing: /home/krism01/python/ros/ros2_study/install/my_first_package_msgs/local/lib/python3.10/dist-packages/my_first_package_msgs-0.0.0-py3.10.egg-info/PKG-INFO
[2.132s] -- Installing: /home/krism01/python/ros/ros2_study/install/my_first_package_msgs/local/lib/python3.10/dist-packages/my_first_package_msgs-0.0.0-py3.10.egg-info/top_level.txt
[2.133s] -- Installing: /home/krism01/python/ros/ros2_study/install/my_first_package_msgs/local/lib/python3.10/dist-packages/my_first_package_msgs-0.0.0-py3.10.egg-info/SOURCES.txt
[2.134s] -- Up-to-date: /home/krism01/python/ros/ros2_study/install/my_first_package_msgs/local/lib/python3.10/dist-packages/my_first_package_msgs
[2.134s] -- Up-to-date: /home/krism01/python/ros/ros2_study/install/my_first_package_msgs/local/lib/python3.10/dist-packages/my_first_package_msgs/my_first_package_msgs_s__rosidl_typesupport_fastrtps_c.cpython-310-x86_64-linux-gnu.so
[2.134s] -- Up-to-date: /home/krism01/python/ros/ros2_study/install/my_first_package_msgs/local/lib/python3.10/dist-packages/my_first_package_msgs/_my_first_package_msgs_s.ep.rosidl_typesupport_c.c
[2.134s] -- Up-to-date: /home/krism01/python/ros/ros2_study/install/my_first_package_msgs/local/lib/python3.10/dist-packages/my_first_package_msgs/my_first_package_msgs_s__rosidl_typesupport_introspection_c.cpython-310-x86_64-linux-gnu.so
[2.135s] -- Up-to-date: /home/krism01/python/ros/ros2_study/install/my_first_package_msgs/local/lib/python3.10/dist-packages/my_first_package_msgs/__init__.py
[2.135s] -- Up-to-date: /home/krism01/python/ros/ros2_study/install/my_first_package_msgs/local/lib/python3.10/dist-packages/my_first_package_msgs/libmy_first_package_msgs__rosidl_generator_py.so
[2.136s] -- Up-to-date: /home/krism01/python/ros/ros2_study/install/my_first_package_msgs/local/lib/python3.10/dist-packages/my_first_package_msgs/msg
[2.136s] -- Up-to-date: /home/krism01/python/ros/ros2_study/install/my_first_package_msgs/local/lib/python3.10/dist-packages/my_first_package_msgs/msg/_cmd_and_pose_vel.py
[2.136s] -- Up-to-date: /home/krism01/python/ros/ros2_study/install/my_first_package_msgs/local/lib/python3.10/dist-packages/my_first_package_msgs/msg/__init__.py
[2.136s] -- Up-to-date: /home/krism01/python/ros/ros2_study/install/my_first_package_msgs/local/lib/python3.10/dist-packages/my_first_package_msgs/msg/_cmd_and_pose_vel_s.c
[2.137s] -- Up-to-date: /home/krism01/python/ros/ros2_study/install/my_first_package_msgs/local/lib/python3.10/dist-packages/my_first_package_msgs/my_first_package_msgs_s__rosidl_typesupport_c.cpython-310-x86_64-linux-gnu.so
[2.137s] -- Up-to-date: /home/krism01/python/ros/ros2_study/install/my_first_package_msgs/local/lib/python3.10/dist-packages/my_first_package_msgs/_my_first_package_msgs_s.ep.rosidl_typesupport_introspection_c.c
[2.171s] -- Up-to-date: /home/krism01/python/ros/ros2_study/install/my_first_package_msgs/local/lib/python3.10/dist-packages/my_first_package_msgs/_my_first_package_msgs_s.ep.rosidl_typesupport_fastrtps_c.c
[2.293s] Listing '/home/krism01/python/ros/ros2_study/install/my_first_package_msgs/local/lib/python3.10/dist-packages/my_first_package_msgs'...
[2.293s] Listing '/home/krism01/python/ros/ros2_study/install/my_first_package_msgs/local/lib/python3.10/dist-packages/my_first_package_msgs/msg'...
[2.346s] -- Up-to-date: /home/krism01/python/ros/ros2_study/install/my_first_package_msgs/local/lib/python3.10/dist-packages/my_first_package_msgs/my_first_package_msgs_s__rosidl_typesupport_fastrtps_c.cpython-310-x86_64-linux-gnu.so
[2.348s] -- Up-to-date: /home/krism01/python/ros/ros2_study/install/my_first_package_msgs/local/lib/python3.10/dist-packages/my_first_package_msgs/my_first_package_msgs_s__rosidl_typesupport_introspection_c.cpython-310-x86_64-linux-gnu.so
[2.350s] -- Up-to-date: /home/krism01/python/ros/ros2_study/install/my_first_package_msgs/local/lib/python3.10/dist-packages/my_first_package_msgs/my_first_package_msgs_s__rosidl_typesupport_c.cpython-310-x86_64-linux-gnu.so
[2.352s] -- Up-to-date: /home/krism01/python/ros/ros2_study/install/my_first_package_msgs/lib/libmy_first_package_msgs__rosidl_generator_py.so
[2.352s] -- Up-to-date: /home/krism01/python/ros/ros2_study/install/my_first_package_msgs/share/my_first_package_msgs/msg/CmdAndPoseVel.idl
[2.352s] -- Up-to-date: /home/krism01/python/ros/ros2_study/install/my_first_package_msgs/share/my_first_package_msgs/msg/CmdAndPoseVel.msg
[2.352s] -- Up-to-date: /home/krism01/python/ros/ros2_study/install/my_first_package_msgs/share/ament_index/resource_index/package_run_dependencies/my_first_package_msgs
[2.352s] -- Up-to-date: /home/krism01/python/ros/ros2_study/install/my_first_package_msgs/share/ament_index/resource_index/parent_prefix_path/my_first_package_msgs
[2.357s] -- Up-to-date: /home/krism01/python/ros/ros2_study/install/my_first_package_msgs/share/my_first_package_msgs/environment/ament_prefix_path.sh
[2.357s] -- Up-to-date: /home/krism01/python/ros/ros2_study/install/my_first_package_msgs/share/my_first_package_msgs/environment/ament_prefix_path.dsv
[2.357s] -- Up-to-date: /home/krism01/python/ros/ros2_study/install/my_first_package_msgs/share/my_first_package_msgs/environment/path.sh
[2.357s] -- Up-to-date: /home/krism01/python/ros/ros2_study/install/my_first_package_msgs/share/my_first_package_msgs/environment/path.dsv
[2.357s] -- Up-to-date: /home/krism01/python/ros/ros2_study/install/my_first_package_msgs/share/my_first_package_msgs/local_setup.bash
[2.357s] -- Up-to-date: /home/krism01/python/ros/ros2_study/install/my_first_package_msgs/share/my_first_package_msgs/local_setup.sh
[2.357s] -- Up-to-date: /home/krism01/python/ros/ros2_study/install/my_first_package_msgs/share/my_first_package_msgs/local_setup.zsh
[2.357s] -- Up-to-date: /home/krism01/python/ros/ros2_study/install/my_first_package_msgs/share/my_first_package_msgs/local_setup.dsv
[2.358s] -- Installing: /home/krism01/python/ros/ros2_study/install/my_first_package_msgs/share/my_first_package_msgs/package.dsv
[2.358s] -- Up-to-date: /home/krism01/python/ros/ros2_study/install/my_first_package_msgs/share/ament_index/resource_index/packages/my_first_package_msgs
[2.358s] -- Up-to-date: /home/krism01/python/ros/ros2_study/install/my_first_package_msgs/share/my_first_package_msgs/cmake/export_my_first_package_msgs__rosidl_generator_cExport.cmake
[2.358s] -- Up-to-date: /home/krism01/python/ros/ros2_study/install/my_first_package_msgs/share/my_first_package_msgs/cmake/export_my_first_package_msgs__rosidl_generator_cExport-noconfig.cmake
[2.358s] -- Up-to-date: /home/krism01/python/ros/ros2_study/install/my_first_package_msgs/share/my_first_package_msgs/cmake/export_my_first_package_msgs__rosidl_typesupport_fastrtps_cExport.cmake
[2.358s] -- Up-to-date: /home/krism01/python/ros/ros2_study/install/my_first_package_msgs/share/my_first_package_msgs/cmake/export_my_first_package_msgs__rosidl_typesupport_fastrtps_cExport-noconfig.cmake
[2.358s] -- Up-to-date: /home/krism01/python/ros/ros2_study/install/my_first_package_msgs/share/my_first_package_msgs/cmake/my_first_package_msgs__rosidl_typesupport_introspection_cExport.cmake
[2.358s] -- Up-to-date: /home/krism01/python/ros/ros2_study/install/my_first_package_msgs/share/my_first_package_msgs/cmake/my_first_package_msgs__rosidl_typesupport_introspection_cExport-noconfig.cmake
[2.358s] -- Up-to-date: /home/krism01/python/ros/ros2_study/install/my_first_package_msgs/share/my_first_package_msgs/cmake/my_first_package_msgs__rosidl_typesupport_cExport.cmake
[2.359s] -- Up-to-date: /home/krism01/python/ros/ros2_study/install/my_first_package_msgs/share/my_first_package_msgs/cmake/my_first_package_msgs__rosidl_typesupport_cExport-noconfig.cmake
[2.359s] -- Up-to-date: /home/krism01/python/ros/ros2_study/install/my_first_package_msgs/share/my_first_package_msgs/cmake/export_my_first_package_msgs__rosidl_generator_cppExport.cmake
[2.359s] -- Up-to-date: /home/krism01/python/ros/ros2_study/install/my_first_package_msgs/share/my_first_package_msgs/cmake/export_my_first_package_msgs__rosidl_typesupport_fastrtps_cppExport.cmake
[2.359s] -- Up-to-date: /home/krism01/python/ros/ros2_study/install/my_first_package_msgs/share/my_first_package_msgs/cmake/export_my_first_package_msgs__rosidl_typesupport_fastrtps_cppExport-noconfig.cmake
[2.359s] -- Up-to-date: /home/krism01/python/ros/ros2_study/install/my_first_package_msgs/share/my_first_package_msgs/cmake/my_first_package_msgs__rosidl_typesupport_introspection_cppExport.cmake
[2.359s] -- Up-to-date: /home/krism01/python/ros/ros2_study/install/my_first_package_msgs/share/my_first_package_msgs/cmake/my_first_package_msgs__rosidl_typesupport_introspection_cppExport-noconfig.cmake
[2.359s] -- Up-to-date: /home/krism01/python/ros/ros2_study/install/my_first_package_msgs/share/my_first_package_msgs/cmake/my_first_package_msgs__rosidl_typesupport_cppExport.cmake
[2.359s] -- Up-to-date: /home/krism01/python/ros/ros2_study/install/my_first_package_msgs/share/my_first_package_msgs/cmake/my_first_package_msgs__rosidl_typesupport_cppExport-noconfig.cmake
[2.359s] -- Up-to-date: /home/krism01/python/ros/ros2_study/install/my_first_package_msgs/share/my_first_package_msgs/cmake/export_my_first_package_msgs__rosidl_generator_pyExport.cmake
[2.359s] -- Up-to-date: /home/krism01/python/ros/ros2_study/install/my_first_package_msgs/share/my_first_package_msgs/cmake/export_my_first_package_msgs__rosidl_generator_pyExport-noconfig.cmake
[2.360s] -- Up-to-date: /home/krism01/python/ros/ros2_study/install/my_first_package_msgs/share/my_first_package_msgs/cmake/rosidl_cmake-extras.cmake
[2.360s] -- Up-to-date: /home/krism01/python/ros/ros2_study/install/my_first_package_msgs/share/my_first_package_msgs/cmake/ament_cmake_export_include_directories-extras.cmake
[2.360s] -- Up-to-date: /home/krism01/python/ros/ros2_study/install/my_first_package_msgs/share/my_first_package_msgs/cmake/ament_cmake_export_libraries-extras.cmake
[2.360s] -- Up-to-date: /home/krism01/python/ros/ros2_study/install/my_first_package_msgs/share/my_first_package_msgs/cmake/ament_cmake_export_targets-extras.cmake
[2.360s] -- Up-to-date: /home/krism01/python/ros/ros2_study/install/my_first_package_msgs/share/my_first_package_msgs/cmake/rosidl_cmake_export_typesupport_targets-extras.cmake
[2.360s] -- Up-to-date: /home/krism01/python/ros/ros2_study/install/my_first_package_msgs/share/my_first_package_msgs/cmake/ament_cmake_export_dependencies-extras.cmake
[2.360s] -- Up-to-date: /home/krism01/python/ros/ros2_study/install/my_first_package_msgs/share/my_first_package_msgs/cmake/rosidl_cmake_export_typesupport_libraries-extras.cmake
[2.360s] -- Up-to-date: /home/krism01/python/ros/ros2_study/install/my_first_package_msgs/share/my_first_package_msgs/cmake/my_first_package_msgsConfig.cmake
[2.360s] -- Up-to-date: /home/krism01/python/ros/ros2_study/install/my_first_package_msgs/share/my_first_package_msgs/cmake/my_first_package_msgsConfig-version.cmake
[2.360s] -- Up-to-date: /home/krism01/python/ros/ros2_study/install/my_first_package_msgs/share/my_first_package_msgs/package.xml
[2.395s] Invoked command in '/home/krism01/python/ros/ros2_study/build/my_first_package_msgs' returned '0': CMAKE_PREFIX_PATH=${CMAKE_PREFIX_PATH}:/home/krism01/python/ros/ros2_study/install/my_first_package:/opt/ros/humble /usr/bin/cmake --install /home/krism01/python/ros/ros2_study/build/my_first_package_msgs
