[2.495s] Invoking command in '/home/krism01/python/ros/ros2_study/src/my_first_package': PYTHONPATH=/home/krism01/python/ros/ros2_study/build/my_first_package/prefix_override:/home/krism01/python/ros/ros2_study/install/my_first_package/lib/python3.10/site-packages:${PYTHONPATH} /usr/bin/python3 -W ignore:setup.py install is deprecated setup.py egg_info --egg-base ../../build/my_first_package build --build-base /home/krism01/python/ros/ros2_study/build/my_first_package/build install --record /home/krism01/python/ros/ros2_study/build/my_first_package/install.log --single-version-externally-managed install_data
[2.858s] running egg_info
[2.891s] writing ../../build/my_first_package/my_first_package.egg-info/PKG-INFO
[2.899s] writing dependency_links to ../../build/my_first_package/my_first_package.egg-info/dependency_links.txt
[2.899s] writing entry points to ../../build/my_first_package/my_first_package.egg-info/entry_points.txt
[2.900s] writing requirements to ../../build/my_first_package/my_first_package.egg-info/requires.txt
[2.900s] writing top-level names to ../../build/my_first_package/my_first_package.egg-info/top_level.txt
[2.946s] reading manifest file '../../build/my_first_package/my_first_package.egg-info/SOURCES.txt'
[2.950s] writing manifest file '../../build/my_first_package/my_first_package.egg-info/SOURCES.txt'
[2.951s] running build
[2.952s] running build_py
[2.956s] copying my_first_package/240322_my_publisher.py -> /home/krism01/python/ros/ros2_study/build/my_first_package/build/lib/my_first_package
[2.958s] copying my_first_package/240322_doc_publisher.py -> /home/krism01/python/ros/ros2_study/build/my_first_package/build/lib/my_first_package
[2.959s] running install
[2.968s] running install_lib
[3.004s] copying /home/krism01/python/ros/ros2_study/build/my_first_package/build/lib/my_first_package/240322_my_publisher.py -> /home/krism01/python/ros/ros2_study/install/my_first_package/lib/python3.10/site-packages/my_first_package
[3.007s] copying /home/krism01/python/ros/ros2_study/build/my_first_package/build/lib/my_first_package/240322_doc_publisher.py -> /home/krism01/python/ros/ros2_study/install/my_first_package/lib/python3.10/site-packages/my_first_package
[3.009s] byte-compiling /home/krism01/python/ros/ros2_study/install/my_first_package/lib/python3.10/site-packages/my_first_package/240322_my_publisher.py to 240322_my_publisher.cpython-310.pyc
[3.012s] byte-compiling /home/krism01/python/ros/ros2_study/install/my_first_package/lib/python3.10/site-packages/my_first_package/240322_doc_publisher.py to 240322_doc_publisher.cpython-310.pyc
[3.013s] running install_data
[3.016s] running install_egg_info
[3.079s] removing '/home/krism01/python/ros/ros2_study/install/my_first_package/lib/python3.10/site-packages/my_first_package-0.0.0-py3.10.egg-info' (and everything under it)
[3.090s] Copying ../../build/my_first_package/my_first_package.egg-info to /home/krism01/python/ros/ros2_study/install/my_first_package/lib/python3.10/site-packages/my_first_package-0.0.0-py3.10.egg-info
[3.109s] running install_scripts
[3.390s] Installing my_first_node script to /home/krism01/python/ros/ros2_study/install/my_first_package/lib/my_first_package
[3.392s] Installing my_subscriber script to /home/krism01/python/ros/ros2_study/install/my_first_package/lib/my_first_package
[3.395s] writing list of installed files to '/home/krism01/python/ros/ros2_study/build/my_first_package/install.log'
[3.436s] Invoked command in '/home/krism01/python/ros/ros2_study/src/my_first_package' returned '0': PYTHONPATH=/home/krism01/python/ros/ros2_study/build/my_first_package/prefix_override:/home/krism01/python/ros/ros2_study/install/my_first_package/lib/python3.10/site-packages:${PYTHONPATH} /usr/bin/python3 -W ignore:setup.py install is deprecated setup.py egg_info --egg-base ../../build/my_first_package build --build-base /home/krism01/python/ros/ros2_study/build/my_first_package/build install --record /home/krism01/python/ros/ros2_study/build/my_first_package/install.log --single-version-externally-managed install_data
