[0.304s] Invoking command in '/home/krism01/python/ros/ros2_study/build/my_first_package_msgs': CMAKE_PREFIX_PATH=${CMAKE_PREFIX_PATH}:/home/krism01/python/ros/ros2_study/install/my_first_package:/opt/ros/humble /usr/bin/cmake --build /home/krism01/python/ros/ros2_study/build/my_first_package_msgs -- -j2 -l2
[0.721s] [ 12%] Built target my_first_package_msgs__rosidl_generator_c
[0.721s] [ 12%] Built target my_first_package_msgs__cpp
[0.812s] [ 12%] Built target ament_cmake_python_copy_my_first_package_msgs
[0.861s] [ 22%] Built target my_first_package_msgs__rosidl_typesupport_fastrtps_cpp
[0.907s] [ 32%] Built target my_first_package_msgs__rosidl_typesupport_introspection_cpp
[0.929s] [ 41%] Built target my_first_package_msgs__rosidl_typesupport_cpp
[1.072s] [ 51%] Built target my_first_package_msgs__rosidl_typesupport_fastrtps_c
[1.116s] [ 64%] Built target my_first_package_msgs__rosidl_typesupport_c
[1.156s] [ 70%] Built target my_first_package_msgs__rosidl_typesupport_introspection_c
[1.188s] [ 70%] Built target my_first_package_msgs
[1.215s] [ 74%] Built target my_first_package_msgs__py
[1.284s] [ 80%] Built target my_first_package_msgs__rosidl_generator_py
[1.314s] [ 87%] Built target my_first_package_msgs__rosidl_typesupport_fastrtps_c__pyext
[1.376s] [ 93%] Built target my_first_package_msgs__rosidl_typesupport_introspection_c__pyext
[1.518s] [100%] Built target my_first_package_msgs__rosidl_typesupport_c__pyext
[1.734s] running egg_info
[1.785s] writing my_first_package_msgs.egg-info/PKG-INFO
[1.790s] writing dependency_links to my_first_package_msgs.egg-info/dependency_links.txt
[1.791s] writing top-level names to my_first_package_msgs.egg-info/top_level.txt
[1.893s] reading manifest file 'my_first_package_msgs.egg-info/SOURCES.txt'
[1.895s] writing manifest file 'my_first_package_msgs.egg-info/SOURCES.txt'
[1.946s] [100%] Built target ament_cmake_python_build_my_first_package_msgs_egg
[2.002s] Invoked command in '/home/krism01/python/ros/ros2_study/build/my_first_package_msgs' returned '0': CMAKE_PREFIX_PATH=${CMAKE_PREFIX_PATH}:/home/krism01/python/ros/ros2_study/install/my_first_package:/opt/ros/humble /usr/bin/cmake --build /home/krism01/python/ros/ros2_study/build/my_first_package_msgs -- -j2 -l2
[2.436s] Invoking command in '/home/krism01/python/ros/ros2_study/build/my_first_package_msgs': CMAKE_PREFIX_PATH=${CMAKE_PREFIX_PATH}:/home/krism01/python/ros/ros2_study/install/my_first_package:/opt/ros/humble /usr/bin/cmake --install /home/krism01/python/ros/ros2_study/build/my_first_package_msgs
[2.451s] -- Install configuration: ""
[2.452s] -- Up-to-date: /home/krism01/python/ros/ros2_study/install/my_first_package_msgs/share/ament_index/resource_index/rosidl_interfaces/my_first_package_msgs
[2.452s] -- Up-to-date: /home/krism01/python/ros/ros2_study/install/my_first_package_msgs/include/my_first_package_msgs/my_first_package_msgs
[2.452s] -- Up-to-date: /home/krism01/python/ros/ros2_study/install/my_first_package_msgs/include/my_first_package_msgs/my_first_package_msgs/msg
[2.452s] -- Up-to-date: /home/krism01/python/ros/ros2_study/install/my_first_package_msgs/include/my_first_package_msgs/my_first_package_msgs/msg/cmd_and_pose_vel.h
[2.453s] -- Up-to-date: /home/krism01/python/ros/ros2_study/install/my_first_package_msgs/include/my_first_package_msgs/my_first_package_msgs/msg/detail
[2.453s] -- Up-to-date: /home/krism01/python/ros/ros2_study/install/my_first_package_msgs/include/my_first_package_msgs/my_first_package_msgs/msg/detail/cmd_and_pose_vel__functions.c
[2.453s] -- Up-to-date: /home/krism01/python/ros/ros2_study/install/my_first_package_msgs/include/my_first_package_msgs/my_first_package_msgs/msg/detail/cmd_and_pose_vel__type_support.h
[2.453s] -- Up-to-date: /home/krism01/python/ros/ros2_study/install/my_first_package_msgs/include/my_first_package_msgs/my_first_package_msgs/msg/detail/cmd_and_pose_vel__functions.h
[2.453s] -- Up-to-date: /home/krism01/python/ros/ros2_study/install/my_first_package_msgs/include/my_first_package_msgs/my_first_package_msgs/msg/detail/cmd_and_pose_vel__struct.h
[2.454s] -- Up-to-date: /home/krism01/python/ros/ros2_study/install/my_first_package_msgs/include/my_first_package_msgs/my_first_package_msgs/msg/rosidl_generator_c__visibility_control.h
[2.454s] -- Up-to-date: /home/krism01/python/ros/ros2_study/install/my_first_package_msgs/share/my_first_package_msgs/environment/library_path.sh
[2.454s] -- Up-to-date: /home/krism01/python/ros/ros2_study/install/my_first_package_msgs/share/my_first_package_msgs/environment/library_path.dsv
[2.456s] -- Up-to-date: /home/krism01/python/ros/ros2_study/install/my_first_package_msgs/lib/libmy_first_package_msgs__rosidl_generator_c.so
[2.456s] -- Up-to-date: /home/krism01/python/ros/ros2_study/install/my_first_package_msgs/include/my_first_package_msgs/my_first_package_msgs
[2.456s] -- Up-to-date: /home/krism01/python/ros/ros2_study/install/my_first_package_msgs/include/my_first_package_msgs/my_first_package_msgs/msg
[2.457s] -- Up-to-date: /home/krism01/python/ros/ros2_study/install/my_first_package_msgs/include/my_first_package_msgs/my_first_package_msgs/msg/detail
[2.457s] -- Up-to-date: /home/krism01/python/ros/ros2_study/install/my_first_package_msgs/include/my_first_package_msgs/my_first_package_msgs/msg/detail/cmd_and_pose_vel__rosidl_typesupport_fastrtps_c.h
[2.457s] -- Up-to-date: /home/krism01/python/ros/ros2_study/install/my_first_package_msgs/include/my_first_package_msgs/my_first_package_msgs/msg/rosidl_typesupport_fastrtps_c__visibility_control.h
[2.458s] -- Up-to-date: /home/krism01/python/ros/ros2_study/install/my_first_package_msgs/lib/libmy_first_package_msgs__rosidl_typesupport_fastrtps_c.so
[2.458s] -- Up-to-date: /home/krism01/python/ros/ros2_study/install/my_first_package_msgs/include/my_first_package_msgs/my_first_package_msgs
[2.459s] -- Up-to-date: /home/krism01/python/ros/ros2_study/install/my_first_package_msgs/include/my_first_package_msgs/my_first_package_msgs/msg
[2.459s] -- Up-to-date: /home/krism01/python/ros/ros2_study/install/my_first_package_msgs/include/my_first_package_msgs/my_first_package_msgs/msg/detail
[2.459s] -- Up-to-date: /home/krism01/python/ros/ros2_study/install/my_first_package_msgs/include/my_first_package_msgs/my_first_package_msgs/msg/detail/cmd_and_pose_vel__rosidl_typesupport_introspection_c.h
[2.459s] -- Up-to-date: /home/krism01/python/ros/ros2_study/install/my_first_package_msgs/include/my_first_package_msgs/my_first_package_msgs/msg/detail/cmd_and_pose_vel__type_support.c
[2.459s] -- Up-to-date: /home/krism01/python/ros/ros2_study/install/my_first_package_msgs/include/my_first_package_msgs/my_first_package_msgs/msg/rosidl_typesupport_introspection_c__visibility_control.h
[2.460s] -- Up-to-date: /home/krism01/python/ros/ros2_study/install/my_first_package_msgs/lib/libmy_first_package_msgs__rosidl_typesupport_introspection_c.so
[2.461s] -- Up-to-date: /home/krism01/python/ros/ros2_study/install/my_first_package_msgs/lib/libmy_first_package_msgs__rosidl_typesupport_c.so
[2.462s] -- Up-to-date: /home/krism01/python/ros/ros2_study/install/my_first_package_msgs/include/my_first_package_msgs/my_first_package_msgs
[2.462s] -- Up-to-date: /home/krism01/python/ros/ros2_study/install/my_first_package_msgs/include/my_first_package_msgs/my_first_package_msgs/msg
[2.462s] -- Up-to-date: /home/krism01/python/ros/ros2_study/install/my_first_package_msgs/include/my_first_package_msgs/my_first_package_msgs/msg/detail
[2.462s] -- Up-to-date: /home/krism01/python/ros/ros2_study/install/my_first_package_msgs/include/my_first_package_msgs/my_first_package_msgs/msg/detail/cmd_and_pose_vel__builder.hpp
[2.462s] -- Up-to-date: /home/krism01/python/ros/ros2_study/install/my_first_package_msgs/include/my_first_package_msgs/my_first_package_msgs/msg/detail/cmd_and_pose_vel__struct.hpp
[2.462s] -- Up-to-date: /home/krism01/python/ros/ros2_study/install/my_first_package_msgs/include/my_first_package_msgs/my_first_package_msgs/msg/detail/cmd_and_pose_vel__traits.hpp
[2.463s] -- Up-to-date: /home/krism01/python/ros/ros2_study/install/my_first_package_msgs/include/my_first_package_msgs/my_first_package_msgs/msg/cmd_and_pose_vel.hpp
[2.463s] -- Up-to-date: /home/krism01/python/ros/ros2_study/install/my_first_package_msgs/include/my_first_package_msgs/my_first_package_msgs
[2.463s] -- Up-to-date: /home/krism01/python/ros/ros2_study/install/my_first_package_msgs/include/my_first_package_msgs/my_first_package_msgs/msg
[2.463s] -- Up-to-date: /home/krism01/python/ros/ros2_study/install/my_first_package_msgs/include/my_first_package_msgs/my_first_package_msgs/msg/detail
[2.463s] -- Up-to-date: /home/krism01/python/ros/ros2_study/install/my_first_package_msgs/include/my_first_package_msgs/my_first_package_msgs/msg/detail/dds_fastrtps
[2.464s] -- Up-to-date: /home/krism01/python/ros/ros2_study/install/my_first_package_msgs/include/my_first_package_msgs/my_first_package_msgs/msg/detail/cmd_and_pose_vel__rosidl_typesupport_fastrtps_cpp.hpp
[2.464s] -- Up-to-date: /home/krism01/python/ros/ros2_study/install/my_first_package_msgs/include/my_first_package_msgs/my_first_package_msgs/msg/rosidl_typesupport_fastrtps_cpp__visibility_control.h
[2.465s] -- Up-to-date: /home/krism01/python/ros/ros2_study/install/my_first_package_msgs/lib/libmy_first_package_msgs__rosidl_typesupport_fastrtps_cpp.so
[2.476s] -- Up-to-date: /home/krism01/python/ros/ros2_study/install/my_first_package_msgs/include/my_first_package_msgs/my_first_package_msgs
[2.476s] -- Up-to-date: /home/krism01/python/ros/ros2_study/install/my_first_package_msgs/include/my_first_package_msgs/my_first_package_msgs/msg
[2.476s] -- Up-to-date: /home/krism01/python/ros/ros2_study/install/my_first_package_msgs/include/my_first_package_msgs/my_first_package_msgs/msg/detail
[2.477s] -- Up-to-date: /home/krism01/python/ros/ros2_study/install/my_first_package_msgs/include/my_first_package_msgs/my_first_package_msgs/msg/detail/cmd_and_pose_vel__rosidl_typesupport_introspection_cpp.hpp
[2.477s] -- Up-to-date: /home/krism01/python/ros/ros2_study/install/my_first_package_msgs/include/my_first_package_msgs/my_first_package_msgs/msg/detail/cmd_and_pose_vel__type_support.cpp
[2.478s] -- Up-to-date: /home/krism01/python/ros/ros2_study/install/my_first_package_msgs/lib/libmy_first_package_msgs__rosidl_typesupport_introspection_cpp.so
[2.482s] -- Up-to-date: /home/krism01/python/ros/ros2_study/install/my_first_package_msgs/lib/libmy_first_package_msgs__rosidl_typesupport_cpp.so
[2.483s] -- Up-to-date: /home/krism01/python/ros/ros2_study/install/my_first_package_msgs/share/my_first_package_msgs/environment/pythonpath.sh
[2.483s] -- Up-to-date: /home/krism01/python/ros/ros2_study/install/my_first_package_msgs/share/my_first_package_msgs/environment/pythonpath.dsv
[2.483s] -- Up-to-date: /home/krism01/python/ros/ros2_study/install/my_first_package_msgs/local/lib/python3.10/dist-packages/my_first_package_msgs-0.0.0-py3.10.egg-info
[2.484s] -- Installing: /home/krism01/python/ros/ros2_study/install/my_first_package_msgs/local/lib/python3.10/dist-packages/my_first_package_msgs-0.0.0-py3.10.egg-info/dependency_links.txt
[2.484s] -- Installing: /home/krism01/python/ros/ros2_study/install/my_first_package_msgs/local/lib/python3.10/dist-packages/my_first_package_msgs-0.0.0-py3.10.egg-info/PKG-INFO
[2.484s] -- Installing: /home/krism01/python/ros/ros2_study/install/my_first_package_msgs/local/lib/python3.10/dist-packages/my_first_package_msgs-0.0.0-py3.10.egg-info/top_level.txt
[2.485s] -- Installing: /home/krism01/python/ros/ros2_study/install/my_first_package_msgs/local/lib/python3.10/dist-packages/my_first_package_msgs-0.0.0-py3.10.egg-info/SOURCES.txt
[2.486s] -- Up-to-date: /home/krism01/python/ros/ros2_study/install/my_first_package_msgs/local/lib/python3.10/dist-packages/my_first_package_msgs
[2.486s] -- Up-to-date: /home/krism01/python/ros/ros2_study/install/my_first_package_msgs/local/lib/python3.10/dist-packages/my_first_package_msgs/my_first_package_msgs_s__rosidl_typesupport_fastrtps_c.cpython-310-x86_64-linux-gnu.so
[2.486s] -- Up-to-date: /home/krism01/python/ros/ros2_study/install/my_first_package_msgs/local/lib/python3.10/dist-packages/my_first_package_msgs/_my_first_package_msgs_s.ep.rosidl_typesupport_c.c
[2.488s] -- Up-to-date: /home/krism01/python/ros/ros2_study/install/my_first_package_msgs/local/lib/python3.10/dist-packages/my_first_package_msgs/my_first_package_msgs_s__rosidl_typesupport_introspection_c.cpython-310-x86_64-linux-gnu.so
[2.488s] -- Up-to-date: /home/krism01/python/ros/ros2_study/install/my_first_package_msgs/local/lib/python3.10/dist-packages/my_first_package_msgs/__init__.py
[2.489s] -- Up-to-date: /home/krism01/python/ros/ros2_study/install/my_first_package_msgs/local/lib/python3.10/dist-packages/my_first_package_msgs/libmy_first_package_msgs__rosidl_generator_py.so
[2.489s] -- Up-to-date: /home/krism01/python/ros/ros2_study/install/my_first_package_msgs/local/lib/python3.10/dist-packages/my_first_package_msgs/msg
[2.489s] -- Up-to-date: /home/krism01/python/ros/ros2_study/install/my_first_package_msgs/local/lib/python3.10/dist-packages/my_first_package_msgs/msg/_cmd_and_pose_vel.py
[2.489s] -- Up-to-date: /home/krism01/python/ros/ros2_study/install/my_first_package_msgs/local/lib/python3.10/dist-packages/my_first_package_msgs/msg/__init__.py
[2.489s] -- Up-to-date: /home/krism01/python/ros/ros2_study/install/my_first_package_msgs/local/lib/python3.10/dist-packages/my_first_package_msgs/msg/_cmd_and_pose_vel_s.c
[2.490s] -- Up-to-date: /home/krism01/python/ros/ros2_study/install/my_first_package_msgs/local/lib/python3.10/dist-packages/my_first_package_msgs/my_first_package_msgs_s__rosidl_typesupport_c.cpython-310-x86_64-linux-gnu.so
[2.490s] -- Up-to-date: /home/krism01/python/ros/ros2_study/install/my_first_package_msgs/local/lib/python3.10/dist-packages/my_first_package_msgs/_my_first_package_msgs_s.ep.rosidl_typesupport_introspection_c.c
[2.490s] -- Up-to-date: /home/krism01/python/ros/ros2_study/install/my_first_package_msgs/local/lib/python3.10/dist-packages/my_first_package_msgs/_my_first_package_msgs_s.ep.rosidl_typesupport_fastrtps_c.c
[2.569s] Listing '/home/krism01/python/ros/ros2_study/install/my_first_package_msgs/local/lib/python3.10/dist-packages/my_first_package_msgs'...
[2.569s] Listing '/home/krism01/python/ros/ros2_study/install/my_first_package_msgs/local/lib/python3.10/dist-packages/my_first_package_msgs/msg'...
[2.575s] -- Up-to-date: /home/krism01/python/ros/ros2_study/install/my_first_package_msgs/local/lib/python3.10/dist-packages/my_first_package_msgs/my_first_package_msgs_s__rosidl_typesupport_fastrtps_c.cpython-310-x86_64-linux-gnu.so
[2.577s] -- Up-to-date: /home/krism01/python/ros/ros2_study/install/my_first_package_msgs/local/lib/python3.10/dist-packages/my_first_package_msgs/my_first_package_msgs_s__rosidl_typesupport_introspection_c.cpython-310-x86_64-linux-gnu.so
[2.578s] -- Up-to-date: /home/krism01/python/ros/ros2_study/install/my_first_package_msgs/local/lib/python3.10/dist-packages/my_first_package_msgs/my_first_package_msgs_s__rosidl_typesupport_c.cpython-310-x86_64-linux-gnu.so
[2.579s] -- Up-to-date: /home/krism01/python/ros/ros2_study/install/my_first_package_msgs/lib/libmy_first_package_msgs__rosidl_generator_py.so
[2.579s] -- Up-to-date: /home/krism01/python/ros/ros2_study/install/my_first_package_msgs/share/my_first_package_msgs/msg/CmdAndPoseVel.idl
[2.579s] -- Up-to-date: /home/krism01/python/ros/ros2_study/install/my_first_package_msgs/share/my_first_package_msgs/msg/CmdAndPoseVel.msg
[2.580s] -- Up-to-date: /home/krism01/python/ros/ros2_study/install/my_first_package_msgs/share/ament_index/resource_index/package_run_dependencies/my_first_package_msgs
[2.580s] -- Up-to-date: /home/krism01/python/ros/ros2_study/install/my_first_package_msgs/share/ament_index/resource_index/parent_prefix_path/my_first_package_msgs
[2.580s] -- Up-to-date: /home/krism01/python/ros/ros2_study/install/my_first_package_msgs/share/my_first_package_msgs/environment/ament_prefix_path.sh
[2.580s] -- Up-to-date: /home/krism01/python/ros/ros2_study/install/my_first_package_msgs/share/my_first_package_msgs/environment/ament_prefix_path.dsv
[2.580s] -- Up-to-date: /home/krism01/python/ros/ros2_study/install/my_first_package_msgs/share/my_first_package_msgs/environment/path.sh
[2.581s] -- Up-to-date: /home/krism01/python/ros/ros2_study/install/my_first_package_msgs/share/my_first_package_msgs/environment/path.dsv
[2.581s] -- Up-to-date: /home/krism01/python/ros/ros2_study/install/my_first_package_msgs/share/my_first_package_msgs/local_setup.bash
[2.624s] -- Up-to-date: /home/krism01/python/ros/ros2_study/install/my_first_package_msgs/share/my_first_package_msgs/local_setup.sh
[2.624s] -- Up-to-date: /home/krism01/python/ros/ros2_study/install/my_first_package_msgs/share/my_first_package_msgs/local_setup.zsh
[2.624s] -- Up-to-date: /home/krism01/python/ros/ros2_study/install/my_first_package_msgs/share/my_first_package_msgs/local_setup.dsv
[2.625s] -- Installing: /home/krism01/python/ros/ros2_study/install/my_first_package_msgs/share/my_first_package_msgs/package.dsv
[2.659s] -- Up-to-date: /home/krism01/python/ros/ros2_study/install/my_first_package_msgs/share/ament_index/resource_index/packages/my_first_package_msgs
[2.679s] -- Up-to-date: /home/krism01/python/ros/ros2_study/install/my_first_package_msgs/share/my_first_package_msgs/cmake/export_my_first_package_msgs__rosidl_generator_cExport.cmake
[2.679s] -- Up-to-date: /home/krism01/python/ros/ros2_study/install/my_first_package_msgs/share/my_first_package_msgs/cmake/export_my_first_package_msgs__rosidl_generator_cExport-noconfig.cmake
[2.679s] -- Up-to-date: /home/krism01/python/ros/ros2_study/install/my_first_package_msgs/share/my_first_package_msgs/cmake/export_my_first_package_msgs__rosidl_typesupport_fastrtps_cExport.cmake
[2.679s] -- Up-to-date: /home/krism01/python/ros/ros2_study/install/my_first_package_msgs/share/my_first_package_msgs/cmake/export_my_first_package_msgs__rosidl_typesupport_fastrtps_cExport-noconfig.cmake
[2.680s] -- Up-to-date: /home/krism01/python/ros/ros2_study/install/my_first_package_msgs/share/my_first_package_msgs/cmake/my_first_package_msgs__rosidl_typesupport_introspection_cExport.cmake
[2.680s] -- Up-to-date: /home/krism01/python/ros/ros2_study/install/my_first_package_msgs/share/my_first_package_msgs/cmake/my_first_package_msgs__rosidl_typesupport_introspection_cExport-noconfig.cmake
[2.683s] -- Up-to-date: /home/krism01/python/ros/ros2_study/install/my_first_package_msgs/share/my_first_package_msgs/cmake/my_first_package_msgs__rosidl_typesupport_cExport.cmake
[2.684s] -- Up-to-date: /home/krism01/python/ros/ros2_study/install/my_first_package_msgs/share/my_first_package_msgs/cmake/my_first_package_msgs__rosidl_typesupport_cExport-noconfig.cmake
[2.684s] -- Up-to-date: /home/krism01/python/ros/ros2_study/install/my_first_package_msgs/share/my_first_package_msgs/cmake/export_my_first_package_msgs__rosidl_generator_cppExport.cmake
[2.685s] -- Up-to-date: /home/krism01/python/ros/ros2_study/install/my_first_package_msgs/share/my_first_package_msgs/cmake/export_my_first_package_msgs__rosidl_typesupport_fastrtps_cppExport.cmake
[2.685s] -- Up-to-date: /home/krism01/python/ros/ros2_study/install/my_first_package_msgs/share/my_first_package_msgs/cmake/export_my_first_package_msgs__rosidl_typesupport_fastrtps_cppExport-noconfig.cmake
[2.685s] -- Up-to-date: /home/krism01/python/ros/ros2_study/install/my_first_package_msgs/share/my_first_package_msgs/cmake/my_first_package_msgs__rosidl_typesupport_introspection_cppExport.cmake
[2.686s] -- Up-to-date: /home/krism01/python/ros/ros2_study/install/my_first_package_msgs/share/my_first_package_msgs/cmake/my_first_package_msgs__rosidl_typesupport_introspection_cppExport-noconfig.cmake
[2.686s] -- Up-to-date: /home/krism01/python/ros/ros2_study/install/my_first_package_msgs/share/my_first_package_msgs/cmake/my_first_package_msgs__rosidl_typesupport_cppExport.cmake
[2.686s] -- Up-to-date: /home/krism01/python/ros/ros2_study/install/my_first_package_msgs/share/my_first_package_msgs/cmake/my_first_package_msgs__rosidl_typesupport_cppExport-noconfig.cmake
[2.686s] -- Up-to-date: /home/krism01/python/ros/ros2_study/install/my_first_package_msgs/share/my_first_package_msgs/cmake/export_my_first_package_msgs__rosidl_generator_pyExport.cmake
[2.687s] -- Up-to-date: /home/krism01/python/ros/ros2_study/install/my_first_package_msgs/share/my_first_package_msgs/cmake/export_my_first_package_msgs__rosidl_generator_pyExport-noconfig.cmake
[2.687s] -- Up-to-date: /home/krism01/python/ros/ros2_study/install/my_first_package_msgs/share/my_first_package_msgs/cmake/rosidl_cmake-extras.cmake
[2.688s] -- Up-to-date: /home/krism01/python/ros/ros2_study/install/my_first_package_msgs/share/my_first_package_msgs/cmake/ament_cmake_export_include_directories-extras.cmake
[2.688s] -- Up-to-date: /home/krism01/python/ros/ros2_study/install/my_first_package_msgs/share/my_first_package_msgs/cmake/ament_cmake_export_libraries-extras.cmake
[2.688s] -- Up-to-date: /home/krism01/python/ros/ros2_study/install/my_first_package_msgs/share/my_first_package_msgs/cmake/ament_cmake_export_targets-extras.cmake
[2.688s] -- Up-to-date: /home/krism01/python/ros/ros2_study/install/my_first_package_msgs/share/my_first_package_msgs/cmake/rosidl_cmake_export_typesupport_targets-extras.cmake
[2.688s] -- Up-to-date: /home/krism01/python/ros/ros2_study/install/my_first_package_msgs/share/my_first_package_msgs/cmake/ament_cmake_export_dependencies-extras.cmake
[2.688s] -- Up-to-date: /home/krism01/python/ros/ros2_study/install/my_first_package_msgs/share/my_first_package_msgs/cmake/rosidl_cmake_export_typesupport_libraries-extras.cmake
[2.688s] -- Up-to-date: /home/krism01/python/ros/ros2_study/install/my_first_package_msgs/share/my_first_package_msgs/cmake/my_first_package_msgsConfig.cmake
[2.688s] -- Up-to-date: /home/krism01/python/ros/ros2_study/install/my_first_package_msgs/share/my_first_package_msgs/cmake/my_first_package_msgsConfig-version.cmake
[2.688s] -- Up-to-date: /home/krism01/python/ros/ros2_study/install/my_first_package_msgs/share/my_first_package_msgs/package.xml
[2.709s] Invoked command in '/home/krism01/python/ros/ros2_study/build/my_first_package_msgs' returned '0': CMAKE_PREFIX_PATH=${CMAKE_PREFIX_PATH}:/home/krism01/python/ros/ros2_study/install/my_first_package:/opt/ros/humble /usr/bin/cmake --install /home/krism01/python/ros/ros2_study/build/my_first_package_msgs
