[0.175s] DEBUG:colcon:Command line arguments: ['/usr/bin/colcon', 'build']
[0.175s] DEBUG:colcon:Parsed command line arguments: Namespace(log_base=None, log_level=None, verb_name='build', build_base='build', install_base='install', merge_install=False, symlink_install=False, test_result_base=None, continue_on_error=False, executor='parallel', parallel_workers=2, event_handlers=None, ignore_user_meta=False, metas=['./colcon.meta'], base_paths=['.'], packages_ignore=None, packages_ignore_regex=None, paths=None, packages_up_to=None, packages_up_to_regex=None, packages_above=None, packages_above_and_dependencies=None, packages_above_depth=None, packages_select_by_dep=None, packages_skip_by_dep=None, packages_skip_up_to=None, packages_select_build_failed=False, packages_skip_build_finished=False, packages_select_test_failures=False, packages_skip_test_passed=False, packages_select=None, packages_skip=None, packages_select_regex=None, packages_skip_regex=None, packages_start=None, packages_end=None, allow_overriding=[], cmake_args=None, cmake_target=None, cmake_target_skip_unavailable=False, cmake_clean_cache=False, cmake_clean_first=False, cmake_force_configure=False, ament_cmake_args=None, catkin_cmake_args=None, catkin_skip_building_tests=False, verb_parser=<colcon_defaults.argument_parser.defaults.DefaultArgumentsDecorator object at 0x7f2078746a10>, verb_extension=<colcon_core.verb.build.BuildVerb object at 0x7f2078746470>, main=<bound method BuildVerb.main of <colcon_core.verb.build.BuildVerb object at 0x7f2078746470>>)
[0.284s] Level 1:colcon.colcon_core.package_discovery:discover_packages(colcon_meta) check parameters
[0.284s] Level 1:colcon.colcon_core.package_discovery:discover_packages(recursive) check parameters
[0.284s] Level 1:colcon.colcon_core.package_discovery:discover_packages(ignore) check parameters
[0.284s] Level 1:colcon.colcon_core.package_discovery:discover_packages(path) check parameters
[0.284s] Level 1:colcon.colcon_core.package_discovery:discover_packages(colcon_meta) discover
[0.284s] Level 1:colcon.colcon_core.package_discovery:discover_packages(recursive) discover
[0.284s] INFO:colcon.colcon_core.package_discovery:Crawling recursively for packages in '/home/krism01/python/ros/ros2_study'
[0.284s] Level 1:colcon.colcon_core.package_identification:_identify(.) by extensions ['ignore', 'ignore_ament_install']
[0.284s] Level 1:colcon.colcon_core.package_identification:_identify(.) by extension 'ignore'
[0.285s] Level 1:colcon.colcon_core.package_identification:_identify(.) by extension 'ignore_ament_install'
[0.285s] Level 1:colcon.colcon_core.package_identification:_identify(.) by extensions ['colcon_pkg']
[0.285s] Level 1:colcon.colcon_core.package_identification:_identify(.) by extension 'colcon_pkg'
[0.285s] Level 1:colcon.colcon_core.package_identification:_identify(.) by extensions ['colcon_meta']
[0.285s] Level 1:colcon.colcon_core.package_identification:_identify(.) by extension 'colcon_meta'
[0.285s] Level 1:colcon.colcon_core.package_identification:_identify(.) by extensions ['ros']
[0.285s] Level 1:colcon.colcon_core.package_identification:_identify(.) by extension 'ros'
[0.305s] Level 1:colcon.colcon_core.package_identification:_identify(.) by extensions ['cmake', 'python']
[0.306s] Level 1:colcon.colcon_core.package_identification:_identify(.) by extension 'cmake'
[0.306s] Level 1:colcon.colcon_core.package_identification:_identify(.) by extension 'python'
[0.306s] Level 1:colcon.colcon_core.package_identification:_identify(.) by extensions ['python_setup_py']
[0.306s] Level 1:colcon.colcon_core.package_identification:_identify(.) by extension 'python_setup_py'
[0.306s] Level 1:colcon.colcon_core.package_identification:_identify(build) by extensions ['ignore', 'ignore_ament_install']
[0.307s] Level 1:colcon.colcon_core.package_identification:_identify(build) by extension 'ignore'
[0.307s] Level 1:colcon.colcon_core.package_identification:_identify(build) ignored
[0.307s] Level 1:colcon.colcon_core.package_identification:_identify(install) by extensions ['ignore', 'ignore_ament_install']
[0.307s] Level 1:colcon.colcon_core.package_identification:_identify(install) by extension 'ignore'
[0.307s] Level 1:colcon.colcon_core.package_identification:_identify(install) ignored
[0.307s] Level 1:colcon.colcon_core.package_identification:_identify(log) by extensions ['ignore', 'ignore_ament_install']
[0.307s] Level 1:colcon.colcon_core.package_identification:_identify(log) by extension 'ignore'
[0.307s] Level 1:colcon.colcon_core.package_identification:_identify(log) ignored
[0.307s] Level 1:colcon.colcon_core.package_identification:_identify(src) by extensions ['ignore', 'ignore_ament_install']
[0.307s] Level 1:colcon.colcon_core.package_identification:_identify(src) by extension 'ignore'
[0.307s] Level 1:colcon.colcon_core.package_identification:_identify(src) by extension 'ignore_ament_install'
[0.307s] Level 1:colcon.colcon_core.package_identification:_identify(src) by extensions ['colcon_pkg']
[0.307s] Level 1:colcon.colcon_core.package_identification:_identify(src) by extension 'colcon_pkg'
[0.307s] Level 1:colcon.colcon_core.package_identification:_identify(src) by extensions ['colcon_meta']
[0.307s] Level 1:colcon.colcon_core.package_identification:_identify(src) by extension 'colcon_meta'
[0.308s] Level 1:colcon.colcon_core.package_identification:_identify(src) by extensions ['ros']
[0.308s] Level 1:colcon.colcon_core.package_identification:_identify(src) by extension 'ros'
[0.308s] Level 1:colcon.colcon_core.package_identification:_identify(src) by extensions ['cmake', 'python']
[0.308s] Level 1:colcon.colcon_core.package_identification:_identify(src) by extension 'cmake'
[0.308s] Level 1:colcon.colcon_core.package_identification:_identify(src) by extension 'python'
[0.308s] Level 1:colcon.colcon_core.package_identification:_identify(src) by extensions ['python_setup_py']
[0.308s] Level 1:colcon.colcon_core.package_identification:_identify(src) by extension 'python_setup_py'
[0.308s] Level 1:colcon.colcon_core.package_identification:_identify(src/my_first_package) by extensions ['ignore', 'ignore_ament_install']
[0.308s] Level 1:colcon.colcon_core.package_identification:_identify(src/my_first_package) by extension 'ignore'
[0.308s] Level 1:colcon.colcon_core.package_identification:_identify(src/my_first_package) by extension 'ignore_ament_install'
[0.308s] Level 1:colcon.colcon_core.package_identification:_identify(src/my_first_package) by extensions ['colcon_pkg']
[0.308s] Level 1:colcon.colcon_core.package_identification:_identify(src/my_first_package) by extension 'colcon_pkg'
[0.308s] Level 1:colcon.colcon_core.package_identification:_identify(src/my_first_package) by extensions ['colcon_meta']
[0.308s] Level 1:colcon.colcon_core.package_identification:_identify(src/my_first_package) by extension 'colcon_meta'
[0.308s] Level 1:colcon.colcon_core.package_identification:_identify(src/my_first_package) by extensions ['ros']
[0.308s] Level 1:colcon.colcon_core.package_identification:_identify(src/my_first_package) by extension 'ros'
[0.313s] DEBUG:colcon.colcon_core.package_identification:Package 'src/my_first_package' with type 'ros.ament_python' and name 'my_first_package'
[0.314s] Level 1:colcon.colcon_core.package_identification:_identify(src/my_first_package_msgs) by extensions ['ignore', 'ignore_ament_install']
[0.314s] Level 1:colcon.colcon_core.package_identification:_identify(src/my_first_package_msgs) by extension 'ignore'
[0.314s] Level 1:colcon.colcon_core.package_identification:_identify(src/my_first_package_msgs) by extension 'ignore_ament_install'
[0.314s] Level 1:colcon.colcon_core.package_identification:_identify(src/my_first_package_msgs) by extensions ['colcon_pkg']
[0.314s] Level 1:colcon.colcon_core.package_identification:_identify(src/my_first_package_msgs) by extension 'colcon_pkg'
[0.314s] Level 1:colcon.colcon_core.package_identification:_identify(src/my_first_package_msgs) by extensions ['colcon_meta']
[0.314s] Level 1:colcon.colcon_core.package_identification:_identify(src/my_first_package_msgs) by extension 'colcon_meta'
[0.314s] Level 1:colcon.colcon_core.package_identification:_identify(src/my_first_package_msgs) by extensions ['ros']
[0.314s] Level 1:colcon.colcon_core.package_identification:_identify(src/my_first_package_msgs) by extension 'ros'
[0.315s] DEBUG:colcon.colcon_core.package_identification:Package 'src/my_first_package_msgs' with type 'ros.ament_cmake' and name 'my_first_package_msgs'
[0.315s] Level 1:colcon.colcon_core.package_discovery:discover_packages(recursive) using defaults
[0.315s] Level 1:colcon.colcon_core.package_discovery:discover_packages(ignore) discover
[0.315s] Level 1:colcon.colcon_core.package_discovery:discover_packages(ignore) using defaults
[0.315s] Level 1:colcon.colcon_core.package_discovery:discover_packages(path) discover
[0.315s] Level 1:colcon.colcon_core.package_discovery:discover_packages(path) using defaults
[0.347s] Level 1:colcon.colcon_core.package_discovery:discover_packages(prefix_path) check parameters
[0.347s] Level 1:colcon.colcon_core.package_discovery:discover_packages(prefix_path) discover
[0.351s] DEBUG:colcon.colcon_installed_package_information.package_discovery:Found 2 installed packages in /home/krism01/python/ros/ros2_study/install
[0.352s] DEBUG:colcon.colcon_installed_package_information.package_discovery:Found 270 installed packages in /opt/ros/humble
[0.355s] Level 1:colcon.colcon_core.package_discovery:discover_packages(prefix_path) using defaults
[0.450s] Level 5:colcon.colcon_core.verb:set package 'my_first_package' build argument 'cmake_args' from command line to 'None'
[0.450s] Level 5:colcon.colcon_core.verb:set package 'my_first_package' build argument 'cmake_target' from command line to 'None'
[0.451s] Level 5:colcon.colcon_core.verb:set package 'my_first_package' build argument 'cmake_target_skip_unavailable' from command line to 'False'
[0.451s] Level 5:colcon.colcon_core.verb:set package 'my_first_package' build argument 'cmake_clean_cache' from command line to 'False'
[0.451s] Level 5:colcon.colcon_core.verb:set package 'my_first_package' build argument 'cmake_clean_first' from command line to 'False'
[0.451s] Level 5:colcon.colcon_core.verb:set package 'my_first_package' build argument 'cmake_force_configure' from command line to 'False'
[0.451s] Level 5:colcon.colcon_core.verb:set package 'my_first_package' build argument 'ament_cmake_args' from command line to 'None'
[0.451s] Level 5:colcon.colcon_core.verb:set package 'my_first_package' build argument 'catkin_cmake_args' from command line to 'None'
[0.451s] Level 5:colcon.colcon_core.verb:set package 'my_first_package' build argument 'catkin_skip_building_tests' from command line to 'False'
[0.451s] DEBUG:colcon.colcon_core.verb:Building package 'my_first_package' with the following arguments: {'ament_cmake_args': None, 'build_base': '/home/krism01/python/ros/ros2_study/build/my_first_package', 'catkin_cmake_args': None, 'catkin_skip_building_tests': False, 'cmake_args': None, 'cmake_clean_cache': False, 'cmake_clean_first': False, 'cmake_force_configure': False, 'cmake_target': None, 'cmake_target_skip_unavailable': False, 'install_base': '/home/krism01/python/ros/ros2_study/install/my_first_package', 'merge_install': False, 'path': '/home/krism01/python/ros/ros2_study/src/my_first_package', 'symlink_install': False, 'test_result_base': None}
[0.451s] Level 5:colcon.colcon_core.verb:set package 'my_first_package_msgs' build argument 'cmake_args' from command line to 'None'
[0.452s] Level 5:colcon.colcon_core.verb:set package 'my_first_package_msgs' build argument 'cmake_target' from command line to 'None'
[0.452s] Level 5:colcon.colcon_core.verb:set package 'my_first_package_msgs' build argument 'cmake_target_skip_unavailable' from command line to 'False'
[0.452s] Level 5:colcon.colcon_core.verb:set package 'my_first_package_msgs' build argument 'cmake_clean_cache' from command line to 'False'
[0.452s] Level 5:colcon.colcon_core.verb:set package 'my_first_package_msgs' build argument 'cmake_clean_first' from command line to 'False'
[0.452s] Level 5:colcon.colcon_core.verb:set package 'my_first_package_msgs' build argument 'cmake_force_configure' from command line to 'False'
[0.452s] Level 5:colcon.colcon_core.verb:set package 'my_first_package_msgs' build argument 'ament_cmake_args' from command line to 'None'
[0.452s] Level 5:colcon.colcon_core.verb:set package 'my_first_package_msgs' build argument 'catkin_cmake_args' from command line to 'None'
[0.452s] Level 5:colcon.colcon_core.verb:set package 'my_first_package_msgs' build argument 'catkin_skip_building_tests' from command line to 'False'
[0.452s] DEBUG:colcon.colcon_core.verb:Building package 'my_first_package_msgs' with the following arguments: {'ament_cmake_args': None, 'build_base': '/home/krism01/python/ros/ros2_study/build/my_first_package_msgs', 'catkin_cmake_args': None, 'catkin_skip_building_tests': False, 'cmake_args': None, 'cmake_clean_cache': False, 'cmake_clean_first': False, 'cmake_force_configure': False, 'cmake_target': None, 'cmake_target_skip_unavailable': False, 'install_base': '/home/krism01/python/ros/ros2_study/install/my_first_package_msgs', 'merge_install': False, 'path': '/home/krism01/python/ros/ros2_study/src/my_first_package_msgs', 'symlink_install': False, 'test_result_base': None}
[0.452s] INFO:colcon.colcon_core.executor:Executing jobs using 'parallel' executor
[0.453s] DEBUG:colcon.colcon_parallel_executor.executor.parallel:run_until_complete
[0.454s] INFO:colcon.colcon_ros.task.ament_python.build:Building ROS package in '/home/krism01/python/ros/ros2_study/src/my_first_package' with build type 'ament_python'
[0.454s] Level 1:colcon.colcon_core.shell:create_environment_hook('my_first_package', 'ament_prefix_path')
[0.459s] INFO:colcon.colcon_core.plugin_system:Skipping extension 'colcon_core.shell.bat': Not used on non-Windows systems
[0.460s] INFO:colcon.colcon_core.shell:Creating environment hook '/home/krism01/python/ros/ros2_study/install/my_first_package/share/my_first_package/hook/ament_prefix_path.ps1'
[0.461s] INFO:colcon.colcon_core.shell:Creating environment descriptor '/home/krism01/python/ros/ros2_study/install/my_first_package/share/my_first_package/hook/ament_prefix_path.dsv'
[0.462s] INFO:colcon.colcon_core.shell:Creating environment hook '/home/krism01/python/ros/ros2_study/install/my_first_package/share/my_first_package/hook/ament_prefix_path.sh'
[0.464s] INFO:colcon.colcon_core.shell:Skip shell extension 'powershell' for command environment: Not usable outside of PowerShell
[0.464s] DEBUG:colcon.colcon_core.shell:Skip shell extension 'dsv' for command environment
[0.470s] INFO:colcon.colcon_ros.task.ament_cmake.build:Building ROS package in '/home/krism01/python/ros/ros2_study/src/my_first_package_msgs' with build type 'ament_cmake'
[0.470s] INFO:colcon.colcon_cmake.task.cmake.build:Building CMake package in '/home/krism01/python/ros/ros2_study/src/my_first_package_msgs'
[0.471s] INFO:colcon.colcon_core.shell:Skip shell extension 'powershell' for command environment: Not usable outside of PowerShell
[0.471s] DEBUG:colcon.colcon_core.shell:Skip shell extension 'dsv' for command environment
[0.858s] INFO:colcon.colcon_core.task.python.build:Building Python package in '/home/krism01/python/ros/ros2_study/src/my_first_package'
[0.859s] INFO:colcon.colcon_core.shell:Skip shell extension 'powershell' for command environment: Not usable outside of PowerShell
[0.860s] DEBUG:colcon.colcon_core.shell:Skip shell extension 'dsv' for command environment
[0.910s] DEBUG:colcon.colcon_core.event_handler.log_command:Invoking command in '/home/krism01/python/ros/ros2_study/build/my_first_package_msgs': CMAKE_PREFIX_PATH=${CMAKE_PREFIX_PATH}:/home/krism01/python/ros/ros2_study/install/my_first_package:/opt/ros/humble /usr/bin/cmake --build /home/krism01/python/ros/ros2_study/build/my_first_package_msgs -- -j2 -l2
[2.913s] DEBUG:colcon.colcon_core.event_handler.log_command:Invoked command in '/home/krism01/python/ros/ros2_study/build/my_first_package_msgs' returned '0': CMAKE_PREFIX_PATH=${CMAKE_PREFIX_PATH}:/home/krism01/python/ros/ros2_study/install/my_first_package:/opt/ros/humble /usr/bin/cmake --build /home/krism01/python/ros/ros2_study/build/my_first_package_msgs -- -j2 -l2
[3.114s] DEBUG:colcon.colcon_core.event_handler.log_command:Invoking command in '/home/krism01/python/ros/ros2_study/build/my_first_package_msgs': CMAKE_PREFIX_PATH=${CMAKE_PREFIX_PATH}:/home/krism01/python/ros/ros2_study/install/my_first_package:/opt/ros/humble /usr/bin/cmake --install /home/krism01/python/ros/ros2_study/build/my_first_package_msgs
[3.336s] Level 1:colcon.colcon_core.environment:create_environment_scripts_only(my_first_package_msgs)
[3.337s] DEBUG:colcon.colcon_core.event_handler.log_command:Invoked command in '/home/krism01/python/ros/ros2_study/build/my_first_package_msgs' returned '0': CMAKE_PREFIX_PATH=${CMAKE_PREFIX_PATH}:/home/krism01/python/ros/ros2_study/install/my_first_package:/opt/ros/humble /usr/bin/cmake --install /home/krism01/python/ros/ros2_study/build/my_first_package_msgs
[3.343s] Level 1:colcon.colcon_core.environment:checking '/home/krism01/python/ros/ros2_study/install/my_first_package_msgs' for CMake module files
[3.344s] Level 1:colcon.colcon_core.environment:checking '/home/krism01/python/ros/ros2_study/install/my_first_package_msgs' for CMake config files
[3.344s] Level 1:colcon.colcon_core.shell:create_environment_hook('my_first_package_msgs', 'cmake_prefix_path')
[3.345s] INFO:colcon.colcon_core.shell:Creating environment hook '/home/krism01/python/ros/ros2_study/install/my_first_package_msgs/share/my_first_package_msgs/hook/cmake_prefix_path.ps1'
[3.345s] INFO:colcon.colcon_core.shell:Creating environment descriptor '/home/krism01/python/ros/ros2_study/install/my_first_package_msgs/share/my_first_package_msgs/hook/cmake_prefix_path.dsv'
[3.345s] INFO:colcon.colcon_core.shell:Creating environment hook '/home/krism01/python/ros/ros2_study/install/my_first_package_msgs/share/my_first_package_msgs/hook/cmake_prefix_path.sh'
[3.346s] Level 1:colcon.colcon_core.environment:checking '/home/krism01/python/ros/ros2_study/install/my_first_package_msgs/lib'
[3.346s] Level 1:colcon.colcon_core.shell:create_environment_hook('my_first_package_msgs', 'ld_library_path_lib')
[3.347s] INFO:colcon.colcon_core.shell:Creating environment hook '/home/krism01/python/ros/ros2_study/install/my_first_package_msgs/share/my_first_package_msgs/hook/ld_library_path_lib.ps1'
[3.347s] INFO:colcon.colcon_core.shell:Creating environment descriptor '/home/krism01/python/ros/ros2_study/install/my_first_package_msgs/share/my_first_package_msgs/hook/ld_library_path_lib.dsv'
[3.348s] INFO:colcon.colcon_core.shell:Creating environment hook '/home/krism01/python/ros/ros2_study/install/my_first_package_msgs/share/my_first_package_msgs/hook/ld_library_path_lib.sh'
[3.348s] Level 1:colcon.colcon_core.environment:checking '/home/krism01/python/ros/ros2_study/install/my_first_package_msgs/bin'
[3.349s] Level 1:colcon.colcon_core.environment:checking '/home/krism01/python/ros/ros2_study/install/my_first_package_msgs/lib/pkgconfig/my_first_package_msgs.pc'
[3.349s] Level 1:colcon.colcon_core.environment:checking '/home/krism01/python/ros/ros2_study/install/my_first_package_msgs/lib/python3.10/site-packages'
[3.350s] Level 1:colcon.colcon_core.environment:checking '/home/krism01/python/ros/ros2_study/install/my_first_package_msgs/bin'
[3.350s] INFO:colcon.colcon_core.shell:Creating package script '/home/krism01/python/ros/ros2_study/install/my_first_package_msgs/share/my_first_package_msgs/package.ps1'
[3.352s] INFO:colcon.colcon_core.shell:Creating package descriptor '/home/krism01/python/ros/ros2_study/install/my_first_package_msgs/share/my_first_package_msgs/package.dsv'
[3.360s] INFO:colcon.colcon_core.shell:Creating package script '/home/krism01/python/ros/ros2_study/install/my_first_package_msgs/share/my_first_package_msgs/package.sh'
[3.364s] INFO:colcon.colcon_core.shell:Creating package script '/home/krism01/python/ros/ros2_study/install/my_first_package_msgs/share/my_first_package_msgs/package.bash'
[3.396s] INFO:colcon.colcon_core.shell:Creating package script '/home/krism01/python/ros/ros2_study/install/my_first_package_msgs/share/my_first_package_msgs/package.zsh'
[3.401s] Level 1:colcon.colcon_core.environment:create_file_with_runtime_dependencies(/home/krism01/python/ros/ros2_study/install/my_first_package_msgs/share/colcon-core/packages/my_first_package_msgs)
[3.570s] DEBUG:colcon.colcon_core.event_handler.log_command:Invoking command in '/home/krism01/python/ros/ros2_study/src/my_first_package': PYTHONPATH=/home/krism01/python/ros/ros2_study/build/my_first_package/prefix_override:/home/krism01/python/ros/ros2_study/install/my_first_package/lib/python3.10/site-packages:${PYTHONPATH} /usr/bin/python3 -W ignore:setup.py install is deprecated setup.py egg_info --egg-base ../../build/my_first_package build --build-base /home/krism01/python/ros/ros2_study/build/my_first_package/build install --record /home/krism01/python/ros/ros2_study/build/my_first_package/install.log --single-version-externally-managed install_data
[3.737s] Level 1:colcon.colcon_core.environment:create_environment_scripts_only(my_first_package_msgs)
[3.738s] Level 1:colcon.colcon_core.environment:checking '/home/krism01/python/ros/ros2_study/install/my_first_package_msgs' for CMake module files
[3.739s] Level 1:colcon.colcon_core.environment:checking '/home/krism01/python/ros/ros2_study/install/my_first_package_msgs' for CMake config files
[3.739s] Level 1:colcon.colcon_core.shell:create_environment_hook('my_first_package_msgs', 'cmake_prefix_path')
[3.739s] INFO:colcon.colcon_core.shell:Creating environment hook '/home/krism01/python/ros/ros2_study/install/my_first_package_msgs/share/my_first_package_msgs/hook/cmake_prefix_path.ps1'
[3.740s] INFO:colcon.colcon_core.shell:Creating environment descriptor '/home/krism01/python/ros/ros2_study/install/my_first_package_msgs/share/my_first_package_msgs/hook/cmake_prefix_path.dsv'
[3.741s] INFO:colcon.colcon_core.shell:Creating environment hook '/home/krism01/python/ros/ros2_study/install/my_first_package_msgs/share/my_first_package_msgs/hook/cmake_prefix_path.sh'
[3.741s] Level 1:colcon.colcon_core.environment:checking '/home/krism01/python/ros/ros2_study/install/my_first_package_msgs/lib'
[3.742s] Level 1:colcon.colcon_core.shell:create_environment_hook('my_first_package_msgs', 'ld_library_path_lib')
[3.742s] INFO:colcon.colcon_core.shell:Creating environment hook '/home/krism01/python/ros/ros2_study/install/my_first_package_msgs/share/my_first_package_msgs/hook/ld_library_path_lib.ps1'
[3.742s] INFO:colcon.colcon_core.shell:Creating environment descriptor '/home/krism01/python/ros/ros2_study/install/my_first_package_msgs/share/my_first_package_msgs/hook/ld_library_path_lib.dsv'
[3.743s] INFO:colcon.colcon_core.shell:Creating environment hook '/home/krism01/python/ros/ros2_study/install/my_first_package_msgs/share/my_first_package_msgs/hook/ld_library_path_lib.sh'
[3.743s] Level 1:colcon.colcon_core.environment:checking '/home/krism01/python/ros/ros2_study/install/my_first_package_msgs/bin'
[3.743s] Level 1:colcon.colcon_core.environment:checking '/home/krism01/python/ros/ros2_study/install/my_first_package_msgs/lib/pkgconfig/my_first_package_msgs.pc'
[3.744s] Level 1:colcon.colcon_core.environment:checking '/home/krism01/python/ros/ros2_study/install/my_first_package_msgs/lib/python3.10/site-packages'
[3.744s] Level 1:colcon.colcon_core.environment:checking '/home/krism01/python/ros/ros2_study/install/my_first_package_msgs/bin'
[3.744s] INFO:colcon.colcon_core.shell:Creating package script '/home/krism01/python/ros/ros2_study/install/my_first_package_msgs/share/my_first_package_msgs/package.ps1'
[3.745s] INFO:colcon.colcon_core.shell:Creating package descriptor '/home/krism01/python/ros/ros2_study/install/my_first_package_msgs/share/my_first_package_msgs/package.dsv'
[3.745s] INFO:colcon.colcon_core.shell:Creating package script '/home/krism01/python/ros/ros2_study/install/my_first_package_msgs/share/my_first_package_msgs/package.sh'
[3.746s] INFO:colcon.colcon_core.shell:Creating package script '/home/krism01/python/ros/ros2_study/install/my_first_package_msgs/share/my_first_package_msgs/package.bash'
[3.747s] INFO:colcon.colcon_core.shell:Creating package script '/home/krism01/python/ros/ros2_study/install/my_first_package_msgs/share/my_first_package_msgs/package.zsh'
[3.747s] Level 1:colcon.colcon_core.environment:create_file_with_runtime_dependencies(/home/krism01/python/ros/ros2_study/install/my_first_package_msgs/share/colcon-core/packages/my_first_package_msgs)
[4.730s] Level 1:colcon.colcon_core.environment:checking '/home/krism01/python/ros/ros2_study/install/my_first_package' for CMake module files
[4.730s] DEBUG:colcon.colcon_core.event_handler.log_command:Invoked command in '/home/krism01/python/ros/ros2_study/src/my_first_package' returned '0': PYTHONPATH=/home/krism01/python/ros/ros2_study/build/my_first_package/prefix_override:/home/krism01/python/ros/ros2_study/install/my_first_package/lib/python3.10/site-packages:${PYTHONPATH} /usr/bin/python3 -W ignore:setup.py install is deprecated setup.py egg_info --egg-base ../../build/my_first_package build --build-base /home/krism01/python/ros/ros2_study/build/my_first_package/build install --record /home/krism01/python/ros/ros2_study/build/my_first_package/install.log --single-version-externally-managed install_data
[4.732s] Level 1:colcon.colcon_core.environment:checking '/home/krism01/python/ros/ros2_study/install/my_first_package' for CMake config files
[4.733s] Level 1:colcon.colcon_core.environment:checking '/home/krism01/python/ros/ros2_study/install/my_first_package/lib'
[4.733s] Level 1:colcon.colcon_core.environment:checking '/home/krism01/python/ros/ros2_study/install/my_first_package/bin'
[4.733s] Level 1:colcon.colcon_core.environment:checking '/home/krism01/python/ros/ros2_study/install/my_first_package/lib/pkgconfig/my_first_package.pc'
[4.733s] Level 1:colcon.colcon_core.environment:checking '/home/krism01/python/ros/ros2_study/install/my_first_package/lib/python3.10/site-packages'
[4.733s] Level 1:colcon.colcon_core.shell:create_environment_hook('my_first_package', 'pythonpath')
[4.734s] INFO:colcon.colcon_core.shell:Creating environment hook '/home/krism01/python/ros/ros2_study/install/my_first_package/share/my_first_package/hook/pythonpath.ps1'
[4.735s] INFO:colcon.colcon_core.shell:Creating environment descriptor '/home/krism01/python/ros/ros2_study/install/my_first_package/share/my_first_package/hook/pythonpath.dsv'
[4.735s] INFO:colcon.colcon_core.shell:Creating environment hook '/home/krism01/python/ros/ros2_study/install/my_first_package/share/my_first_package/hook/pythonpath.sh'
[4.736s] Level 1:colcon.colcon_core.environment:checking '/home/krism01/python/ros/ros2_study/install/my_first_package/bin'
[4.736s] Level 1:colcon.colcon_core.environment:create_environment_scripts_only(my_first_package)
[4.737s] INFO:colcon.colcon_core.shell:Creating package script '/home/krism01/python/ros/ros2_study/install/my_first_package/share/my_first_package/package.ps1'
[4.737s] INFO:colcon.colcon_core.shell:Creating package descriptor '/home/krism01/python/ros/ros2_study/install/my_first_package/share/my_first_package/package.dsv'
[4.738s] INFO:colcon.colcon_core.shell:Creating package script '/home/krism01/python/ros/ros2_study/install/my_first_package/share/my_first_package/package.sh'
[4.739s] INFO:colcon.colcon_core.shell:Creating package script '/home/krism01/python/ros/ros2_study/install/my_first_package/share/my_first_package/package.bash'
[4.740s] INFO:colcon.colcon_core.shell:Creating package script '/home/krism01/python/ros/ros2_study/install/my_first_package/share/my_first_package/package.zsh'
[4.740s] Level 1:colcon.colcon_core.environment:create_file_with_runtime_dependencies(/home/krism01/python/ros/ros2_study/install/my_first_package/share/colcon-core/packages/my_first_package)
[4.742s] DEBUG:colcon.colcon_parallel_executor.executor.parallel:closing loop
[4.742s] DEBUG:colcon.colcon_parallel_executor.executor.parallel:loop closed
[4.743s] DEBUG:colcon.colcon_parallel_executor.executor.parallel:run_until_complete finished with '0'
[4.743s] DEBUG:colcon.colcon_core.event_reactor:joining thread
[4.759s] INFO:colcon.colcon_core.plugin_system:Skipping extension 'colcon_notification.desktop_notification.terminal_notifier': Not used on non-Darwin systems
[4.760s] INFO:colcon.colcon_core.plugin_system:Skipping extension 'colcon_notification.desktop_notification.win32': Not used on non-Windows systems
[4.760s] INFO:colcon.colcon_notification.desktop_notification:Sending desktop notification using 'notify2'
[4.890s] DEBUG:colcon.colcon_core.event_reactor:joined thread
[4.890s] INFO:colcon.colcon_core.shell:Creating prefix script '/home/krism01/python/ros/ros2_study/install/local_setup.ps1'
[4.892s] INFO:colcon.colcon_core.shell:Creating prefix util module '/home/krism01/python/ros/ros2_study/install/_local_setup_util_ps1.py'
[4.894s] INFO:colcon.colcon_core.shell:Creating prefix chain script '/home/krism01/python/ros/ros2_study/install/setup.ps1'
[4.896s] INFO:colcon.colcon_core.shell:Creating prefix script '/home/krism01/python/ros/ros2_study/install/local_setup.sh'
[4.898s] INFO:colcon.colcon_core.shell:Creating prefix util module '/home/krism01/python/ros/ros2_study/install/_local_setup_util_sh.py'
[4.900s] INFO:colcon.colcon_core.shell:Creating prefix chain script '/home/krism01/python/ros/ros2_study/install/setup.sh'
[4.905s] INFO:colcon.colcon_core.shell:Creating prefix script '/home/krism01/python/ros/ros2_study/install/local_setup.bash'
[4.907s] INFO:colcon.colcon_core.shell:Creating prefix chain script '/home/krism01/python/ros/ros2_study/install/setup.bash'
[4.909s] INFO:colcon.colcon_core.shell:Creating prefix script '/home/krism01/python/ros/ros2_study/install/local_setup.zsh'
[4.923s] INFO:colcon.colcon_core.shell:Creating prefix chain script '/home/krism01/python/ros/ros2_study/install/setup.zsh'
