[1.750s] Invoking command in '/home/krism01/python/ros/ros2_study/src/my_first_package': PYTHONPATH=/home/krism01/python/ros/ros2_study/build/my_first_package/prefix_override:/home/krism01/python/ros/ros2_study/install/my_first_package/lib/python3.10/site-packages:${PYTHONPATH} /usr/bin/python3 -W ignore:setup.py install is deprecated setup.py egg_info --egg-base ../../build/my_first_package build --build-base /home/krism01/python/ros/ros2_study/build/my_first_package/build install --record /home/krism01/python/ros/ros2_study/build/my_first_package/install.log --single-version-externally-managed install_data
[2.106s] running egg_info
[2.127s] writing ../../build/my_first_package/my_first_package.egg-info/PKG-INFO
[2.130s] writing dependency_links to ../../build/my_first_package/my_first_package.egg-info/dependency_links.txt
[2.132s] writing entry points to ../../build/my_first_package/my_first_package.egg-info/entry_points.txt
[2.134s] writing requirements to ../../build/my_first_package/my_first_package.egg-info/requires.txt
[2.136s] writing top-level names to ../../build/my_first_package/my_first_package.egg-info/top_level.txt
[2.193s] reading manifest file '../../build/my_first_package/my_first_package.egg-info/SOURCES.txt'
[2.197s] writing manifest file '../../build/my_first_package/my_first_package.egg-info/SOURCES.txt'
[2.199s] running build
[2.200s] running build_py
[2.201s] copying my_first_package/240322_my_publisher.py -> /home/krism01/python/ros/ros2_study/build/my_first_package/build/lib/my_first_package
[2.203s] copying my_first_package/240322_doc_publisher.py -> /home/krism01/python/ros/ros2_study/build/my_first_package/build/lib/my_first_package
[2.205s] running install
[2.214s] running install_lib
[2.237s] running install_data
[2.238s] running install_egg_info
[2.259s] removing '/home/krism01/python/ros/ros2_study/install/my_first_package/lib/python3.10/site-packages/my_first_package-0.0.0-py3.10.egg-info' (and everything under it)
[2.266s] Copying ../../build/my_first_package/my_first_package.egg-info to /home/krism01/python/ros/ros2_study/install/my_first_package/lib/python3.10/site-packages/my_first_package-0.0.0-py3.10.egg-info
[2.269s] running install_scripts
[2.522s] Installing my_first_node script to /home/krism01/python/ros/ros2_study/install/my_first_package/lib/my_first_package
[2.525s] Installing my_subscriber script to /home/krism01/python/ros/ros2_study/install/my_first_package/lib/my_first_package
[2.527s] writing list of installed files to '/home/krism01/python/ros/ros2_study/build/my_first_package/install.log'
[2.555s] Invoked command in '/home/krism01/python/ros/ros2_study/src/my_first_package' returned '0': PYTHONPATH=/home/krism01/python/ros/ros2_study/build/my_first_package/prefix_override:/home/krism01/python/ros/ros2_study/install/my_first_package/lib/python3.10/site-packages:${PYTHONPATH} /usr/bin/python3 -W ignore:setup.py install is deprecated setup.py egg_info --egg-base ../../build/my_first_package build --build-base /home/krism01/python/ros/ros2_study/build/my_first_package/build install --record /home/krism01/python/ros/ros2_study/build/my_first_package/install.log --single-version-externally-managed install_data
