[0.024s] Invoking command in '/home/krism01/python/ros/ros2_study/build/my_first_package_msgs': CMAKE_PREFIX_PATH=/home/krism01/python/ros/ros2_study/install/my_first_package:/opt/ros/humble /usr/bin/cmake /home/krism01/python/ros/ros2_study/src/my_first_package_msgs -DCMAKE_INSTALL_PREFIX=/home/krism01/python/ros/ros2_study/install/my_first_package_msgs
[0.072s] -- Found ament_cmake: 1.3.8 (/opt/ros/humble/share/ament_cmake/cmake)
[0.343s] -- Found rosidl_default_generators: 1.2.0 (/opt/ros/humble/share/rosidl_default_generators/cmake)
[0.351s] -- Using all available rosidl_typesupport_c: rosidl_typesupport_fastrtps_c;rosidl_typesupport_introspection_c
[0.359s] -- Found rosidl_adapter: 3.1.5 (/opt/ros/humble/share/rosidl_adapter/cmake)
[0.433s] -- Using all available rosidl_typesupport_cpp: rosidl_typesupport_fastrtps_cpp;rosidl_typesupport_introspection_cpp
[0.830s] -- Found ament_cmake_ros: 0.10.0 (/opt/ros/humble/share/ament_cmake_ros/cmake)
[1.124s] -- Using all available rosidl_typesupport_c: rosidl_typesupport_fastrtps_c;rosidl_typesupport_introspection_c
[1.450s] -- Using all available rosidl_typesupport_cpp: rosidl_typesupport_fastrtps_cpp;rosidl_typesupport_introspection_cpp
[1.478s] -- Found PythonInterp: /usr/bin/python3 (found suitable version "3.10.12", minimum required is "3.6") 
[1.484s] -- Found python_cmake_module: 0.10.0 (/opt/ros/humble/share/python_cmake_module/cmake)
[1.541s] -- Found PythonLibs: /usr/lib/x86_64-linux-gnu/libpython3.10.so (found suitable version "3.10.12", minimum required is "3.5") 
[1.542s] -- Using PYTHON_EXECUTABLE: /usr/bin/python3
[1.543s] -- Using PYTHON_INCLUDE_DIRS: /usr/include/python3.10
[1.543s] -- Using PYTHON_LIBRARIES: /usr/lib/x86_64-linux-gnu/libpython3.10.so
[1.567s] -- Found PythonExtra: .so  
[1.636s] -- Found ament_lint_auto: 0.12.10 (/opt/ros/humble/share/ament_lint_auto/cmake)
[1.687s] -- Added test 'lint_cmake' to check CMake code style
[1.694s] -- Added test 'xmllint' to check XML markup files
[1.705s] -- Configuring done
[1.787s] -- Generating done
[1.795s] -- Build files have been written to: /home/krism01/python/ros/ros2_study/build/my_first_package_msgs
[1.807s] Invoked command in '/home/krism01/python/ros/ros2_study/build/my_first_package_msgs' returned '0': CMAKE_PREFIX_PATH=/home/krism01/python/ros/ros2_study/install/my_first_package:/opt/ros/humble /usr/bin/cmake /home/krism01/python/ros/ros2_study/src/my_first_package_msgs -DCMAKE_INSTALL_PREFIX=/home/krism01/python/ros/ros2_study/install/my_first_package_msgs
[1.808s] Invoking command in '/home/krism01/python/ros/ros2_study/build/my_first_package_msgs': CMAKE_PREFIX_PATH=/home/krism01/python/ros/ros2_study/install/my_first_package:/opt/ros/humble /usr/bin/cmake --build /home/krism01/python/ros/ros2_study/build/my_first_package_msgs -- -j1 -l1
[1.932s] [  3%] [34m[1mGenerating C++ code for ROS interfaces[0m
[2.353s] [  3%] Built target my_first_package_msgs__cpp
[2.377s] [  6%] [34m[1mGenerating C++ type support for eProsima Fast-RTPS[0m
[3.033s] [  9%] [32mBuilding CXX object CMakeFiles/my_first_package_msgs__rosidl_typesupport_fastrtps_cpp.dir/rosidl_typesupport_fastrtps_cpp/my_first_package_msgs/msg/detail/dds_fastrtps/cmd_and_pose_vel__type_support.cpp.o[0m
[4.741s] [ 12%] [32m[1mLinking CXX shared library libmy_first_package_msgs__rosidl_typesupport_fastrtps_cpp.so[0m
[4.875s] [ 12%] Built target my_first_package_msgs__rosidl_typesupport_fastrtps_cpp
[4.903s] [ 16%] [34m[1mGenerating C++ introspection for ROS interfaces[0m
[5.224s] [ 19%] [32mBuilding CXX object CMakeFiles/my_first_package_msgs__rosidl_typesupport_introspection_cpp.dir/rosidl_typesupport_introspection_cpp/my_first_package_msgs/msg/detail/cmd_and_pose_vel__type_support.cpp.o[0m
[5.694s] [ 22%] [32m[1mLinking CXX shared library libmy_first_package_msgs__rosidl_typesupport_introspection_cpp.so[0m
[5.760s] [ 22%] Built target my_first_package_msgs__rosidl_typesupport_introspection_cpp
[5.777s] [ 25%] [34m[1mGenerating C++ type support dispatch for ROS interfaces[0m
[6.073s] [ 29%] [32mBuilding CXX object CMakeFiles/my_first_package_msgs__rosidl_typesupport_cpp.dir/rosidl_typesupport_cpp/my_first_package_msgs/msg/cmd_and_pose_vel__type_support.cpp.o[0m
[6.383s] [ 32%] [32m[1mLinking CXX shared library libmy_first_package_msgs__rosidl_typesupport_cpp.so[0m
[6.459s] [ 32%] Built target my_first_package_msgs__rosidl_typesupport_cpp
[6.473s] [ 35%] [34m[1mGenerating C code for ROS interfaces[0m
[6.873s] [ 38%] [32mBuilding C object CMakeFiles/my_first_package_msgs__rosidl_generator_c.dir/rosidl_generator_c/my_first_package_msgs/msg/detail/cmd_and_pose_vel__functions.c.o[0m
[7.035s] [ 41%] [32m[1mLinking C shared library libmy_first_package_msgs__rosidl_generator_c.so[0m
[7.089s] [ 41%] Built target my_first_package_msgs__rosidl_generator_c
[7.115s] [ 45%] [34m[1mGenerating C type support for eProsima Fast-RTPS[0m
[7.460s] [ 48%] [32mBuilding CXX object CMakeFiles/my_first_package_msgs__rosidl_typesupport_fastrtps_c.dir/rosidl_typesupport_fastrtps_c/my_first_package_msgs/msg/detail/cmd_and_pose_vel__type_support_c.cpp.o[0m
[7.898s] [ 51%] [32m[1mLinking CXX shared library libmy_first_package_msgs__rosidl_typesupport_fastrtps_c.so[0m
[8.000s] [ 51%] Built target my_first_package_msgs__rosidl_typesupport_fastrtps_c
[8.015s] [ 54%] [34m[1mGenerating C introspection for ROS interfaces[0m
[8.481s] [ 58%] [32mBuilding C object CMakeFiles/my_first_package_msgs__rosidl_typesupport_introspection_c.dir/rosidl_typesupport_introspection_c/my_first_package_msgs/msg/detail/cmd_and_pose_vel__type_support.c.o[0m
[8.526s] [ 61%] [32m[1mLinking C shared library libmy_first_package_msgs__rosidl_typesupport_introspection_c.so[0m
[8.567s] [ 61%] Built target my_first_package_msgs__rosidl_typesupport_introspection_c
[8.593s] [ 64%] [34m[1mGenerating C type support dispatch for ROS interfaces[0m
[8.917s] [ 67%] [32mBuilding CXX object CMakeFiles/my_first_package_msgs__rosidl_typesupport_c.dir/rosidl_typesupport_c/my_first_package_msgs/msg/cmd_and_pose_vel__type_support.cpp.o[0m
[8.989s] [ 70%] [32m[1mLinking CXX shared library libmy_first_package_msgs__rosidl_typesupport_c.so[0m
[9.047s] [ 70%] Built target my_first_package_msgs__rosidl_typesupport_c
[9.074s] [ 70%] Built target my_first_package_msgs
[9.106s] [ 70%] Built target ament_cmake_python_copy_my_first_package_msgs
[9.390s] running egg_info
[9.392s] creating my_first_package_msgs.egg-info
[9.413s] writing my_first_package_msgs.egg-info/PKG-INFO
[9.414s] writing dependency_links to my_first_package_msgs.egg-info/dependency_links.txt
[9.415s] writing top-level names to my_first_package_msgs.egg-info/top_level.txt
[9.416s] writing manifest file 'my_first_package_msgs.egg-info/SOURCES.txt'
[9.492s] reading manifest file 'my_first_package_msgs.egg-info/SOURCES.txt'
[9.493s] writing manifest file 'my_first_package_msgs.egg-info/SOURCES.txt'
[9.520s] [ 70%] Built target ament_cmake_python_build_my_first_package_msgs_egg
[9.562s] [ 74%] [34m[1mGenerating Python code for ROS interfaces[0m
[10.047s] [ 74%] Built target my_first_package_msgs__py
[10.072s] [ 77%] [32mBuilding C object CMakeFiles/my_first_package_msgs__rosidl_generator_py.dir/rosidl_generator_py/my_first_package_msgs/msg/_cmd_and_pose_vel_s.c.o[0m
[10.317s] [ 80%] [32m[1mLinking C shared library rosidl_generator_py/my_first_package_msgs/libmy_first_package_msgs__rosidl_generator_py.so[0m
[10.367s] [ 80%] Built target my_first_package_msgs__rosidl_generator_py
[10.393s] [ 83%] [32mBuilding C object CMakeFiles/my_first_package_msgs__rosidl_typesupport_fastrtps_c__pyext.dir/rosidl_generator_py/my_first_package_msgs/_my_first_package_msgs_s.ep.rosidl_typesupport_fastrtps_c.c.o[0m
[10.524s] [ 87%] [32m[1mLinking C shared library rosidl_generator_py/my_first_package_msgs/my_first_package_msgs_s__rosidl_typesupport_fastrtps_c.cpython-310-x86_64-linux-gnu.so[0m
[10.575s] [ 87%] Built target my_first_package_msgs__rosidl_typesupport_fastrtps_c__pyext
[10.600s] [ 90%] [32mBuilding C object CMakeFiles/my_first_package_msgs__rosidl_typesupport_introspection_c__pyext.dir/rosidl_generator_py/my_first_package_msgs/_my_first_package_msgs_s.ep.rosidl_typesupport_introspection_c.c.o[0m
[10.709s] [ 93%] [32m[1mLinking C shared library rosidl_generator_py/my_first_package_msgs/my_first_package_msgs_s__rosidl_typesupport_introspection_c.cpython-310-x86_64-linux-gnu.so[0m
[10.818s] [ 93%] Built target my_first_package_msgs__rosidl_typesupport_introspection_c__pyext
[10.898s] [ 96%] [32mBuilding C object CMakeFiles/my_first_package_msgs__rosidl_typesupport_c__pyext.dir/rosidl_generator_py/my_first_package_msgs/_my_first_package_msgs_s.ep.rosidl_typesupport_c.c.o[0m
[11.146s] [100%] [32m[1mLinking C shared library rosidl_generator_py/my_first_package_msgs/my_first_package_msgs_s__rosidl_typesupport_c.cpython-310-x86_64-linux-gnu.so[0m
[11.230s] [100%] Built target my_first_package_msgs__rosidl_typesupport_c__pyext
[11.251s] Invoked command in '/home/krism01/python/ros/ros2_study/build/my_first_package_msgs' returned '0': CMAKE_PREFIX_PATH=/home/krism01/python/ros/ros2_study/install/my_first_package:/opt/ros/humble /usr/bin/cmake --build /home/krism01/python/ros/ros2_study/build/my_first_package_msgs -- -j1 -l1
[11.416s] Invoking command in '/home/krism01/python/ros/ros2_study/build/my_first_package_msgs': CMAKE_PREFIX_PATH=/home/krism01/python/ros/ros2_study/install/my_first_package:/opt/ros/humble /usr/bin/cmake --install /home/krism01/python/ros/ros2_study/build/my_first_package_msgs
[11.428s] -- Install configuration: ""
[11.431s] -- Installing: /home/krism01/python/ros/ros2_study/install/my_first_package_msgs/share/ament_index/resource_index/rosidl_interfaces/my_first_package_msgs
[11.433s] -- Installing: /home/krism01/python/ros/ros2_study/install/my_first_package_msgs/include/my_first_package_msgs/my_first_package_msgs
[11.434s] -- Installing: /home/krism01/python/ros/ros2_study/install/my_first_package_msgs/include/my_first_package_msgs/my_first_package_msgs/msg
[11.434s] -- Installing: /home/krism01/python/ros/ros2_study/install/my_first_package_msgs/include/my_first_package_msgs/my_first_package_msgs/msg/cmd_and_pose_vel.h
[11.436s] -- Installing: /home/krism01/python/ros/ros2_study/install/my_first_package_msgs/include/my_first_package_msgs/my_first_package_msgs/msg/detail
[11.436s] -- Installing: /home/krism01/python/ros/ros2_study/install/my_first_package_msgs/include/my_first_package_msgs/my_first_package_msgs/msg/detail/cmd_and_pose_vel__functions.c
[11.437s] -- Installing: /home/krism01/python/ros/ros2_study/install/my_first_package_msgs/include/my_first_package_msgs/my_first_package_msgs/msg/detail/cmd_and_pose_vel__type_support.h
[11.437s] -- Installing: /home/krism01/python/ros/ros2_study/install/my_first_package_msgs/include/my_first_package_msgs/my_first_package_msgs/msg/detail/cmd_and_pose_vel__functions.h
[11.437s] -- Installing: /home/krism01/python/ros/ros2_study/install/my_first_package_msgs/include/my_first_package_msgs/my_first_package_msgs/msg/detail/cmd_and_pose_vel__struct.h
[11.437s] -- Installing: /home/krism01/python/ros/ros2_study/install/my_first_package_msgs/include/my_first_package_msgs/my_first_package_msgs/msg/rosidl_generator_c__visibility_control.h
[11.442s] -- Installing: /home/krism01/python/ros/ros2_study/install/my_first_package_msgs/share/my_first_package_msgs/environment/library_path.sh
[11.442s] -- Installing: /home/krism01/python/ros/ros2_study/install/my_first_package_msgs/share/my_first_package_msgs/environment/library_path.dsv
[11.442s] -- Installing: /home/krism01/python/ros/ros2_study/install/my_first_package_msgs/lib/libmy_first_package_msgs__rosidl_generator_c.so
[11.443s] -- Set runtime path of "/home/krism01/python/ros/ros2_study/install/my_first_package_msgs/lib/libmy_first_package_msgs__rosidl_generator_c.so" to ""
[11.443s] -- Up-to-date: /home/krism01/python/ros/ros2_study/install/my_first_package_msgs/include/my_first_package_msgs/my_first_package_msgs
[11.443s] -- Up-to-date: /home/krism01/python/ros/ros2_study/install/my_first_package_msgs/include/my_first_package_msgs/my_first_package_msgs/msg
[11.443s] -- Up-to-date: /home/krism01/python/ros/ros2_study/install/my_first_package_msgs/include/my_first_package_msgs/my_first_package_msgs/msg/detail
[11.444s] -- Installing: /home/krism01/python/ros/ros2_study/install/my_first_package_msgs/include/my_first_package_msgs/my_first_package_msgs/msg/detail/cmd_and_pose_vel__rosidl_typesupport_fastrtps_c.h
[11.444s] -- Installing: /home/krism01/python/ros/ros2_study/install/my_first_package_msgs/include/my_first_package_msgs/my_first_package_msgs/msg/rosidl_typesupport_fastrtps_c__visibility_control.h
[11.444s] -- Installing: /home/krism01/python/ros/ros2_study/install/my_first_package_msgs/lib/libmy_first_package_msgs__rosidl_typesupport_fastrtps_c.so
[11.445s] -- Set runtime path of "/home/krism01/python/ros/ros2_study/install/my_first_package_msgs/lib/libmy_first_package_msgs__rosidl_typesupport_fastrtps_c.so" to ""
[11.445s] -- Up-to-date: /home/krism01/python/ros/ros2_study/install/my_first_package_msgs/include/my_first_package_msgs/my_first_package_msgs
[11.445s] -- Up-to-date: /home/krism01/python/ros/ros2_study/install/my_first_package_msgs/include/my_first_package_msgs/my_first_package_msgs/msg
[11.445s] -- Up-to-date: /home/krism01/python/ros/ros2_study/install/my_first_package_msgs/include/my_first_package_msgs/my_first_package_msgs/msg/detail
[11.446s] -- Installing: /home/krism01/python/ros/ros2_study/install/my_first_package_msgs/include/my_first_package_msgs/my_first_package_msgs/msg/detail/cmd_and_pose_vel__rosidl_typesupport_introspection_c.h
[11.453s] -- Installing: /home/krism01/python/ros/ros2_study/install/my_first_package_msgs/include/my_first_package_msgs/my_first_package_msgs/msg/detail/cmd_and_pose_vel__type_support.c
[11.453s] -- Installing: /home/krism01/python/ros/ros2_study/install/my_first_package_msgs/include/my_first_package_msgs/my_first_package_msgs/msg/rosidl_typesupport_introspection_c__visibility_control.h
[11.453s] -- Installing: /home/krism01/python/ros/ros2_study/install/my_first_package_msgs/lib/libmy_first_package_msgs__rosidl_typesupport_introspection_c.so
[11.454s] -- Set runtime path of "/home/krism01/python/ros/ros2_study/install/my_first_package_msgs/lib/libmy_first_package_msgs__rosidl_typesupport_introspection_c.so" to ""
[11.454s] -- Installing: /home/krism01/python/ros/ros2_study/install/my_first_package_msgs/lib/libmy_first_package_msgs__rosidl_typesupport_c.so
[11.454s] -- Set runtime path of "/home/krism01/python/ros/ros2_study/install/my_first_package_msgs/lib/libmy_first_package_msgs__rosidl_typesupport_c.so" to ""
[11.455s] -- Up-to-date: /home/krism01/python/ros/ros2_study/install/my_first_package_msgs/include/my_first_package_msgs/my_first_package_msgs
[11.455s] -- Up-to-date: /home/krism01/python/ros/ros2_study/install/my_first_package_msgs/include/my_first_package_msgs/my_first_package_msgs/msg
[11.455s] -- Up-to-date: /home/krism01/python/ros/ros2_study/install/my_first_package_msgs/include/my_first_package_msgs/my_first_package_msgs/msg/detail
[11.455s] -- Installing: /home/krism01/python/ros/ros2_study/install/my_first_package_msgs/include/my_first_package_msgs/my_first_package_msgs/msg/detail/cmd_and_pose_vel__builder.hpp
[11.455s] -- Installing: /home/krism01/python/ros/ros2_study/install/my_first_package_msgs/include/my_first_package_msgs/my_first_package_msgs/msg/detail/cmd_and_pose_vel__struct.hpp
[11.456s] -- Installing: /home/krism01/python/ros/ros2_study/install/my_first_package_msgs/include/my_first_package_msgs/my_first_package_msgs/msg/detail/cmd_and_pose_vel__traits.hpp
[11.456s] -- Installing: /home/krism01/python/ros/ros2_study/install/my_first_package_msgs/include/my_first_package_msgs/my_first_package_msgs/msg/cmd_and_pose_vel.hpp
[11.456s] -- Up-to-date: /home/krism01/python/ros/ros2_study/install/my_first_package_msgs/include/my_first_package_msgs/my_first_package_msgs
[11.456s] -- Up-to-date: /home/krism01/python/ros/ros2_study/install/my_first_package_msgs/include/my_first_package_msgs/my_first_package_msgs/msg
[11.457s] -- Up-to-date: /home/krism01/python/ros/ros2_study/install/my_first_package_msgs/include/my_first_package_msgs/my_first_package_msgs/msg/detail
[11.457s] -- Installing: /home/krism01/python/ros/ros2_study/install/my_first_package_msgs/include/my_first_package_msgs/my_first_package_msgs/msg/detail/dds_fastrtps
[11.457s] -- Installing: /home/krism01/python/ros/ros2_study/install/my_first_package_msgs/include/my_first_package_msgs/my_first_package_msgs/msg/detail/cmd_and_pose_vel__rosidl_typesupport_fastrtps_cpp.hpp
[11.457s] -- Installing: /home/krism01/python/ros/ros2_study/install/my_first_package_msgs/include/my_first_package_msgs/my_first_package_msgs/msg/rosidl_typesupport_fastrtps_cpp__visibility_control.h
[11.457s] -- Installing: /home/krism01/python/ros/ros2_study/install/my_first_package_msgs/lib/libmy_first_package_msgs__rosidl_typesupport_fastrtps_cpp.so
[11.458s] -- Set runtime path of "/home/krism01/python/ros/ros2_study/install/my_first_package_msgs/lib/libmy_first_package_msgs__rosidl_typesupport_fastrtps_cpp.so" to ""
[11.458s] -- Up-to-date: /home/krism01/python/ros/ros2_study/install/my_first_package_msgs/include/my_first_package_msgs/my_first_package_msgs
[11.458s] -- Up-to-date: /home/krism01/python/ros/ros2_study/install/my_first_package_msgs/include/my_first_package_msgs/my_first_package_msgs/msg
[11.458s] -- Up-to-date: /home/krism01/python/ros/ros2_study/install/my_first_package_msgs/include/my_first_package_msgs/my_first_package_msgs/msg/detail
[11.459s] -- Installing: /home/krism01/python/ros/ros2_study/install/my_first_package_msgs/include/my_first_package_msgs/my_first_package_msgs/msg/detail/cmd_and_pose_vel__rosidl_typesupport_introspection_cpp.hpp
[11.459s] -- Installing: /home/krism01/python/ros/ros2_study/install/my_first_package_msgs/include/my_first_package_msgs/my_first_package_msgs/msg/detail/cmd_and_pose_vel__type_support.cpp
[11.459s] -- Installing: /home/krism01/python/ros/ros2_study/install/my_first_package_msgs/lib/libmy_first_package_msgs__rosidl_typesupport_introspection_cpp.so
[11.460s] -- Set runtime path of "/home/krism01/python/ros/ros2_study/install/my_first_package_msgs/lib/libmy_first_package_msgs__rosidl_typesupport_introspection_cpp.so" to ""
[11.473s] -- Installing: /home/krism01/python/ros/ros2_study/install/my_first_package_msgs/lib/libmy_first_package_msgs__rosidl_typesupport_cpp.so
[11.474s] -- Set runtime path of "/home/krism01/python/ros/ros2_study/install/my_first_package_msgs/lib/libmy_first_package_msgs__rosidl_typesupport_cpp.so" to ""
[11.474s] -- Installing: /home/krism01/python/ros/ros2_study/install/my_first_package_msgs/share/my_first_package_msgs/environment/pythonpath.sh
[11.474s] -- Installing: /home/krism01/python/ros/ros2_study/install/my_first_package_msgs/share/my_first_package_msgs/environment/pythonpath.dsv
[11.474s] -- Installing: /home/krism01/python/ros/ros2_study/install/my_first_package_msgs/local/lib/python3.10/dist-packages/my_first_package_msgs-0.0.0-py3.10.egg-info
[11.475s] -- Installing: /home/krism01/python/ros/ros2_study/install/my_first_package_msgs/local/lib/python3.10/dist-packages/my_first_package_msgs-0.0.0-py3.10.egg-info/dependency_links.txt
[11.475s] -- Installing: /home/krism01/python/ros/ros2_study/install/my_first_package_msgs/local/lib/python3.10/dist-packages/my_first_package_msgs-0.0.0-py3.10.egg-info/PKG-INFO
[11.475s] -- Installing: /home/krism01/python/ros/ros2_study/install/my_first_package_msgs/local/lib/python3.10/dist-packages/my_first_package_msgs-0.0.0-py3.10.egg-info/top_level.txt
[11.475s] -- Installing: /home/krism01/python/ros/ros2_study/install/my_first_package_msgs/local/lib/python3.10/dist-packages/my_first_package_msgs-0.0.0-py3.10.egg-info/SOURCES.txt
[11.476s] -- Installing: /home/krism01/python/ros/ros2_study/install/my_first_package_msgs/local/lib/python3.10/dist-packages/my_first_package_msgs
[11.476s] -- Installing: /home/krism01/python/ros/ros2_study/install/my_first_package_msgs/local/lib/python3.10/dist-packages/my_first_package_msgs/my_first_package_msgs_s__rosidl_typesupport_fastrtps_c.cpython-310-x86_64-linux-gnu.so
[11.483s] -- Installing: /home/krism01/python/ros/ros2_study/install/my_first_package_msgs/local/lib/python3.10/dist-packages/my_first_package_msgs/_my_first_package_msgs_s.ep.rosidl_typesupport_c.c
[11.483s] -- Installing: /home/krism01/python/ros/ros2_study/install/my_first_package_msgs/local/lib/python3.10/dist-packages/my_first_package_msgs/my_first_package_msgs_s__rosidl_typesupport_introspection_c.cpython-310-x86_64-linux-gnu.so
[11.483s] -- Installing: /home/krism01/python/ros/ros2_study/install/my_first_package_msgs/local/lib/python3.10/dist-packages/my_first_package_msgs/__init__.py
[11.484s] -- Installing: /home/krism01/python/ros/ros2_study/install/my_first_package_msgs/local/lib/python3.10/dist-packages/my_first_package_msgs/libmy_first_package_msgs__rosidl_generator_py.so
[11.484s] -- Installing: /home/krism01/python/ros/ros2_study/install/my_first_package_msgs/local/lib/python3.10/dist-packages/my_first_package_msgs/msg
[11.484s] -- Installing: /home/krism01/python/ros/ros2_study/install/my_first_package_msgs/local/lib/python3.10/dist-packages/my_first_package_msgs/msg/_cmd_and_pose_vel.py
[11.484s] -- Installing: /home/krism01/python/ros/ros2_study/install/my_first_package_msgs/local/lib/python3.10/dist-packages/my_first_package_msgs/msg/__init__.py
[11.485s] -- Installing: /home/krism01/python/ros/ros2_study/install/my_first_package_msgs/local/lib/python3.10/dist-packages/my_first_package_msgs/msg/_cmd_and_pose_vel_s.c
[11.485s] -- Installing: /home/krism01/python/ros/ros2_study/install/my_first_package_msgs/local/lib/python3.10/dist-packages/my_first_package_msgs/my_first_package_msgs_s__rosidl_typesupport_c.cpython-310-x86_64-linux-gnu.so
[11.485s] -- Installing: /home/krism01/python/ros/ros2_study/install/my_first_package_msgs/local/lib/python3.10/dist-packages/my_first_package_msgs/_my_first_package_msgs_s.ep.rosidl_typesupport_introspection_c.c
[11.485s] -- Installing: /home/krism01/python/ros/ros2_study/install/my_first_package_msgs/local/lib/python3.10/dist-packages/my_first_package_msgs/_my_first_package_msgs_s.ep.rosidl_typesupport_fastrtps_c.c
[11.562s] Listing '/home/krism01/python/ros/ros2_study/install/my_first_package_msgs/local/lib/python3.10/dist-packages/my_first_package_msgs'...
[11.562s] Compiling '/home/krism01/python/ros/ros2_study/install/my_first_package_msgs/local/lib/python3.10/dist-packages/my_first_package_msgs/__init__.py'...
[11.562s] Listing '/home/krism01/python/ros/ros2_study/install/my_first_package_msgs/local/lib/python3.10/dist-packages/my_first_package_msgs/msg'...
[11.562s] Compiling '/home/krism01/python/ros/ros2_study/install/my_first_package_msgs/local/lib/python3.10/dist-packages/my_first_package_msgs/msg/__init__.py'...
[11.563s] Compiling '/home/krism01/python/ros/ros2_study/install/my_first_package_msgs/local/lib/python3.10/dist-packages/my_first_package_msgs/msg/_cmd_and_pose_vel.py'...
[11.570s] -- Installing: /home/krism01/python/ros/ros2_study/install/my_first_package_msgs/local/lib/python3.10/dist-packages/my_first_package_msgs/my_first_package_msgs_s__rosidl_typesupport_fastrtps_c.cpython-310-x86_64-linux-gnu.so
[11.571s] -- Set runtime path of "/home/krism01/python/ros/ros2_study/install/my_first_package_msgs/local/lib/python3.10/dist-packages/my_first_package_msgs/my_first_package_msgs_s__rosidl_typesupport_fastrtps_c.cpython-310-x86_64-linux-gnu.so" to ""
[11.571s] -- Installing: /home/krism01/python/ros/ros2_study/install/my_first_package_msgs/local/lib/python3.10/dist-packages/my_first_package_msgs/my_first_package_msgs_s__rosidl_typesupport_introspection_c.cpython-310-x86_64-linux-gnu.so
[11.571s] -- Set runtime path of "/home/krism01/python/ros/ros2_study/install/my_first_package_msgs/local/lib/python3.10/dist-packages/my_first_package_msgs/my_first_package_msgs_s__rosidl_typesupport_introspection_c.cpython-310-x86_64-linux-gnu.so" to ""
[11.572s] -- Installing: /home/krism01/python/ros/ros2_study/install/my_first_package_msgs/local/lib/python3.10/dist-packages/my_first_package_msgs/my_first_package_msgs_s__rosidl_typesupport_c.cpython-310-x86_64-linux-gnu.so
[11.573s] -- Set runtime path of "/home/krism01/python/ros/ros2_study/install/my_first_package_msgs/local/lib/python3.10/dist-packages/my_first_package_msgs/my_first_package_msgs_s__rosidl_typesupport_c.cpython-310-x86_64-linux-gnu.so" to ""
[11.573s] -- Installing: /home/krism01/python/ros/ros2_study/install/my_first_package_msgs/lib/libmy_first_package_msgs__rosidl_generator_py.so
[11.579s] -- Set runtime path of "/home/krism01/python/ros/ros2_study/install/my_first_package_msgs/lib/libmy_first_package_msgs__rosidl_generator_py.so" to ""
[11.579s] -- Installing: /home/krism01/python/ros/ros2_study/install/my_first_package_msgs/share/my_first_package_msgs/msg/CmdAndPoseVel.idl
[11.579s] -- Installing: /home/krism01/python/ros/ros2_study/install/my_first_package_msgs/share/my_first_package_msgs/msg/CmdAndPoseVel.msg
[11.580s] -- Installing: /home/krism01/python/ros/ros2_study/install/my_first_package_msgs/share/ament_index/resource_index/package_run_dependencies/my_first_package_msgs
[11.580s] -- Installing: /home/krism01/python/ros/ros2_study/install/my_first_package_msgs/share/ament_index/resource_index/parent_prefix_path/my_first_package_msgs
[11.580s] -- Installing: /home/krism01/python/ros/ros2_study/install/my_first_package_msgs/share/my_first_package_msgs/environment/ament_prefix_path.sh
[11.581s] -- Installing: /home/krism01/python/ros/ros2_study/install/my_first_package_msgs/share/my_first_package_msgs/environment/ament_prefix_path.dsv
[11.581s] -- Installing: /home/krism01/python/ros/ros2_study/install/my_first_package_msgs/share/my_first_package_msgs/environment/path.sh
[11.581s] -- Installing: /home/krism01/python/ros/ros2_study/install/my_first_package_msgs/share/my_first_package_msgs/environment/path.dsv
[11.581s] -- Installing: /home/krism01/python/ros/ros2_study/install/my_first_package_msgs/share/my_first_package_msgs/local_setup.bash
[11.582s] -- Installing: /home/krism01/python/ros/ros2_study/install/my_first_package_msgs/share/my_first_package_msgs/local_setup.sh
[11.582s] -- Installing: /home/krism01/python/ros/ros2_study/install/my_first_package_msgs/share/my_first_package_msgs/local_setup.zsh
[11.593s] -- Installing: /home/krism01/python/ros/ros2_study/install/my_first_package_msgs/share/my_first_package_msgs/local_setup.dsv
[11.594s] -- Installing: /home/krism01/python/ros/ros2_study/install/my_first_package_msgs/share/my_first_package_msgs/package.dsv
[11.594s] -- Installing: /home/krism01/python/ros/ros2_study/install/my_first_package_msgs/share/ament_index/resource_index/packages/my_first_package_msgs
[11.594s] -- Installing: /home/krism01/python/ros/ros2_study/install/my_first_package_msgs/share/my_first_package_msgs/cmake/export_my_first_package_msgs__rosidl_generator_cExport.cmake
[11.595s] -- Installing: /home/krism01/python/ros/ros2_study/install/my_first_package_msgs/share/my_first_package_msgs/cmake/export_my_first_package_msgs__rosidl_generator_cExport-noconfig.cmake
[11.595s] -- Installing: /home/krism01/python/ros/ros2_study/install/my_first_package_msgs/share/my_first_package_msgs/cmake/export_my_first_package_msgs__rosidl_typesupport_fastrtps_cExport.cmake
[11.596s] -- Installing: /home/krism01/python/ros/ros2_study/install/my_first_package_msgs/share/my_first_package_msgs/cmake/export_my_first_package_msgs__rosidl_typesupport_fastrtps_cExport-noconfig.cmake
[11.597s] -- Installing: /home/krism01/python/ros/ros2_study/install/my_first_package_msgs/share/my_first_package_msgs/cmake/my_first_package_msgs__rosidl_typesupport_introspection_cExport.cmake
[11.597s] -- Installing: /home/krism01/python/ros/ros2_study/install/my_first_package_msgs/share/my_first_package_msgs/cmake/my_first_package_msgs__rosidl_typesupport_introspection_cExport-noconfig.cmake
[11.597s] -- Installing: /home/krism01/python/ros/ros2_study/install/my_first_package_msgs/share/my_first_package_msgs/cmake/my_first_package_msgs__rosidl_typesupport_cExport.cmake
[11.599s] -- Installing: /home/krism01/python/ros/ros2_study/install/my_first_package_msgs/share/my_first_package_msgs/cmake/my_first_package_msgs__rosidl_typesupport_cExport-noconfig.cmake
[11.599s] -- Installing: /home/krism01/python/ros/ros2_study/install/my_first_package_msgs/share/my_first_package_msgs/cmake/export_my_first_package_msgs__rosidl_generator_cppExport.cmake
[11.600s] -- Installing: /home/krism01/python/ros/ros2_study/install/my_first_package_msgs/share/my_first_package_msgs/cmake/export_my_first_package_msgs__rosidl_typesupport_fastrtps_cppExport.cmake
[11.600s] -- Installing: /home/krism01/python/ros/ros2_study/install/my_first_package_msgs/share/my_first_package_msgs/cmake/export_my_first_package_msgs__rosidl_typesupport_fastrtps_cppExport-noconfig.cmake
[11.603s] -- Installing: /home/krism01/python/ros/ros2_study/install/my_first_package_msgs/share/my_first_package_msgs/cmake/my_first_package_msgs__rosidl_typesupport_introspection_cppExport.cmake
[11.603s] -- Installing: /home/krism01/python/ros/ros2_study/install/my_first_package_msgs/share/my_first_package_msgs/cmake/my_first_package_msgs__rosidl_typesupport_introspection_cppExport-noconfig.cmake
[11.604s] -- Installing: /home/krism01/python/ros/ros2_study/install/my_first_package_msgs/share/my_first_package_msgs/cmake/my_first_package_msgs__rosidl_typesupport_cppExport.cmake
[11.604s] -- Installing: /home/krism01/python/ros/ros2_study/install/my_first_package_msgs/share/my_first_package_msgs/cmake/my_first_package_msgs__rosidl_typesupport_cppExport-noconfig.cmake
[11.604s] -- Installing: /home/krism01/python/ros/ros2_study/install/my_first_package_msgs/share/my_first_package_msgs/cmake/export_my_first_package_msgs__rosidl_generator_pyExport.cmake
[11.605s] -- Installing: /home/krism01/python/ros/ros2_study/install/my_first_package_msgs/share/my_first_package_msgs/cmake/export_my_first_package_msgs__rosidl_generator_pyExport-noconfig.cmake
[11.605s] -- Installing: /home/krism01/python/ros/ros2_study/install/my_first_package_msgs/share/my_first_package_msgs/cmake/rosidl_cmake-extras.cmake
[11.605s] -- Installing: /home/krism01/python/ros/ros2_study/install/my_first_package_msgs/share/my_first_package_msgs/cmake/ament_cmake_export_include_directories-extras.cmake
[11.605s] -- Installing: /home/krism01/python/ros/ros2_study/install/my_first_package_msgs/share/my_first_package_msgs/cmake/ament_cmake_export_libraries-extras.cmake
[11.606s] -- Installing: /home/krism01/python/ros/ros2_study/install/my_first_package_msgs/share/my_first_package_msgs/cmake/ament_cmake_export_targets-extras.cmake
[11.613s] -- Installing: /home/krism01/python/ros/ros2_study/install/my_first_package_msgs/share/my_first_package_msgs/cmake/rosidl_cmake_export_typesupport_targets-extras.cmake
[11.613s] -- Installing: /home/krism01/python/ros/ros2_study/install/my_first_package_msgs/share/my_first_package_msgs/cmake/ament_cmake_export_dependencies-extras.cmake
[11.614s] -- Installing: /home/krism01/python/ros/ros2_study/install/my_first_package_msgs/share/my_first_package_msgs/cmake/rosidl_cmake_export_typesupport_libraries-extras.cmake
[11.614s] -- Installing: /home/krism01/python/ros/ros2_study/install/my_first_package_msgs/share/my_first_package_msgs/cmake/my_first_package_msgsConfig.cmake
[11.614s] -- Installing: /home/krism01/python/ros/ros2_study/install/my_first_package_msgs/share/my_first_package_msgs/cmake/my_first_package_msgsConfig-version.cmake
[11.615s] -- Installing: /home/krism01/python/ros/ros2_study/install/my_first_package_msgs/share/my_first_package_msgs/package.xml
[11.634s] Invoked command in '/home/krism01/python/ros/ros2_study/build/my_first_package_msgs' returned '0': CMAKE_PREFIX_PATH=/home/krism01/python/ros/ros2_study/install/my_first_package:/opt/ros/humble /usr/bin/cmake --install /home/krism01/python/ros/ros2_study/build/my_first_package_msgs
