/home/krism01/python/ros/ros2_study/install/my_first_package/lib/python3.10/site-packages/my_first_package/my_subscriber.py
/home/krism01/python/ros/ros2_study/install/my_first_package/lib/python3.10/site-packages/my_first_package/turtle_cmd_and_pose.py
/home/krism01/python/ros/ros2_study/install/my_first_package/lib/python3.10/site-packages/my_first_package/__init__.py
/home/krism01/python/ros/ros2_study/install/my_first_package/lib/python3.10/site-packages/my_first_package/my_first_node.py
/home/krism01/python/ros/ros2_study/install/my_first_package/lib/python3.10/site-packages/my_first_package/240322_my_publisher.py
/home/krism01/python/ros/ros2_study/install/my_first_package/lib/python3.10/site-packages/my_first_package/240322_doc_publisher.py
/home/krism01/python/ros/ros2_study/install/my_first_package/lib/python3.10/site-packages/my_first_package/__pycache__/my_subscriber.cpython-310.pyc
/home/krism01/python/ros/ros2_study/install/my_first_package/lib/python3.10/site-packages/my_first_package/__pycache__/turtle_cmd_and_pose.cpython-310.pyc
/home/krism01/python/ros/ros2_study/install/my_first_package/lib/python3.10/site-packages/my_first_package/__pycache__/__init__.cpython-310.pyc
/home/krism01/python/ros/ros2_study/install/my_first_package/lib/python3.10/site-packages/my_first_package/__pycache__/my_first_node.cpython-310.pyc
/home/krism01/python/ros/ros2_study/install/my_first_package/lib/python3.10/site-packages/my_first_package/__pycache__/240322_my_publisher.cpython-310.pyc
/home/krism01/python/ros/ros2_study/install/my_first_package/lib/python3.10/site-packages/my_first_package/__pycache__/240322_doc_publisher.cpython-310.pyc
/home/krism01/python/ros/ros2_study/install/my_first_package/share/ament_index/resource_index/packages/my_first_package
/home/krism01/python/ros/ros2_study/install/my_first_package/share/my_first_package/package.xml
/home/krism01/python/ros/ros2_study/install/my_first_package/lib/python3.10/site-packages/my_first_package-0.0.0-py3.10.egg-info/zip-safe
/home/krism01/python/ros/ros2_study/install/my_first_package/lib/python3.10/site-packages/my_first_package-0.0.0-py3.10.egg-info/dependency_links.txt
/home/krism01/python/ros/ros2_study/install/my_first_package/lib/python3.10/site-packages/my_first_package-0.0.0-py3.10.egg-info/PKG-INFO
/home/krism01/python/ros/ros2_study/install/my_first_package/lib/python3.10/site-packages/my_first_package-0.0.0-py3.10.egg-info/requires.txt
/home/krism01/python/ros/ros2_study/install/my_first_package/lib/python3.10/site-packages/my_first_package-0.0.0-py3.10.egg-info/top_level.txt
/home/krism01/python/ros/ros2_study/install/my_first_package/lib/python3.10/site-packages/my_first_package-0.0.0-py3.10.egg-info/entry_points.txt
/home/krism01/python/ros/ros2_study/install/my_first_package/lib/python3.10/site-packages/my_first_package-0.0.0-py3.10.egg-info/SOURCES.txt
/home/krism01/python/ros/ros2_study/install/my_first_package/lib/my_first_package/240322_my_publisher
/home/krism01/python/ros/ros2_study/install/my_first_package/lib/my_first_package/my_first_node
/home/krism01/python/ros/ros2_study/install/my_first_package/lib/my_first_package/my_subscriber
/home/krism01/python/ros/ros2_study/install/my_first_package/lib/my_first_package/turtle_cmd_and_pose
