[1.491s] Invoking command in '/home/krism01/python/ros/ros2_study/src/my_first_package': PYTHONPATH=/home/krism01/python/ros/ros2_study/build/my_first_package/prefix_override:/home/krism01/python/ros/ros2_study/install/my_first_package/lib/python3.10/site-packages:${PYTHONPATH} /usr/bin/python3 -W ignore:setup.py install is deprecated setup.py egg_info --egg-base ../../build/my_first_package build --build-base /home/krism01/python/ros/ros2_study/build/my_first_package/build install --record /home/krism01/python/ros/ros2_study/build/my_first_package/install.log --single-version-externally-managed install_data
[2.020s] running egg_info
[2.043s] writing ../../build/my_first_package/my_first_package.egg-info/PKG-INFO
[2.044s] writing dependency_links to ../../build/my_first_package/my_first_package.egg-info/dependency_links.txt
[2.044s] writing entry points to ../../build/my_first_package/my_first_package.egg-info/entry_points.txt
[2.045s] writing requirements to ../../build/my_first_package/my_first_package.egg-info/requires.txt
[2.045s] writing top-level names to ../../build/my_first_package/my_first_package.egg-info/top_level.txt
[2.105s] reading manifest file '../../build/my_first_package/my_first_package.egg-info/SOURCES.txt'
[2.106s] writing manifest file '../../build/my_first_package/my_first_package.egg-info/SOURCES.txt'
[2.110s] running build
[2.110s] running build_py
[2.110s] copying my_first_package/turtle_cmd_and_pose.py -> /home/krism01/python/ros/ros2_study/build/my_first_package/build/lib/my_first_package
[2.110s] copying my_first_package/my_publisher.py -> /home/krism01/python/ros/ros2_study/build/my_first_package/build/lib/my_first_package
[2.111s] copying my_first_package/240322_doc_publisher.py -> /home/krism01/python/ros/ros2_study/build/my_first_package/build/lib/my_first_package
[2.111s] running install
[2.117s] running install_lib
[2.141s] copying /home/krism01/python/ros/ros2_study/build/my_first_package/build/lib/my_first_package/turtle_cmd_and_pose.py -> /home/krism01/python/ros/ros2_study/install/my_first_package/lib/python3.10/site-packages/my_first_package
[2.142s] byte-compiling /home/krism01/python/ros/ros2_study/install/my_first_package/lib/python3.10/site-packages/my_first_package/turtle_cmd_and_pose.py to turtle_cmd_and_pose.cpython-310.pyc
[2.143s] running install_data
[2.143s] running install_egg_info
[2.165s] removing '/home/krism01/python/ros/ros2_study/install/my_first_package/lib/python3.10/site-packages/my_first_package-0.0.0-py3.10.egg-info' (and everything under it)
[2.166s] Copying ../../build/my_first_package/my_first_package.egg-info to /home/krism01/python/ros/ros2_study/install/my_first_package/lib/python3.10/site-packages/my_first_package-0.0.0-py3.10.egg-info
[2.167s] running install_scripts
[2.368s] Installing my_first_node script to /home/krism01/python/ros/ros2_study/install/my_first_package/lib/my_first_package
[2.369s] Installing my_publisher script to /home/krism01/python/ros/ros2_study/install/my_first_package/lib/my_first_package
[2.369s] Installing my_subscriber script to /home/krism01/python/ros/ros2_study/install/my_first_package/lib/my_first_package
[2.370s] Installing turtle_cmd_and_pose script to /home/krism01/python/ros/ros2_study/install/my_first_package/lib/my_first_package
[2.371s] writing list of installed files to '/home/krism01/python/ros/ros2_study/build/my_first_package/install.log'
[2.403s] Invoked command in '/home/krism01/python/ros/ros2_study/src/my_first_package' returned '0': PYTHONPATH=/home/krism01/python/ros/ros2_study/build/my_first_package/prefix_override:/home/krism01/python/ros/ros2_study/install/my_first_package/lib/python3.10/site-packages:${PYTHONPATH} /usr/bin/python3 -W ignore:setup.py install is deprecated setup.py egg_info --egg-base ../../build/my_first_package build --build-base /home/krism01/python/ros/ros2_study/build/my_first_package/build install --record /home/krism01/python/ros/ros2_study/build/my_first_package/install.log --single-version-externally-managed install_data
