[0.520s] Invoking command in '/home/krism01/python/ros/ros2_study/build/my_first_package_msgs': CMAKE_PREFIX_PATH=${CMAKE_PREFIX_PATH}:/home/krism01/python/ros/ros2_study/install/my_first_package:/opt/ros/humble /usr/bin/cmake --build /home/krism01/python/ros/ros2_study/build/my_first_package_msgs -- -j2 -l2
[0.709s] [  3%] Built target my_first_package_msgs__cpp
[0.730s] [ 12%] Built target my_first_package_msgs__rosidl_generator_c
[0.833s] [ 12%] Built target ament_cmake_python_copy_my_first_package_msgs
[0.938s] [ 22%] Built target my_first_package_msgs__rosidl_typesupport_fastrtps_cpp
[0.980s] [ 32%] Built target my_first_package_msgs__rosidl_typesupport_introspection_cpp
[1.026s] [ 41%] Built target my_first_package_msgs__rosidl_typesupport_cpp
[1.061s] [ 51%] Built target my_first_package_msgs__rosidl_typesupport_fastrtps_c
[1.090s] [ 61%] Built target my_first_package_msgs__rosidl_typesupport_c
[1.091s] [ 70%] Built target my_first_package_msgs__rosidl_typesupport_introspection_c
[1.165s] [ 70%] Built target my_first_package_msgs
[1.208s] [ 74%] Built target my_first_package_msgs__py
[1.282s] [ 80%] Built target my_first_package_msgs__rosidl_generator_py
[1.323s] [ 87%] Built target my_first_package_msgs__rosidl_typesupport_fastrtps_c__pyext
[1.395s] [ 93%] Built target my_first_package_msgs__rosidl_typesupport_introspection_c__pyext
[1.434s] [100%] Built target my_first_package_msgs__rosidl_typesupport_c__pyext
[1.860s] running egg_info
[1.896s] writing my_first_package_msgs.egg-info/PKG-INFO
[1.897s] writing dependency_links to my_first_package_msgs.egg-info/dependency_links.txt
[1.898s] writing top-level names to my_first_package_msgs.egg-info/top_level.txt
[1.986s] reading manifest file 'my_first_package_msgs.egg-info/SOURCES.txt'
[1.987s] writing manifest file 'my_first_package_msgs.egg-info/SOURCES.txt'
[2.045s] [100%] Built target ament_cmake_python_build_my_first_package_msgs_egg
[2.066s] Invoked command in '/home/krism01/python/ros/ros2_study/build/my_first_package_msgs' returned '0': CMAKE_PREFIX_PATH=${CMAKE_PREFIX_PATH}:/home/krism01/python/ros/ros2_study/install/my_first_package:/opt/ros/humble /usr/bin/cmake --build /home/krism01/python/ros/ros2_study/build/my_first_package_msgs -- -j2 -l2
[2.377s] Invoking command in '/home/krism01/python/ros/ros2_study/build/my_first_package_msgs': CMAKE_PREFIX_PATH=${CMAKE_PREFIX_PATH}:/home/krism01/python/ros/ros2_study/install/my_first_package:/opt/ros/humble /usr/bin/cmake --install /home/krism01/python/ros/ros2_study/build/my_first_package_msgs
[2.396s] -- Install configuration: ""
[2.397s] -- Up-to-date: /home/krism01/python/ros/ros2_study/install/my_first_package_msgs/share/ament_index/resource_index/rosidl_interfaces/my_first_package_msgs
[2.398s] -- Up-to-date: /home/krism01/python/ros/ros2_study/install/my_first_package_msgs/include/my_first_package_msgs/my_first_package_msgs
[2.399s] -- Up-to-date: /home/krism01/python/ros/ros2_study/install/my_first_package_msgs/include/my_first_package_msgs/my_first_package_msgs/msg
[2.400s] -- Up-to-date: /home/krism01/python/ros/ros2_study/install/my_first_package_msgs/include/my_first_package_msgs/my_first_package_msgs/msg/cmd_and_pose_vel.h
[2.401s] -- Up-to-date: /home/krism01/python/ros/ros2_study/install/my_first_package_msgs/include/my_first_package_msgs/my_first_package_msgs/msg/detail
[2.402s] -- Up-to-date: /home/krism01/python/ros/ros2_study/install/my_first_package_msgs/include/my_first_package_msgs/my_first_package_msgs/msg/detail/cmd_and_pose_vel__functions.c
[2.402s] -- Up-to-date: /home/krism01/python/ros/ros2_study/install/my_first_package_msgs/include/my_first_package_msgs/my_first_package_msgs/msg/detail/cmd_and_pose_vel__type_support.h
[2.402s] -- Up-to-date: /home/krism01/python/ros/ros2_study/install/my_first_package_msgs/include/my_first_package_msgs/my_first_package_msgs/msg/detail/cmd_and_pose_vel__functions.h
[2.402s] -- Up-to-date: /home/krism01/python/ros/ros2_study/install/my_first_package_msgs/include/my_first_package_msgs/my_first_package_msgs/msg/detail/cmd_and_pose_vel__struct.h
[2.402s] -- Up-to-date: /home/krism01/python/ros/ros2_study/install/my_first_package_msgs/include/my_first_package_msgs/my_first_package_msgs/msg/rosidl_generator_c__visibility_control.h
[2.405s] -- Up-to-date: /home/krism01/python/ros/ros2_study/install/my_first_package_msgs/share/my_first_package_msgs/environment/library_path.sh
[2.405s] -- Up-to-date: /home/krism01/python/ros/ros2_study/install/my_first_package_msgs/share/my_first_package_msgs/environment/library_path.dsv
[2.407s] -- Up-to-date: /home/krism01/python/ros/ros2_study/install/my_first_package_msgs/lib/libmy_first_package_msgs__rosidl_generator_c.so
[2.408s] -- Up-to-date: /home/krism01/python/ros/ros2_study/install/my_first_package_msgs/include/my_first_package_msgs/my_first_package_msgs
[2.410s] -- Up-to-date: /home/krism01/python/ros/ros2_study/install/my_first_package_msgs/include/my_first_package_msgs/my_first_package_msgs/msg
[2.410s] -- Up-to-date: /home/krism01/python/ros/ros2_study/install/my_first_package_msgs/include/my_first_package_msgs/my_first_package_msgs/msg/detail
[2.413s] -- Up-to-date: /home/krism01/python/ros/ros2_study/install/my_first_package_msgs/include/my_first_package_msgs/my_first_package_msgs/msg/detail/cmd_and_pose_vel__rosidl_typesupport_fastrtps_c.h
[2.413s] -- Up-to-date: /home/krism01/python/ros/ros2_study/install/my_first_package_msgs/include/my_first_package_msgs/my_first_package_msgs/msg/rosidl_typesupport_fastrtps_c__visibility_control.h
[2.414s] -- Up-to-date: /home/krism01/python/ros/ros2_study/install/my_first_package_msgs/lib/libmy_first_package_msgs__rosidl_typesupport_fastrtps_c.so
[2.414s] -- Up-to-date: /home/krism01/python/ros/ros2_study/install/my_first_package_msgs/include/my_first_package_msgs/my_first_package_msgs
[2.420s] -- Up-to-date: /home/krism01/python/ros/ros2_study/install/my_first_package_msgs/include/my_first_package_msgs/my_first_package_msgs/msg
[2.420s] -- Up-to-date: /home/krism01/python/ros/ros2_study/install/my_first_package_msgs/include/my_first_package_msgs/my_first_package_msgs/msg/detail
[2.420s] -- Up-to-date: /home/krism01/python/ros/ros2_study/install/my_first_package_msgs/include/my_first_package_msgs/my_first_package_msgs/msg/detail/cmd_and_pose_vel__rosidl_typesupport_introspection_c.h
[2.420s] -- Up-to-date: /home/krism01/python/ros/ros2_study/install/my_first_package_msgs/include/my_first_package_msgs/my_first_package_msgs/msg/detail/cmd_and_pose_vel__type_support.c
[2.421s] -- Up-to-date: /home/krism01/python/ros/ros2_study/install/my_first_package_msgs/include/my_first_package_msgs/my_first_package_msgs/msg/rosidl_typesupport_introspection_c__visibility_control.h
[2.421s] -- Up-to-date: /home/krism01/python/ros/ros2_study/install/my_first_package_msgs/lib/libmy_first_package_msgs__rosidl_typesupport_introspection_c.so
[2.422s] -- Up-to-date: /home/krism01/python/ros/ros2_study/install/my_first_package_msgs/lib/libmy_first_package_msgs__rosidl_typesupport_c.so
[2.429s] -- Up-to-date: /home/krism01/python/ros/ros2_study/install/my_first_package_msgs/include/my_first_package_msgs/my_first_package_msgs
[2.429s] -- Up-to-date: /home/krism01/python/ros/ros2_study/install/my_first_package_msgs/include/my_first_package_msgs/my_first_package_msgs/msg
[2.429s] -- Up-to-date: /home/krism01/python/ros/ros2_study/install/my_first_package_msgs/include/my_first_package_msgs/my_first_package_msgs/msg/detail
[2.429s] -- Up-to-date: /home/krism01/python/ros/ros2_study/install/my_first_package_msgs/include/my_first_package_msgs/my_first_package_msgs/msg/detail/cmd_and_pose_vel__builder.hpp
[2.430s] -- Up-to-date: /home/krism01/python/ros/ros2_study/install/my_first_package_msgs/include/my_first_package_msgs/my_first_package_msgs/msg/detail/cmd_and_pose_vel__struct.hpp
[2.430s] -- Up-to-date: /home/krism01/python/ros/ros2_study/install/my_first_package_msgs/include/my_first_package_msgs/my_first_package_msgs/msg/detail/cmd_and_pose_vel__traits.hpp
[2.430s] -- Up-to-date: /home/krism01/python/ros/ros2_study/install/my_first_package_msgs/include/my_first_package_msgs/my_first_package_msgs/msg/cmd_and_pose_vel.hpp
[2.431s] -- Up-to-date: /home/krism01/python/ros/ros2_study/install/my_first_package_msgs/include/my_first_package_msgs/my_first_package_msgs
[2.431s] -- Up-to-date: /home/krism01/python/ros/ros2_study/install/my_first_package_msgs/include/my_first_package_msgs/my_first_package_msgs/msg
[2.431s] -- Up-to-date: /home/krism01/python/ros/ros2_study/install/my_first_package_msgs/include/my_first_package_msgs/my_first_package_msgs/msg/detail
[2.431s] -- Up-to-date: /home/krism01/python/ros/ros2_study/install/my_first_package_msgs/include/my_first_package_msgs/my_first_package_msgs/msg/detail/dds_fastrtps
[2.444s] -- Up-to-date: /home/krism01/python/ros/ros2_study/install/my_first_package_msgs/include/my_first_package_msgs/my_first_package_msgs/msg/detail/cmd_and_pose_vel__rosidl_typesupport_fastrtps_cpp.hpp
[2.446s] -- Up-to-date: /home/krism01/python/ros/ros2_study/install/my_first_package_msgs/include/my_first_package_msgs/my_first_package_msgs/msg/rosidl_typesupport_fastrtps_cpp__visibility_control.h
[2.447s] -- Up-to-date: /home/krism01/python/ros/ros2_study/install/my_first_package_msgs/lib/libmy_first_package_msgs__rosidl_typesupport_fastrtps_cpp.so
[2.447s] -- Up-to-date: /home/krism01/python/ros/ros2_study/install/my_first_package_msgs/include/my_first_package_msgs/my_first_package_msgs
[2.448s] -- Up-to-date: /home/krism01/python/ros/ros2_study/install/my_first_package_msgs/include/my_first_package_msgs/my_first_package_msgs/msg
[2.448s] -- Up-to-date: /home/krism01/python/ros/ros2_study/install/my_first_package_msgs/include/my_first_package_msgs/my_first_package_msgs/msg/detail
[2.449s] -- Up-to-date: /home/krism01/python/ros/ros2_study/install/my_first_package_msgs/include/my_first_package_msgs/my_first_package_msgs/msg/detail/cmd_and_pose_vel__rosidl_typesupport_introspection_cpp.hpp
[2.449s] -- Up-to-date: /home/krism01/python/ros/ros2_study/install/my_first_package_msgs/include/my_first_package_msgs/my_first_package_msgs/msg/detail/cmd_and_pose_vel__type_support.cpp
[2.449s] -- Up-to-date: /home/krism01/python/ros/ros2_study/install/my_first_package_msgs/lib/libmy_first_package_msgs__rosidl_typesupport_introspection_cpp.so
[2.450s] -- Up-to-date: /home/krism01/python/ros/ros2_study/install/my_first_package_msgs/lib/libmy_first_package_msgs__rosidl_typesupport_cpp.so
[2.450s] -- Up-to-date: /home/krism01/python/ros/ros2_study/install/my_first_package_msgs/share/my_first_package_msgs/environment/pythonpath.sh
[2.450s] -- Up-to-date: /home/krism01/python/ros/ros2_study/install/my_first_package_msgs/share/my_first_package_msgs/environment/pythonpath.dsv
[2.451s] -- Up-to-date: /home/krism01/python/ros/ros2_study/install/my_first_package_msgs/local/lib/python3.10/dist-packages/my_first_package_msgs-0.0.0-py3.10.egg-info
[2.451s] -- Installing: /home/krism01/python/ros/ros2_study/install/my_first_package_msgs/local/lib/python3.10/dist-packages/my_first_package_msgs-0.0.0-py3.10.egg-info/dependency_links.txt
[2.451s] -- Installing: /home/krism01/python/ros/ros2_study/install/my_first_package_msgs/local/lib/python3.10/dist-packages/my_first_package_msgs-0.0.0-py3.10.egg-info/PKG-INFO
[2.451s] -- Installing: /home/krism01/python/ros/ros2_study/install/my_first_package_msgs/local/lib/python3.10/dist-packages/my_first_package_msgs-0.0.0-py3.10.egg-info/top_level.txt
[2.458s] -- Installing: /home/krism01/python/ros/ros2_study/install/my_first_package_msgs/local/lib/python3.10/dist-packages/my_first_package_msgs-0.0.0-py3.10.egg-info/SOURCES.txt
[2.459s] -- Up-to-date: /home/krism01/python/ros/ros2_study/install/my_first_package_msgs/local/lib/python3.10/dist-packages/my_first_package_msgs
[2.459s] -- Up-to-date: /home/krism01/python/ros/ros2_study/install/my_first_package_msgs/local/lib/python3.10/dist-packages/my_first_package_msgs/my_first_package_msgs_s__rosidl_typesupport_fastrtps_c.cpython-310-x86_64-linux-gnu.so
[2.459s] -- Up-to-date: /home/krism01/python/ros/ros2_study/install/my_first_package_msgs/local/lib/python3.10/dist-packages/my_first_package_msgs/_my_first_package_msgs_s.ep.rosidl_typesupport_c.c
[2.494s] -- Up-to-date: /home/krism01/python/ros/ros2_study/install/my_first_package_msgs/local/lib/python3.10/dist-packages/my_first_package_msgs/my_first_package_msgs_s__rosidl_typesupport_introspection_c.cpython-310-x86_64-linux-gnu.so
[2.494s] -- Up-to-date: /home/krism01/python/ros/ros2_study/install/my_first_package_msgs/local/lib/python3.10/dist-packages/my_first_package_msgs/__init__.py
[2.515s] -- Up-to-date: /home/krism01/python/ros/ros2_study/install/my_first_package_msgs/local/lib/python3.10/dist-packages/my_first_package_msgs/libmy_first_package_msgs__rosidl_generator_py.so
[2.515s] -- Up-to-date: /home/krism01/python/ros/ros2_study/install/my_first_package_msgs/local/lib/python3.10/dist-packages/my_first_package_msgs/msg
[2.515s] -- Up-to-date: /home/krism01/python/ros/ros2_study/install/my_first_package_msgs/local/lib/python3.10/dist-packages/my_first_package_msgs/msg/_cmd_and_pose_vel.py
[2.515s] -- Up-to-date: /home/krism01/python/ros/ros2_study/install/my_first_package_msgs/local/lib/python3.10/dist-packages/my_first_package_msgs/msg/__init__.py
[2.515s] -- Up-to-date: /home/krism01/python/ros/ros2_study/install/my_first_package_msgs/local/lib/python3.10/dist-packages/my_first_package_msgs/msg/_cmd_and_pose_vel_s.c
[2.515s] -- Up-to-date: /home/krism01/python/ros/ros2_study/install/my_first_package_msgs/local/lib/python3.10/dist-packages/my_first_package_msgs/my_first_package_msgs_s__rosidl_typesupport_c.cpython-310-x86_64-linux-gnu.so
[2.515s] -- Up-to-date: /home/krism01/python/ros/ros2_study/install/my_first_package_msgs/local/lib/python3.10/dist-packages/my_first_package_msgs/_my_first_package_msgs_s.ep.rosidl_typesupport_introspection_c.c
[2.515s] -- Up-to-date: /home/krism01/python/ros/ros2_study/install/my_first_package_msgs/local/lib/python3.10/dist-packages/my_first_package_msgs/_my_first_package_msgs_s.ep.rosidl_typesupport_fastrtps_c.c
[2.605s] Listing '/home/krism01/python/ros/ros2_study/install/my_first_package_msgs/local/lib/python3.10/dist-packages/my_first_package_msgs'...
[2.608s] Listing '/home/krism01/python/ros/ros2_study/install/my_first_package_msgs/local/lib/python3.10/dist-packages/my_first_package_msgs/msg'...
[2.658s] -- Up-to-date: /home/krism01/python/ros/ros2_study/install/my_first_package_msgs/local/lib/python3.10/dist-packages/my_first_package_msgs/my_first_package_msgs_s__rosidl_typesupport_fastrtps_c.cpython-310-x86_64-linux-gnu.so
[2.658s] -- Up-to-date: /home/krism01/python/ros/ros2_study/install/my_first_package_msgs/local/lib/python3.10/dist-packages/my_first_package_msgs/my_first_package_msgs_s__rosidl_typesupport_introspection_c.cpython-310-x86_64-linux-gnu.so
[2.658s] -- Up-to-date: /home/krism01/python/ros/ros2_study/install/my_first_package_msgs/local/lib/python3.10/dist-packages/my_first_package_msgs/my_first_package_msgs_s__rosidl_typesupport_c.cpython-310-x86_64-linux-gnu.so
[2.658s] -- Up-to-date: /home/krism01/python/ros/ros2_study/install/my_first_package_msgs/lib/libmy_first_package_msgs__rosidl_generator_py.so
[2.658s] -- Up-to-date: /home/krism01/python/ros/ros2_study/install/my_first_package_msgs/share/my_first_package_msgs/msg/CmdAndPoseVel.idl
[2.658s] -- Up-to-date: /home/krism01/python/ros/ros2_study/install/my_first_package_msgs/share/my_first_package_msgs/msg/CmdAndPoseVel.msg
[2.659s] -- Up-to-date: /home/krism01/python/ros/ros2_study/install/my_first_package_msgs/share/ament_index/resource_index/package_run_dependencies/my_first_package_msgs
[2.659s] -- Up-to-date: /home/krism01/python/ros/ros2_study/install/my_first_package_msgs/share/ament_index/resource_index/parent_prefix_path/my_first_package_msgs
[2.659s] -- Up-to-date: /home/krism01/python/ros/ros2_study/install/my_first_package_msgs/share/my_first_package_msgs/environment/ament_prefix_path.sh
[2.659s] -- Up-to-date: /home/krism01/python/ros/ros2_study/install/my_first_package_msgs/share/my_first_package_msgs/environment/ament_prefix_path.dsv
[2.659s] -- Up-to-date: /home/krism01/python/ros/ros2_study/install/my_first_package_msgs/share/my_first_package_msgs/environment/path.sh
[2.659s] -- Up-to-date: /home/krism01/python/ros/ros2_study/install/my_first_package_msgs/share/my_first_package_msgs/environment/path.dsv
[2.659s] -- Up-to-date: /home/krism01/python/ros/ros2_study/install/my_first_package_msgs/share/my_first_package_msgs/local_setup.bash
[2.659s] -- Up-to-date: /home/krism01/python/ros/ros2_study/install/my_first_package_msgs/share/my_first_package_msgs/local_setup.sh
[2.659s] -- Up-to-date: /home/krism01/python/ros/ros2_study/install/my_first_package_msgs/share/my_first_package_msgs/local_setup.zsh
[2.659s] -- Up-to-date: /home/krism01/python/ros/ros2_study/install/my_first_package_msgs/share/my_first_package_msgs/local_setup.dsv
[2.659s] -- Installing: /home/krism01/python/ros/ros2_study/install/my_first_package_msgs/share/my_first_package_msgs/package.dsv
[2.660s] -- Up-to-date: /home/krism01/python/ros/ros2_study/install/my_first_package_msgs/share/ament_index/resource_index/packages/my_first_package_msgs
[2.660s] -- Up-to-date: /home/krism01/python/ros/ros2_study/install/my_first_package_msgs/share/my_first_package_msgs/cmake/export_my_first_package_msgs__rosidl_generator_cExport.cmake
[2.660s] -- Up-to-date: /home/krism01/python/ros/ros2_study/install/my_first_package_msgs/share/my_first_package_msgs/cmake/export_my_first_package_msgs__rosidl_generator_cExport-noconfig.cmake
[2.660s] -- Up-to-date: /home/krism01/python/ros/ros2_study/install/my_first_package_msgs/share/my_first_package_msgs/cmake/export_my_first_package_msgs__rosidl_typesupport_fastrtps_cExport.cmake
[2.660s] -- Up-to-date: /home/krism01/python/ros/ros2_study/install/my_first_package_msgs/share/my_first_package_msgs/cmake/export_my_first_package_msgs__rosidl_typesupport_fastrtps_cExport-noconfig.cmake
[2.660s] -- Up-to-date: /home/krism01/python/ros/ros2_study/install/my_first_package_msgs/share/my_first_package_msgs/cmake/my_first_package_msgs__rosidl_typesupport_introspection_cExport.cmake
[2.660s] -- Up-to-date: /home/krism01/python/ros/ros2_study/install/my_first_package_msgs/share/my_first_package_msgs/cmake/my_first_package_msgs__rosidl_typesupport_introspection_cExport-noconfig.cmake
[2.660s] -- Up-to-date: /home/krism01/python/ros/ros2_study/install/my_first_package_msgs/share/my_first_package_msgs/cmake/my_first_package_msgs__rosidl_typesupport_cExport.cmake
[2.660s] -- Up-to-date: /home/krism01/python/ros/ros2_study/install/my_first_package_msgs/share/my_first_package_msgs/cmake/my_first_package_msgs__rosidl_typesupport_cExport-noconfig.cmake
[2.660s] -- Up-to-date: /home/krism01/python/ros/ros2_study/install/my_first_package_msgs/share/my_first_package_msgs/cmake/export_my_first_package_msgs__rosidl_generator_cppExport.cmake
[2.660s] -- Up-to-date: /home/krism01/python/ros/ros2_study/install/my_first_package_msgs/share/my_first_package_msgs/cmake/export_my_first_package_msgs__rosidl_typesupport_fastrtps_cppExport.cmake
[2.660s] -- Up-to-date: /home/krism01/python/ros/ros2_study/install/my_first_package_msgs/share/my_first_package_msgs/cmake/export_my_first_package_msgs__rosidl_typesupport_fastrtps_cppExport-noconfig.cmake
[2.660s] -- Up-to-date: /home/krism01/python/ros/ros2_study/install/my_first_package_msgs/share/my_first_package_msgs/cmake/my_first_package_msgs__rosidl_typesupport_introspection_cppExport.cmake
[2.660s] -- Up-to-date: /home/krism01/python/ros/ros2_study/install/my_first_package_msgs/share/my_first_package_msgs/cmake/my_first_package_msgs__rosidl_typesupport_introspection_cppExport-noconfig.cmake
[2.661s] -- Up-to-date: /home/krism01/python/ros/ros2_study/install/my_first_package_msgs/share/my_first_package_msgs/cmake/my_first_package_msgs__rosidl_typesupport_cppExport.cmake
[2.661s] -- Up-to-date: /home/krism01/python/ros/ros2_study/install/my_first_package_msgs/share/my_first_package_msgs/cmake/my_first_package_msgs__rosidl_typesupport_cppExport-noconfig.cmake
[2.661s] -- Up-to-date: /home/krism01/python/ros/ros2_study/install/my_first_package_msgs/share/my_first_package_msgs/cmake/export_my_first_package_msgs__rosidl_generator_pyExport.cmake
[2.661s] -- Up-to-date: /home/krism01/python/ros/ros2_study/install/my_first_package_msgs/share/my_first_package_msgs/cmake/export_my_first_package_msgs__rosidl_generator_pyExport-noconfig.cmake
[2.661s] -- Up-to-date: /home/krism01/python/ros/ros2_study/install/my_first_package_msgs/share/my_first_package_msgs/cmake/rosidl_cmake-extras.cmake
[2.661s] -- Up-to-date: /home/krism01/python/ros/ros2_study/install/my_first_package_msgs/share/my_first_package_msgs/cmake/ament_cmake_export_include_directories-extras.cmake
[2.661s] -- Up-to-date: /home/krism01/python/ros/ros2_study/install/my_first_package_msgs/share/my_first_package_msgs/cmake/ament_cmake_export_libraries-extras.cmake
[2.661s] -- Up-to-date: /home/krism01/python/ros/ros2_study/install/my_first_package_msgs/share/my_first_package_msgs/cmake/ament_cmake_export_targets-extras.cmake
[2.661s] -- Up-to-date: /home/krism01/python/ros/ros2_study/install/my_first_package_msgs/share/my_first_package_msgs/cmake/rosidl_cmake_export_typesupport_targets-extras.cmake
[2.661s] -- Up-to-date: /home/krism01/python/ros/ros2_study/install/my_first_package_msgs/share/my_first_package_msgs/cmake/ament_cmake_export_dependencies-extras.cmake
[2.661s] -- Up-to-date: /home/krism01/python/ros/ros2_study/install/my_first_package_msgs/share/my_first_package_msgs/cmake/rosidl_cmake_export_typesupport_libraries-extras.cmake
[2.661s] -- Up-to-date: /home/krism01/python/ros/ros2_study/install/my_first_package_msgs/share/my_first_package_msgs/cmake/my_first_package_msgsConfig.cmake
[2.661s] -- Up-to-date: /home/krism01/python/ros/ros2_study/install/my_first_package_msgs/share/my_first_package_msgs/cmake/my_first_package_msgsConfig-version.cmake
[2.662s] -- Up-to-date: /home/krism01/python/ros/ros2_study/install/my_first_package_msgs/share/my_first_package_msgs/package.xml
[2.675s] Invoked command in '/home/krism01/python/ros/ros2_study/build/my_first_package_msgs' returned '0': CMAKE_PREFIX_PATH=${CMAKE_PREFIX_PATH}:/home/krism01/python/ros/ros2_study/install/my_first_package:/opt/ros/humble /usr/bin/cmake --install /home/krism01/python/ros/ros2_study/build/my_first_package_msgs
