[0.579s] DEBUG:colcon:Command line arguments: ['/usr/bin/colcon', 'build']
[0.579s] DEBUG:colcon:Parsed command line arguments: Namespace(log_base=None, log_level=None, verb_name='build', build_base='build', install_base='install', merge_install=False, symlink_install=False, test_result_base=None, continue_on_error=False, executor='parallel', parallel_workers=1, event_handlers=None, ignore_user_meta=False, metas=['./colcon.meta'], base_paths=['.'], packages_ignore=None, packages_ignore_regex=None, paths=None, packages_up_to=None, packages_up_to_regex=None, packages_above=None, packages_above_and_dependencies=None, packages_above_depth=None, packages_select_by_dep=None, packages_skip_by_dep=None, packages_skip_up_to=None, packages_select_build_failed=False, packages_skip_build_finished=False, packages_select_test_failures=False, packages_skip_test_passed=False, packages_select=None, packages_skip=None, packages_select_regex=None, packages_skip_regex=None, packages_start=None, packages_end=None, allow_overriding=[], cmake_args=None, cmake_target=None, cmake_target_skip_unavailable=False, cmake_clean_cache=False, cmake_clean_first=False, cmake_force_configure=False, ament_cmake_args=None, catkin_cmake_args=None, catkin_skip_building_tests=False, verb_parser=<colcon_defaults.argument_parser.defaults.DefaultArgumentsDecorator object at 0x7f9d7fb4a860>, verb_extension=<colcon_core.verb.build.BuildVerb object at 0x7f9d7fb4a2c0>, main=<bound method BuildVerb.main of <colcon_core.verb.build.BuildVerb object at 0x7f9d7fb4a2c0>>)
[0.686s] Level 1:colcon.colcon_core.package_discovery:discover_packages(colcon_meta) check parameters
[0.687s] Level 1:colcon.colcon_core.package_discovery:discover_packages(recursive) check parameters
[0.687s] Level 1:colcon.colcon_core.package_discovery:discover_packages(ignore) check parameters
[0.687s] Level 1:colcon.colcon_core.package_discovery:discover_packages(path) check parameters
[0.687s] Level 1:colcon.colcon_core.package_discovery:discover_packages(colcon_meta) discover
[0.688s] Level 1:colcon.colcon_core.package_discovery:discover_packages(recursive) discover
[0.688s] INFO:colcon.colcon_core.package_discovery:Crawling recursively for packages in '/home/krism01/python/ros/ros2_study'
[0.688s] Level 1:colcon.colcon_core.package_identification:_identify(.) by extensions ['ignore', 'ignore_ament_install']
[0.688s] Level 1:colcon.colcon_core.package_identification:_identify(.) by extension 'ignore'
[0.688s] Level 1:colcon.colcon_core.package_identification:_identify(.) by extension 'ignore_ament_install'
[0.689s] Level 1:colcon.colcon_core.package_identification:_identify(.) by extensions ['colcon_pkg']
[0.689s] Level 1:colcon.colcon_core.package_identification:_identify(.) by extension 'colcon_pkg'
[0.689s] Level 1:colcon.colcon_core.package_identification:_identify(.) by extensions ['colcon_meta']
[0.689s] Level 1:colcon.colcon_core.package_identification:_identify(.) by extension 'colcon_meta'
[0.690s] Level 1:colcon.colcon_core.package_identification:_identify(.) by extensions ['ros']
[0.690s] Level 1:colcon.colcon_core.package_identification:_identify(.) by extension 'ros'
[0.717s] Level 1:colcon.colcon_core.package_identification:_identify(.) by extensions ['cmake', 'python']
[0.718s] Level 1:colcon.colcon_core.package_identification:_identify(.) by extension 'cmake'
[0.718s] Level 1:colcon.colcon_core.package_identification:_identify(.) by extension 'python'
[0.718s] Level 1:colcon.colcon_core.package_identification:_identify(.) by extensions ['python_setup_py']
[0.718s] Level 1:colcon.colcon_core.package_identification:_identify(.) by extension 'python_setup_py'
[0.718s] Level 1:colcon.colcon_core.package_identification:_identify(build) by extensions ['ignore', 'ignore_ament_install']
[0.719s] Level 1:colcon.colcon_core.package_identification:_identify(build) by extension 'ignore'
[0.719s] Level 1:colcon.colcon_core.package_identification:_identify(build) ignored
[0.719s] Level 1:colcon.colcon_core.package_identification:_identify(install) by extensions ['ignore', 'ignore_ament_install']
[0.719s] Level 1:colcon.colcon_core.package_identification:_identify(install) by extension 'ignore'
[0.720s] Level 1:colcon.colcon_core.package_identification:_identify(install) ignored
[0.720s] Level 1:colcon.colcon_core.package_identification:_identify(log) by extensions ['ignore', 'ignore_ament_install']
[0.721s] Level 1:colcon.colcon_core.package_identification:_identify(log) by extension 'ignore'
[0.721s] Level 1:colcon.colcon_core.package_identification:_identify(log) ignored
[0.721s] Level 1:colcon.colcon_core.package_identification:_identify(src) by extensions ['ignore', 'ignore_ament_install']
[0.721s] Level 1:colcon.colcon_core.package_identification:_identify(src) by extension 'ignore'
[0.722s] Level 1:colcon.colcon_core.package_identification:_identify(src) by extension 'ignore_ament_install'
[0.722s] Level 1:colcon.colcon_core.package_identification:_identify(src) by extensions ['colcon_pkg']
[0.722s] Level 1:colcon.colcon_core.package_identification:_identify(src) by extension 'colcon_pkg'
[0.722s] Level 1:colcon.colcon_core.package_identification:_identify(src) by extensions ['colcon_meta']
[0.722s] Level 1:colcon.colcon_core.package_identification:_identify(src) by extension 'colcon_meta'
[0.723s] Level 1:colcon.colcon_core.package_identification:_identify(src) by extensions ['ros']
[0.723s] Level 1:colcon.colcon_core.package_identification:_identify(src) by extension 'ros'
[0.723s] Level 1:colcon.colcon_core.package_identification:_identify(src) by extensions ['cmake', 'python']
[0.723s] Level 1:colcon.colcon_core.package_identification:_identify(src) by extension 'cmake'
[0.723s] Level 1:colcon.colcon_core.package_identification:_identify(src) by extension 'python'
[0.723s] Level 1:colcon.colcon_core.package_identification:_identify(src) by extensions ['python_setup_py']
[0.723s] Level 1:colcon.colcon_core.package_identification:_identify(src) by extension 'python_setup_py'
[0.723s] Level 1:colcon.colcon_core.package_identification:_identify(src/my_first_package) by extensions ['ignore', 'ignore_ament_install']
[0.724s] Level 1:colcon.colcon_core.package_identification:_identify(src/my_first_package) by extension 'ignore'
[0.724s] Level 1:colcon.colcon_core.package_identification:_identify(src/my_first_package) by extension 'ignore_ament_install'
[0.724s] Level 1:colcon.colcon_core.package_identification:_identify(src/my_first_package) by extensions ['colcon_pkg']
[0.724s] Level 1:colcon.colcon_core.package_identification:_identify(src/my_first_package) by extension 'colcon_pkg'
[0.724s] Level 1:colcon.colcon_core.package_identification:_identify(src/my_first_package) by extensions ['colcon_meta']
[0.724s] Level 1:colcon.colcon_core.package_identification:_identify(src/my_first_package) by extension 'colcon_meta'
[0.724s] Level 1:colcon.colcon_core.package_identification:_identify(src/my_first_package) by extensions ['ros']
[0.724s] Level 1:colcon.colcon_core.package_identification:_identify(src/my_first_package) by extension 'ros'
[0.730s] DEBUG:colcon.colcon_core.package_identification:Package 'src/my_first_package' with type 'ros.ament_python' and name 'my_first_package'
[0.730s] Level 1:colcon.colcon_core.package_identification:_identify(src/my_first_package_msgs) by extensions ['ignore', 'ignore_ament_install']
[0.731s] Level 1:colcon.colcon_core.package_identification:_identify(src/my_first_package_msgs) by extension 'ignore'
[0.731s] Level 1:colcon.colcon_core.package_identification:_identify(src/my_first_package_msgs) by extension 'ignore_ament_install'
[0.731s] Level 1:colcon.colcon_core.package_identification:_identify(src/my_first_package_msgs) by extensions ['colcon_pkg']
[0.731s] Level 1:colcon.colcon_core.package_identification:_identify(src/my_first_package_msgs) by extension 'colcon_pkg'
[0.731s] Level 1:colcon.colcon_core.package_identification:_identify(src/my_first_package_msgs) by extensions ['colcon_meta']
[0.732s] Level 1:colcon.colcon_core.package_identification:_identify(src/my_first_package_msgs) by extension 'colcon_meta'
[0.732s] Level 1:colcon.colcon_core.package_identification:_identify(src/my_first_package_msgs) by extensions ['ros']
[0.732s] Level 1:colcon.colcon_core.package_identification:_identify(src/my_first_package_msgs) by extension 'ros'
[0.733s] DEBUG:colcon.colcon_core.package_identification:Package 'src/my_first_package_msgs' with type 'ros.ament_cmake' and name 'my_first_package_msgs'
[0.733s] Level 1:colcon.colcon_core.package_discovery:discover_packages(recursive) using defaults
[0.734s] Level 1:colcon.colcon_core.package_discovery:discover_packages(ignore) discover
[0.734s] Level 1:colcon.colcon_core.package_discovery:discover_packages(ignore) using defaults
[0.734s] Level 1:colcon.colcon_core.package_discovery:discover_packages(path) discover
[0.734s] Level 1:colcon.colcon_core.package_discovery:discover_packages(path) using defaults
[0.778s] Level 1:colcon.colcon_core.package_discovery:discover_packages(prefix_path) check parameters
[0.778s] Level 1:colcon.colcon_core.package_discovery:discover_packages(prefix_path) discover
[0.783s] DEBUG:colcon.colcon_installed_package_information.package_discovery:Found 2 installed packages in /home/krism01/python/ros/ros2_study/install
[0.787s] DEBUG:colcon.colcon_installed_package_information.package_discovery:Found 270 installed packages in /opt/ros/humble
[0.790s] Level 1:colcon.colcon_core.package_discovery:discover_packages(prefix_path) using defaults
[0.945s] Level 5:colcon.colcon_core.verb:set package 'my_first_package' build argument 'cmake_args' from command line to 'None'
[0.945s] Level 5:colcon.colcon_core.verb:set package 'my_first_package' build argument 'cmake_target' from command line to 'None'
[0.946s] Level 5:colcon.colcon_core.verb:set package 'my_first_package' build argument 'cmake_target_skip_unavailable' from command line to 'False'
[0.946s] Level 5:colcon.colcon_core.verb:set package 'my_first_package' build argument 'cmake_clean_cache' from command line to 'False'
[0.946s] Level 5:colcon.colcon_core.verb:set package 'my_first_package' build argument 'cmake_clean_first' from command line to 'False'
[0.946s] Level 5:colcon.colcon_core.verb:set package 'my_first_package' build argument 'cmake_force_configure' from command line to 'False'
[0.946s] Level 5:colcon.colcon_core.verb:set package 'my_first_package' build argument 'ament_cmake_args' from command line to 'None'
[0.946s] Level 5:colcon.colcon_core.verb:set package 'my_first_package' build argument 'catkin_cmake_args' from command line to 'None'
[0.947s] Level 5:colcon.colcon_core.verb:set package 'my_first_package' build argument 'catkin_skip_building_tests' from command line to 'False'
[0.947s] DEBUG:colcon.colcon_core.verb:Building package 'my_first_package' with the following arguments: {'ament_cmake_args': None, 'build_base': '/home/krism01/python/ros/ros2_study/build/my_first_package', 'catkin_cmake_args': None, 'catkin_skip_building_tests': False, 'cmake_args': None, 'cmake_clean_cache': False, 'cmake_clean_first': False, 'cmake_force_configure': False, 'cmake_target': None, 'cmake_target_skip_unavailable': False, 'install_base': '/home/krism01/python/ros/ros2_study/install/my_first_package', 'merge_install': False, 'path': '/home/krism01/python/ros/ros2_study/src/my_first_package', 'symlink_install': False, 'test_result_base': None}
[0.947s] Level 5:colcon.colcon_core.verb:set package 'my_first_package_msgs' build argument 'cmake_args' from command line to 'None'
[0.948s] Level 5:colcon.colcon_core.verb:set package 'my_first_package_msgs' build argument 'cmake_target' from command line to 'None'
[0.948s] Level 5:colcon.colcon_core.verb:set package 'my_first_package_msgs' build argument 'cmake_target_skip_unavailable' from command line to 'False'
[0.948s] Level 5:colcon.colcon_core.verb:set package 'my_first_package_msgs' build argument 'cmake_clean_cache' from command line to 'False'
[0.948s] Level 5:colcon.colcon_core.verb:set package 'my_first_package_msgs' build argument 'cmake_clean_first' from command line to 'False'
[0.948s] Level 5:colcon.colcon_core.verb:set package 'my_first_package_msgs' build argument 'cmake_force_configure' from command line to 'False'
[0.948s] Level 5:colcon.colcon_core.verb:set package 'my_first_package_msgs' build argument 'ament_cmake_args' from command line to 'None'
[0.948s] Level 5:colcon.colcon_core.verb:set package 'my_first_package_msgs' build argument 'catkin_cmake_args' from command line to 'None'
[0.949s] Level 5:colcon.colcon_core.verb:set package 'my_first_package_msgs' build argument 'catkin_skip_building_tests' from command line to 'False'
[0.949s] DEBUG:colcon.colcon_core.verb:Building package 'my_first_package_msgs' with the following arguments: {'ament_cmake_args': None, 'build_base': '/home/krism01/python/ros/ros2_study/build/my_first_package_msgs', 'catkin_cmake_args': None, 'catkin_skip_building_tests': False, 'cmake_args': None, 'cmake_clean_cache': False, 'cmake_clean_first': False, 'cmake_force_configure': False, 'cmake_target': None, 'cmake_target_skip_unavailable': False, 'install_base': '/home/krism01/python/ros/ros2_study/install/my_first_package_msgs', 'merge_install': False, 'path': '/home/krism01/python/ros/ros2_study/src/my_first_package_msgs', 'symlink_install': False, 'test_result_base': None}
[0.949s] INFO:colcon.colcon_core.executor:Executing jobs using 'parallel' executor
[0.950s] DEBUG:colcon.colcon_parallel_executor.executor.parallel:run_until_complete
[0.951s] INFO:colcon.colcon_ros.task.ament_python.build:Building ROS package in '/home/krism01/python/ros/ros2_study/src/my_first_package' with build type 'ament_python'
[0.951s] Level 1:colcon.colcon_core.shell:create_environment_hook('my_first_package', 'ament_prefix_path')
[0.960s] INFO:colcon.colcon_core.plugin_system:Skipping extension 'colcon_core.shell.bat': Not used on non-Windows systems
[0.961s] INFO:colcon.colcon_core.shell:Creating environment hook '/home/krism01/python/ros/ros2_study/install/my_first_package/share/my_first_package/hook/ament_prefix_path.ps1'
[0.963s] INFO:colcon.colcon_core.shell:Creating environment descriptor '/home/krism01/python/ros/ros2_study/install/my_first_package/share/my_first_package/hook/ament_prefix_path.dsv'
[0.965s] INFO:colcon.colcon_core.shell:Creating environment hook '/home/krism01/python/ros/ros2_study/install/my_first_package/share/my_first_package/hook/ament_prefix_path.sh'
[0.978s] INFO:colcon.colcon_core.shell:Skip shell extension 'powershell' for command environment: Not usable outside of PowerShell
[0.978s] DEBUG:colcon.colcon_core.shell:Skip shell extension 'dsv' for command environment
[1.412s] INFO:colcon.colcon_core.task.python.build:Building Python package in '/home/krism01/python/ros/ros2_study/src/my_first_package'
[1.413s] INFO:colcon.colcon_core.shell:Skip shell extension 'powershell' for command environment: Not usable outside of PowerShell
[1.413s] DEBUG:colcon.colcon_core.shell:Skip shell extension 'dsv' for command environment
[2.800s] DEBUG:colcon.colcon_core.event_handler.log_command:Invoking command in '/home/krism01/python/ros/ros2_study/src/my_first_package': PYTHONPATH=/home/krism01/python/ros/ros2_study/build/my_first_package/prefix_override:/home/krism01/python/ros/ros2_study/install/my_first_package/lib/python3.10/site-packages:${PYTHONPATH} /usr/bin/python3 -W ignore:setup.py install is deprecated setup.py egg_info --egg-base ../../build/my_first_package build --build-base /home/krism01/python/ros/ros2_study/build/my_first_package/build install --record /home/krism01/python/ros/ros2_study/build/my_first_package/install.log --single-version-externally-managed install_data
[3.608s] DEBUG:colcon.colcon_core.event_handler.log_command:Invoked command in '/home/krism01/python/ros/ros2_study/src/my_first_package' returned '0': PYTHONPATH=/home/krism01/python/ros/ros2_study/build/my_first_package/prefix_override:/home/krism01/python/ros/ros2_study/install/my_first_package/lib/python3.10/site-packages:${PYTHONPATH} /usr/bin/python3 -W ignore:setup.py install is deprecated setup.py egg_info --egg-base ../../build/my_first_package build --build-base /home/krism01/python/ros/ros2_study/build/my_first_package/build install --record /home/krism01/python/ros/ros2_study/build/my_first_package/install.log --single-version-externally-managed install_data
[3.619s] Level 1:colcon.colcon_core.environment:checking '/home/krism01/python/ros/ros2_study/install/my_first_package' for CMake module files
[3.620s] Level 1:colcon.colcon_core.environment:checking '/home/krism01/python/ros/ros2_study/install/my_first_package' for CMake config files
[3.621s] Level 1:colcon.colcon_core.environment:checking '/home/krism01/python/ros/ros2_study/install/my_first_package/lib'
[3.621s] Level 1:colcon.colcon_core.environment:checking '/home/krism01/python/ros/ros2_study/install/my_first_package/bin'
[3.621s] Level 1:colcon.colcon_core.environment:checking '/home/krism01/python/ros/ros2_study/install/my_first_package/lib/pkgconfig/my_first_package.pc'
[3.622s] Level 1:colcon.colcon_core.environment:checking '/home/krism01/python/ros/ros2_study/install/my_first_package/lib/python3.10/site-packages'
[3.622s] Level 1:colcon.colcon_core.shell:create_environment_hook('my_first_package', 'pythonpath')
[3.623s] INFO:colcon.colcon_core.shell:Creating environment hook '/home/krism01/python/ros/ros2_study/install/my_first_package/share/my_first_package/hook/pythonpath.ps1'
[3.624s] INFO:colcon.colcon_core.shell:Creating environment descriptor '/home/krism01/python/ros/ros2_study/install/my_first_package/share/my_first_package/hook/pythonpath.dsv'
[3.626s] INFO:colcon.colcon_core.shell:Creating environment hook '/home/krism01/python/ros/ros2_study/install/my_first_package/share/my_first_package/hook/pythonpath.sh'
[3.627s] Level 1:colcon.colcon_core.environment:checking '/home/krism01/python/ros/ros2_study/install/my_first_package/bin'
[3.627s] Level 1:colcon.colcon_core.environment:create_environment_scripts_only(my_first_package)
[3.628s] INFO:colcon.colcon_core.shell:Creating package script '/home/krism01/python/ros/ros2_study/install/my_first_package/share/my_first_package/package.ps1'
[3.630s] INFO:colcon.colcon_core.shell:Creating package descriptor '/home/krism01/python/ros/ros2_study/install/my_first_package/share/my_first_package/package.dsv'
[3.633s] INFO:colcon.colcon_core.shell:Creating package script '/home/krism01/python/ros/ros2_study/install/my_first_package/share/my_first_package/package.sh'
[3.635s] INFO:colcon.colcon_core.shell:Creating package script '/home/krism01/python/ros/ros2_study/install/my_first_package/share/my_first_package/package.bash'
[3.638s] INFO:colcon.colcon_core.shell:Creating package script '/home/krism01/python/ros/ros2_study/install/my_first_package/share/my_first_package/package.zsh'
[3.640s] Level 1:colcon.colcon_core.environment:create_file_with_runtime_dependencies(/home/krism01/python/ros/ros2_study/install/my_first_package/share/colcon-core/packages/my_first_package)
[3.643s] INFO:colcon.colcon_ros.task.ament_cmake.build:Building ROS package in '/home/krism01/python/ros/ros2_study/src/my_first_package_msgs' with build type 'ament_cmake'
[3.643s] INFO:colcon.colcon_cmake.task.cmake.build:Building CMake package in '/home/krism01/python/ros/ros2_study/src/my_first_package_msgs'
[3.644s] INFO:colcon.colcon_core.shell:Skip shell extension 'powershell' for command environment: Not usable outside of PowerShell
[3.644s] DEBUG:colcon.colcon_core.shell:Skip shell extension 'dsv' for command environment
[3.667s] DEBUG:colcon.colcon_core.event_handler.log_command:Invoking command in '/home/krism01/python/ros/ros2_study/build/my_first_package_msgs': CMAKE_PREFIX_PATH=/home/krism01/python/ros/ros2_study/install/my_first_package:/opt/ros/humble /usr/bin/cmake /home/krism01/python/ros/ros2_study/src/my_first_package_msgs -DCMAKE_INSTALL_PREFIX=/home/krism01/python/ros/ros2_study/install/my_first_package_msgs
[5.451s] DEBUG:colcon.colcon_core.event_handler.log_command:Invoked command in '/home/krism01/python/ros/ros2_study/build/my_first_package_msgs' returned '0': CMAKE_PREFIX_PATH=/home/krism01/python/ros/ros2_study/install/my_first_package:/opt/ros/humble /usr/bin/cmake /home/krism01/python/ros/ros2_study/src/my_first_package_msgs -DCMAKE_INSTALL_PREFIX=/home/krism01/python/ros/ros2_study/install/my_first_package_msgs
[5.451s] DEBUG:colcon.colcon_core.event_handler.log_command:Invoking command in '/home/krism01/python/ros/ros2_study/build/my_first_package_msgs': CMAKE_PREFIX_PATH=/home/krism01/python/ros/ros2_study/install/my_first_package:/opt/ros/humble /usr/bin/cmake --build /home/krism01/python/ros/ros2_study/build/my_first_package_msgs -- -j1 -l1
[14.894s] DEBUG:colcon.colcon_core.event_handler.log_command:Invoked command in '/home/krism01/python/ros/ros2_study/build/my_first_package_msgs' returned '0': CMAKE_PREFIX_PATH=/home/krism01/python/ros/ros2_study/install/my_first_package:/opt/ros/humble /usr/bin/cmake --build /home/krism01/python/ros/ros2_study/build/my_first_package_msgs -- -j1 -l1
[15.060s] DEBUG:colcon.colcon_core.event_handler.log_command:Invoking command in '/home/krism01/python/ros/ros2_study/build/my_first_package_msgs': CMAKE_PREFIX_PATH=/home/krism01/python/ros/ros2_study/install/my_first_package:/opt/ros/humble /usr/bin/cmake --install /home/krism01/python/ros/ros2_study/build/my_first_package_msgs
[15.260s] Level 1:colcon.colcon_core.environment:create_environment_scripts_only(my_first_package_msgs)
[15.260s] Level 1:colcon.colcon_core.environment:checking '/home/krism01/python/ros/ros2_study/install/my_first_package_msgs' for CMake module files
[15.261s] Level 1:colcon.colcon_core.environment:checking '/home/krism01/python/ros/ros2_study/install/my_first_package_msgs' for CMake config files
[15.261s] Level 1:colcon.colcon_core.shell:create_environment_hook('my_first_package_msgs', 'cmake_prefix_path')
[15.262s] INFO:colcon.colcon_core.shell:Creating environment hook '/home/krism01/python/ros/ros2_study/install/my_first_package_msgs/share/my_first_package_msgs/hook/cmake_prefix_path.ps1'
[15.262s] INFO:colcon.colcon_core.shell:Creating environment descriptor '/home/krism01/python/ros/ros2_study/install/my_first_package_msgs/share/my_first_package_msgs/hook/cmake_prefix_path.dsv'
[15.262s] INFO:colcon.colcon_core.shell:Creating environment hook '/home/krism01/python/ros/ros2_study/install/my_first_package_msgs/share/my_first_package_msgs/hook/cmake_prefix_path.sh'
[15.263s] Level 1:colcon.colcon_core.environment:checking '/home/krism01/python/ros/ros2_study/install/my_first_package_msgs/lib'
[15.263s] Level 1:colcon.colcon_core.shell:create_environment_hook('my_first_package_msgs', 'ld_library_path_lib')
[15.263s] INFO:colcon.colcon_core.shell:Creating environment hook '/home/krism01/python/ros/ros2_study/install/my_first_package_msgs/share/my_first_package_msgs/hook/ld_library_path_lib.ps1'
[15.264s] INFO:colcon.colcon_core.shell:Creating environment descriptor '/home/krism01/python/ros/ros2_study/install/my_first_package_msgs/share/my_first_package_msgs/hook/ld_library_path_lib.dsv'
[15.264s] INFO:colcon.colcon_core.shell:Creating environment hook '/home/krism01/python/ros/ros2_study/install/my_first_package_msgs/share/my_first_package_msgs/hook/ld_library_path_lib.sh'
[15.264s] Level 1:colcon.colcon_core.environment:checking '/home/krism01/python/ros/ros2_study/install/my_first_package_msgs/bin'
[15.264s] Level 1:colcon.colcon_core.environment:checking '/home/krism01/python/ros/ros2_study/install/my_first_package_msgs/lib/pkgconfig/my_first_package_msgs.pc'
[15.265s] Level 1:colcon.colcon_core.environment:checking '/home/krism01/python/ros/ros2_study/install/my_first_package_msgs/lib/python3.10/site-packages'
[15.265s] Level 1:colcon.colcon_core.environment:checking '/home/krism01/python/ros/ros2_study/install/my_first_package_msgs/bin'
[15.265s] INFO:colcon.colcon_core.shell:Creating package script '/home/krism01/python/ros/ros2_study/install/my_first_package_msgs/share/my_first_package_msgs/package.ps1'
[15.277s] INFO:colcon.colcon_core.shell:Creating package descriptor '/home/krism01/python/ros/ros2_study/install/my_first_package_msgs/share/my_first_package_msgs/package.dsv'
[15.277s] DEBUG:colcon.colcon_core.event_handler.log_command:Invoked command in '/home/krism01/python/ros/ros2_study/build/my_first_package_msgs' returned '0': CMAKE_PREFIX_PATH=/home/krism01/python/ros/ros2_study/install/my_first_package:/opt/ros/humble /usr/bin/cmake --install /home/krism01/python/ros/ros2_study/build/my_first_package_msgs
[15.278s] INFO:colcon.colcon_core.shell:Creating package script '/home/krism01/python/ros/ros2_study/install/my_first_package_msgs/share/my_first_package_msgs/package.sh'
[15.278s] INFO:colcon.colcon_core.shell:Creating package script '/home/krism01/python/ros/ros2_study/install/my_first_package_msgs/share/my_first_package_msgs/package.bash'
[15.279s] INFO:colcon.colcon_core.shell:Creating package script '/home/krism01/python/ros/ros2_study/install/my_first_package_msgs/share/my_first_package_msgs/package.zsh'
[15.279s] Level 1:colcon.colcon_core.environment:create_file_with_runtime_dependencies(/home/krism01/python/ros/ros2_study/install/my_first_package_msgs/share/colcon-core/packages/my_first_package_msgs)
[15.427s] Level 1:colcon.colcon_core.environment:create_environment_scripts_only(my_first_package_msgs)
[15.427s] Level 1:colcon.colcon_core.environment:checking '/home/krism01/python/ros/ros2_study/install/my_first_package_msgs' for CMake module files
[15.428s] Level 1:colcon.colcon_core.environment:checking '/home/krism01/python/ros/ros2_study/install/my_first_package_msgs' for CMake config files
[15.428s] Level 1:colcon.colcon_core.shell:create_environment_hook('my_first_package_msgs', 'cmake_prefix_path')
[15.429s] INFO:colcon.colcon_core.shell:Creating environment hook '/home/krism01/python/ros/ros2_study/install/my_first_package_msgs/share/my_first_package_msgs/hook/cmake_prefix_path.ps1'
[15.431s] INFO:colcon.colcon_core.shell:Creating environment descriptor '/home/krism01/python/ros/ros2_study/install/my_first_package_msgs/share/my_first_package_msgs/hook/cmake_prefix_path.dsv'
[15.432s] INFO:colcon.colcon_core.shell:Creating environment hook '/home/krism01/python/ros/ros2_study/install/my_first_package_msgs/share/my_first_package_msgs/hook/cmake_prefix_path.sh'
[15.433s] Level 1:colcon.colcon_core.environment:checking '/home/krism01/python/ros/ros2_study/install/my_first_package_msgs/lib'
[15.433s] Level 1:colcon.colcon_core.shell:create_environment_hook('my_first_package_msgs', 'ld_library_path_lib')
[15.434s] INFO:colcon.colcon_core.shell:Creating environment hook '/home/krism01/python/ros/ros2_study/install/my_first_package_msgs/share/my_first_package_msgs/hook/ld_library_path_lib.ps1'
[15.435s] INFO:colcon.colcon_core.shell:Creating environment descriptor '/home/krism01/python/ros/ros2_study/install/my_first_package_msgs/share/my_first_package_msgs/hook/ld_library_path_lib.dsv'
[15.436s] INFO:colcon.colcon_core.shell:Creating environment hook '/home/krism01/python/ros/ros2_study/install/my_first_package_msgs/share/my_first_package_msgs/hook/ld_library_path_lib.sh'
[15.437s] Level 1:colcon.colcon_core.environment:checking '/home/krism01/python/ros/ros2_study/install/my_first_package_msgs/bin'
[15.437s] Level 1:colcon.colcon_core.environment:checking '/home/krism01/python/ros/ros2_study/install/my_first_package_msgs/lib/pkgconfig/my_first_package_msgs.pc'
[15.438s] Level 1:colcon.colcon_core.environment:checking '/home/krism01/python/ros/ros2_study/install/my_first_package_msgs/lib/python3.10/site-packages'
[15.438s] Level 1:colcon.colcon_core.environment:checking '/home/krism01/python/ros/ros2_study/install/my_first_package_msgs/bin'
[15.439s] INFO:colcon.colcon_core.shell:Creating package script '/home/krism01/python/ros/ros2_study/install/my_first_package_msgs/share/my_first_package_msgs/package.ps1'
[15.440s] INFO:colcon.colcon_core.shell:Creating package descriptor '/home/krism01/python/ros/ros2_study/install/my_first_package_msgs/share/my_first_package_msgs/package.dsv'
[15.441s] INFO:colcon.colcon_core.shell:Creating package script '/home/krism01/python/ros/ros2_study/install/my_first_package_msgs/share/my_first_package_msgs/package.sh'
[15.442s] INFO:colcon.colcon_core.shell:Creating package script '/home/krism01/python/ros/ros2_study/install/my_first_package_msgs/share/my_first_package_msgs/package.bash'
[15.443s] INFO:colcon.colcon_core.shell:Creating package script '/home/krism01/python/ros/ros2_study/install/my_first_package_msgs/share/my_first_package_msgs/package.zsh'
[15.445s] Level 1:colcon.colcon_core.environment:create_file_with_runtime_dependencies(/home/krism01/python/ros/ros2_study/install/my_first_package_msgs/share/colcon-core/packages/my_first_package_msgs)
[15.462s] DEBUG:colcon.colcon_parallel_executor.executor.parallel:closing loop
[15.463s] DEBUG:colcon.colcon_parallel_executor.executor.parallel:loop closed
[15.463s] DEBUG:colcon.colcon_parallel_executor.executor.parallel:run_until_complete finished with '0'
[15.463s] DEBUG:colcon.colcon_core.event_reactor:joining thread
[15.496s] INFO:colcon.colcon_core.plugin_system:Skipping extension 'colcon_notification.desktop_notification.terminal_notifier': Not used on non-Darwin systems
[15.496s] INFO:colcon.colcon_core.plugin_system:Skipping extension 'colcon_notification.desktop_notification.win32': Not used on non-Windows systems
[15.497s] INFO:colcon.colcon_notification.desktop_notification:Sending desktop notification using 'notify2'
[15.532s] DEBUG:colcon.colcon_core.event_reactor:joined thread
[15.533s] INFO:colcon.colcon_core.shell:Creating prefix script '/home/krism01/python/ros/ros2_study/install/local_setup.ps1'
[15.535s] INFO:colcon.colcon_core.shell:Creating prefix util module '/home/krism01/python/ros/ros2_study/install/_local_setup_util_ps1.py'
[15.540s] INFO:colcon.colcon_core.shell:Creating prefix chain script '/home/krism01/python/ros/ros2_study/install/setup.ps1'
[15.546s] INFO:colcon.colcon_core.shell:Creating prefix script '/home/krism01/python/ros/ros2_study/install/local_setup.sh'
[15.548s] INFO:colcon.colcon_core.shell:Creating prefix util module '/home/krism01/python/ros/ros2_study/install/_local_setup_util_sh.py'
[15.548s] INFO:colcon.colcon_core.shell:Creating prefix chain script '/home/krism01/python/ros/ros2_study/install/setup.sh'
[15.551s] INFO:colcon.colcon_core.shell:Creating prefix script '/home/krism01/python/ros/ros2_study/install/local_setup.bash'
[15.553s] INFO:colcon.colcon_core.shell:Creating prefix chain script '/home/krism01/python/ros/ros2_study/install/setup.bash'
[15.556s] INFO:colcon.colcon_core.shell:Creating prefix script '/home/krism01/python/ros/ros2_study/install/local_setup.zsh'
[15.558s] INFO:colcon.colcon_core.shell:Creating prefix chain script '/home/krism01/python/ros/ros2_study/install/setup.zsh'
