[2.853s] Invoking command in '/home/krism01/python/ros/ros2_study/src/my_first_package': PYTHONPATH=/home/krism01/python/ros/ros2_study/build/my_first_package/prefix_override:/home/krism01/python/ros/ros2_study/install/my_first_package/lib/python3.10/site-packages:${PYTHONPATH} /usr/bin/python3 -W ignore:setup.py install is deprecated setup.py egg_info --egg-base ../../build/my_first_package build --build-base /home/krism01/python/ros/ros2_study/build/my_first_package/build install --record /home/krism01/python/ros/ros2_study/build/my_first_package/install.log --single-version-externally-managed install_data
[3.408s] running egg_info
[3.430s] writing ../../build/my_first_package/my_first_package.egg-info/PKG-INFO
[3.433s] writing dependency_links to ../../build/my_first_package/my_first_package.egg-info/dependency_links.txt
[3.434s] writing entry points to ../../build/my_first_package/my_first_package.egg-info/entry_points.txt
[3.436s] writing requirements to ../../build/my_first_package/my_first_package.egg-info/requires.txt
[3.437s] writing top-level names to ../../build/my_first_package/my_first_package.egg-info/top_level.txt
[3.548s] reading manifest file '../../build/my_first_package/my_first_package.egg-info/SOURCES.txt'
[3.550s] writing manifest file '../../build/my_first_package/my_first_package.egg-info/SOURCES.txt'
[3.552s] running build
[3.552s] running build_py
[3.553s] copying my_first_package/turtle_cmd_and_pose.py -> /home/krism01/python/ros/ros2_study/build/my_first_package/build/lib/my_first_package
[3.555s] copying my_first_package/my_publisher_240322.py -> /home/krism01/python/ros/ros2_study/build/my_first_package/build/lib/my_first_package
[3.563s] copying my_first_package/240322_doc_publisher.py -> /home/krism01/python/ros/ros2_study/build/my_first_package/build/lib/my_first_package
[3.563s] running install
[3.567s] running install_lib
[3.619s] copying /home/krism01/python/ros/ros2_study/build/my_first_package/build/lib/my_first_package/my_publisher_240322.py -> /home/krism01/python/ros/ros2_study/install/my_first_package/lib/python3.10/site-packages/my_first_package
[3.622s] byte-compiling /home/krism01/python/ros/ros2_study/install/my_first_package/lib/python3.10/site-packages/my_first_package/my_publisher_240322.py to my_publisher_240322.cpython-310.pyc
[3.625s] running install_data
[3.625s] running install_egg_info
[3.649s] removing '/home/krism01/python/ros/ros2_study/install/my_first_package/lib/python3.10/site-packages/my_first_package-0.0.0-py3.10.egg-info' (and everything under it)
[3.649s] Copying ../../build/my_first_package/my_first_package.egg-info to /home/krism01/python/ros/ros2_study/install/my_first_package/lib/python3.10/site-packages/my_first_package-0.0.0-py3.10.egg-info
[3.650s] running install_scripts
[3.924s] Installing my_first_node script to /home/krism01/python/ros/ros2_study/install/my_first_package/lib/my_first_package
[3.924s] Installing my_publisher_240322 script to /home/krism01/python/ros/ros2_study/install/my_first_package/lib/my_first_package
[3.925s] Installing my_subscriber script to /home/krism01/python/ros/ros2_study/install/my_first_package/lib/my_first_package
[3.925s] Installing turtle_cmd_and_pose script to /home/krism01/python/ros/ros2_study/install/my_first_package/lib/my_first_package
[3.925s] writing list of installed files to '/home/krism01/python/ros/ros2_study/build/my_first_package/install.log'
[3.953s] Invoked command in '/home/krism01/python/ros/ros2_study/src/my_first_package' returned '0': PYTHONPATH=/home/krism01/python/ros/ros2_study/build/my_first_package/prefix_override:/home/krism01/python/ros/ros2_study/install/my_first_package/lib/python3.10/site-packages:${PYTHONPATH} /usr/bin/python3 -W ignore:setup.py install is deprecated setup.py egg_info --egg-base ../../build/my_first_package build --build-base /home/krism01/python/ros/ros2_study/build/my_first_package/build install --record /home/krism01/python/ros/ros2_study/build/my_first_package/install.log --single-version-externally-managed install_data
