[2.140s] Invoking command in '/home/krism01/python/ros/ros2_study/src/my_first_package': PYTHONPATH=/home/krism01/python/ros/ros2_study/build/my_first_package/prefix_override:/home/krism01/python/ros/ros2_study/install/my_first_package/lib/python3.10/site-packages:${PYTHONPATH} /usr/bin/python3 -W ignore:setup.py install is deprecated setup.py egg_info --egg-base ../../build/my_first_package build --build-base /home/krism01/python/ros/ros2_study/build/my_first_package/build install --record /home/krism01/python/ros/ros2_study/build/my_first_package/install.log --single-version-externally-managed install_data
[2.598s] running egg_info
[2.651s] writing ../../build/my_first_package/my_first_package.egg-info/PKG-INFO
[2.651s] writing dependency_links to ../../build/my_first_package/my_first_package.egg-info/dependency_links.txt
[2.651s] writing entry points to ../../build/my_first_package/my_first_package.egg-info/entry_points.txt
[2.651s] writing requirements to ../../build/my_first_package/my_first_package.egg-info/requires.txt
[2.651s] writing top-level names to ../../build/my_first_package/my_first_package.egg-info/top_level.txt
[2.704s] reading manifest file '../../build/my_first_package/my_first_package.egg-info/SOURCES.txt'
[2.707s] writing manifest file '../../build/my_first_package/my_first_package.egg-info/SOURCES.txt'
[2.708s] running build
[2.708s] running build_py
[2.708s] copying my_first_package/turtle_cmd_and_pose.py -> /home/krism01/python/ros/ros2_study/build/my_first_package/build/lib/my_first_package
[2.709s] copying my_first_package/my_service_server.py -> /home/krism01/python/ros/ros2_study/build/my_first_package/build/lib/my_first_package
[2.710s] copying my_first_package/my_publisher.py -> /home/krism01/python/ros/ros2_study/build/my_first_package/build/lib/my_first_package
[2.711s] copying my_first_package/dist_turtle_action_server.py -> /home/krism01/python/ros/ros2_study/build/my_first_package/build/lib/my_first_package
[2.711s] copying my_first_package/240322_doc_publisher.py -> /home/krism01/python/ros/ros2_study/build/my_first_package/build/lib/my_first_package
[2.713s] running install
[2.721s] running install_lib
[2.744s] copying /home/krism01/python/ros/ros2_study/build/my_first_package/build/lib/my_first_package/dist_turtle_action_server.py -> /home/krism01/python/ros/ros2_study/install/my_first_package/lib/python3.10/site-packages/my_first_package
[2.745s] byte-compiling /home/krism01/python/ros/ros2_study/install/my_first_package/lib/python3.10/site-packages/my_first_package/dist_turtle_action_server.py to dist_turtle_action_server.cpython-310.pyc
[2.746s] running install_data
[2.746s] running install_egg_info
[2.773s] removing '/home/krism01/python/ros/ros2_study/install/my_first_package/lib/python3.10/site-packages/my_first_package-0.0.0-py3.10.egg-info' (and everything under it)
[2.779s] Copying ../../build/my_first_package/my_first_package.egg-info to /home/krism01/python/ros/ros2_study/install/my_first_package/lib/python3.10/site-packages/my_first_package-0.0.0-py3.10.egg-info
[2.782s] running install_scripts
[2.974s] Installing dist_turtle_action_server script to /home/krism01/python/ros/ros2_study/install/my_first_package/lib/my_first_package
[2.978s] Installing my_first_node script to /home/krism01/python/ros/ros2_study/install/my_first_package/lib/my_first_package
[2.978s] Installing my_service_server.py script to /home/krism01/python/ros/ros2_study/install/my_first_package/lib/my_first_package
[2.978s] Installing my_subscriber script to /home/krism01/python/ros/ros2_study/install/my_first_package/lib/my_first_package
[2.978s] Installing turtle_cmd_and_pose script to /home/krism01/python/ros/ros2_study/install/my_first_package/lib/my_first_package
[2.979s] writing list of installed files to '/home/krism01/python/ros/ros2_study/build/my_first_package/install.log'
[3.004s] Invoked command in '/home/krism01/python/ros/ros2_study/src/my_first_package' returned '0': PYTHONPATH=/home/krism01/python/ros/ros2_study/build/my_first_package/prefix_override:/home/krism01/python/ros/ros2_study/install/my_first_package/lib/python3.10/site-packages:${PYTHONPATH} /usr/bin/python3 -W ignore:setup.py install is deprecated setup.py egg_info --egg-base ../../build/my_first_package build --build-base /home/krism01/python/ros/ros2_study/build/my_first_package/build install --record /home/krism01/python/ros/ros2_study/build/my_first_package/install.log --single-version-externally-managed install_data
