[0.058s] Invoking command in '/home/krism01/python/ros/ros2_study/build/my_first_package_msgs': CMAKE_PREFIX_PATH=${CMAKE_PREFIX_PATH}:/home/krism01/python/ros/ros2_study/install/my_first_package:/opt/ros/humble /usr/bin/cmake --build /home/krism01/python/ros/ros2_study/build/my_first_package_msgs -- -j2 -l2
[0.322s] -- Found ament_cmake: 1.3.8 (/opt/ros/humble/share/ament_cmake/cmake)
[0.695s] -- Found rosidl_default_generators: 1.2.0 (/opt/ros/humble/share/rosidl_default_generators/cmake)
[0.700s] -- Using all available rosidl_typesupport_c: rosidl_typesupport_fastrtps_c;rosidl_typesupport_introspection_c
[0.709s] -- Found rosidl_adapter: 3.1.5 (/opt/ros/humble/share/rosidl_adapter/cmake)
[0.820s] -- Using all available rosidl_typesupport_cpp: rosidl_typesupport_fastrtps_cpp;rosidl_typesupport_introspection_cpp
[1.664s] -- Found ament_cmake_ros: 0.10.0 (/opt/ros/humble/share/ament_cmake_ros/cmake)
[2.026s] -- Using all available rosidl_typesupport_c: rosidl_typesupport_fastrtps_c;rosidl_typesupport_introspection_c
[2.579s] -- Using all available rosidl_typesupport_cpp: rosidl_typesupport_fastrtps_cpp;rosidl_typesupport_introspection_cpp
[2.610s] -- Found python_cmake_module: 0.10.0 (/opt/ros/humble/share/python_cmake_module/cmake)
[2.674s] -- Using PYTHON_EXECUTABLE: /usr/bin/python3
[2.674s] -- Using PYTHON_INCLUDE_DIRS: /usr/include/python3.10
[2.674s] -- Using PYTHON_LIBRARIES: /usr/lib/x86_64-linux-gnu/libpython3.10.so
[2.706s] -- Found ament_lint_auto: 0.12.10 (/opt/ros/humble/share/ament_lint_auto/cmake)
[2.785s] -- Added test 'lint_cmake' to check CMake code style
[2.787s] -- Added test 'xmllint' to check XML markup files
[2.793s] -- Configuring done
[2.929s] -- Generating done
[2.980s] -- Build files have been written to: /home/krism01/python/ros/ros2_study/build/my_first_package_msgs
[3.065s] [  2%] [34m[1mGenerating C code for ROS interfaces[0m
[3.192s] [  4%] [34m[1mGenerating C++ code for ROS interfaces[0m
[5.213s] [35m[1mConsolidate compiler generated dependencies of target my_first_package_msgs__rosidl_generator_c[0m
[5.278s] [  6%] [32mBuilding C object CMakeFiles/my_first_package_msgs__rosidl_generator_c.dir/rosidl_generator_c/my_first_package_msgs/msg/detail/cmd_and_pose_vel__functions.c.o[0m
[5.599s] [  6%] Built target my_first_package_msgs__cpp
[5.686s] [  8%] [32mBuilding C object CMakeFiles/my_first_package_msgs__rosidl_generator_c.dir/rosidl_generator_c/my_first_package_msgs/srv/detail/multi_spawn__functions.c.o[0m
[5.697s] [  8%] Built target ament_cmake_python_copy_my_first_package_msgs
[5.711s] [ 10%] [34m[1mGenerating C++ type support dispatch for ROS interfaces[0m
[5.874s] [ 12%] [32mBuilding C object CMakeFiles/my_first_package_msgs__rosidl_generator_c.dir/rosidl_generator_c/my_first_package_msgs/action/detail/dist_turtle__functions.c.o[0m
[6.108s] [ 14%] [32m[1mLinking C shared library libmy_first_package_msgs__rosidl_generator_c.so[0m
[6.226s] [ 14%] Built target my_first_package_msgs__rosidl_generator_c
[6.283s] [ 17%] [34m[1mGenerating C++ type support for eProsima Fast-RTPS[0m
[6.529s] [35m[1mConsolidate compiler generated dependencies of target my_first_package_msgs__rosidl_typesupport_cpp[0m
[6.564s] [ 19%] [32mBuilding CXX object CMakeFiles/my_first_package_msgs__rosidl_typesupport_cpp.dir/rosidl_typesupport_cpp/my_first_package_msgs/msg/cmd_and_pose_vel__type_support.cpp.o[0m
[7.617s] [ 21%] [32mBuilding CXX object CMakeFiles/my_first_package_msgs__rosidl_typesupport_cpp.dir/rosidl_typesupport_cpp/my_first_package_msgs/srv/multi_spawn__type_support.cpp.o[0m
[8.201s] [35m[1mConsolidate compiler generated dependencies of target my_first_package_msgs__rosidl_typesupport_fastrtps_cpp[0m
[8.317s] [ 23%] [32mBuilding CXX object CMakeFiles/my_first_package_msgs__rosidl_typesupport_fastrtps_cpp.dir/rosidl_typesupport_fastrtps_cpp/my_first_package_msgs/msg/detail/dds_fastrtps/cmd_and_pose_vel__type_support.cpp.o[0m
[8.555s] [ 25%] [32mBuilding CXX object CMakeFiles/my_first_package_msgs__rosidl_typesupport_cpp.dir/rosidl_typesupport_cpp/my_first_package_msgs/action/dist_turtle__type_support.cpp.o[0m
[10.764s] [ 27%] [32mBuilding CXX object CMakeFiles/my_first_package_msgs__rosidl_typesupport_fastrtps_cpp.dir/rosidl_typesupport_fastrtps_cpp/my_first_package_msgs/srv/detail/dds_fastrtps/multi_spawn__type_support.cpp.o[0m
[10.973s] [ 29%] [32m[1mLinking CXX shared library libmy_first_package_msgs__rosidl_typesupport_cpp.so[0m
[11.312s] [ 29%] Built target my_first_package_msgs__rosidl_typesupport_cpp
[11.371s] [ 31%] [34m[1mGenerating C++ introspection for ROS interfaces[0m
[12.714s] [ 34%] [32mBuilding CXX object CMakeFiles/my_first_package_msgs__rosidl_typesupport_fastrtps_cpp.dir/rosidl_typesupport_fastrtps_cpp/my_first_package_msgs/action/detail/dds_fastrtps/dist_turtle__type_support.cpp.o[0m
[13.339s] [35m[1mConsolidate compiler generated dependencies of target my_first_package_msgs__rosidl_typesupport_introspection_cpp[0m
[13.467s] [ 36%] [32mBuilding CXX object CMakeFiles/my_first_package_msgs__rosidl_typesupport_introspection_cpp.dir/rosidl_typesupport_introspection_cpp/my_first_package_msgs/msg/detail/cmd_and_pose_vel__type_support.cpp.o[0m
[13.889s] [ 38%] [32m[1mLinking CXX shared library libmy_first_package_msgs__rosidl_typesupport_fastrtps_cpp.so[0m
[14.138s] [ 38%] Built target my_first_package_msgs__rosidl_typesupport_fastrtps_cpp
[14.457s] [ 40%] [32mBuilding CXX object CMakeFiles/my_first_package_msgs__rosidl_typesupport_introspection_cpp.dir/rosidl_typesupport_introspection_cpp/my_first_package_msgs/srv/detail/multi_spawn__type_support.cpp.o[0m
[14.650s] running egg_info
[14.676s] writing my_first_package_msgs.egg-info/PKG-INFO
[14.680s] writing dependency_links to my_first_package_msgs.egg-info/dependency_links.txt
[14.681s] writing top-level names to my_first_package_msgs.egg-info/top_level.txt
[14.798s] reading manifest file 'my_first_package_msgs.egg-info/SOURCES.txt'
[14.800s] writing manifest file 'my_first_package_msgs.egg-info/SOURCES.txt'
[14.838s] [ 40%] Built target ament_cmake_python_build_my_first_package_msgs_egg
[15.060s] [ 42%] [32mBuilding CXX object CMakeFiles/my_first_package_msgs__rosidl_typesupport_introspection_cpp.dir/rosidl_typesupport_introspection_cpp/my_first_package_msgs/action/detail/dist_turtle__type_support.cpp.o[0m
[15.972s] [ 44%] [32m[1mLinking CXX shared library libmy_first_package_msgs__rosidl_typesupport_introspection_cpp.so[0m
[16.098s] [ 44%] Built target my_first_package_msgs__rosidl_typesupport_introspection_cpp
[16.139s] [ 46%] [34m[1mGenerating C type support for eProsima Fast-RTPS[0m
[17.166s] [35m[1mConsolidate compiler generated dependencies of target my_first_package_msgs__rosidl_typesupport_fastrtps_c[0m
[17.193s] [ 48%] [32mBuilding CXX object CMakeFiles/my_first_package_msgs__rosidl_typesupport_fastrtps_c.dir/rosidl_typesupport_fastrtps_c/my_first_package_msgs/msg/detail/cmd_and_pose_vel__type_support_c.cpp.o[0m
[17.574s] [ 51%] [32mBuilding CXX object CMakeFiles/my_first_package_msgs__rosidl_typesupport_fastrtps_c.dir/rosidl_typesupport_fastrtps_c/my_first_package_msgs/srv/detail/multi_spawn__type_support_c.cpp.o[0m
[18.123s] [ 53%] [32mBuilding CXX object CMakeFiles/my_first_package_msgs__rosidl_typesupport_fastrtps_c.dir/rosidl_typesupport_fastrtps_c/my_first_package_msgs/action/detail/dist_turtle__type_support_c.cpp.o[0m
[18.607s] [ 55%] [32m[1mLinking CXX shared library libmy_first_package_msgs__rosidl_typesupport_fastrtps_c.so[0m
[18.721s] [ 55%] Built target my_first_package_msgs__rosidl_typesupport_fastrtps_c
[18.737s] [ 57%] [34m[1mGenerating C introspection for ROS interfaces[0m
[19.731s] [35m[1mConsolidate compiler generated dependencies of target my_first_package_msgs__rosidl_typesupport_introspection_c[0m
[19.753s] [ 59%] [32mBuilding C object CMakeFiles/my_first_package_msgs__rosidl_typesupport_introspection_c.dir/rosidl_typesupport_introspection_c/my_first_package_msgs/msg/detail/cmd_and_pose_vel__type_support.c.o[0m
[19.833s] [ 61%] [32mBuilding C object CMakeFiles/my_first_package_msgs__rosidl_typesupport_introspection_c.dir/rosidl_typesupport_introspection_c/my_first_package_msgs/srv/detail/multi_spawn__type_support.c.o[0m
[19.926s] [ 63%] [32mBuilding C object CMakeFiles/my_first_package_msgs__rosidl_typesupport_introspection_c.dir/rosidl_typesupport_introspection_c/my_first_package_msgs/action/detail/dist_turtle__type_support.c.o[0m
[20.023s] [ 65%] [32m[1mLinking C shared library libmy_first_package_msgs__rosidl_typesupport_introspection_c.so[0m
[20.079s] [ 65%] Built target my_first_package_msgs__rosidl_typesupport_introspection_c
[20.123s] [ 68%] [34m[1mGenerating C type support dispatch for ROS interfaces[0m
[20.688s] [35m[1mConsolidate compiler generated dependencies of target my_first_package_msgs__rosidl_typesupport_c[0m
[20.737s] [ 70%] [32mBuilding CXX object CMakeFiles/my_first_package_msgs__rosidl_typesupport_c.dir/rosidl_typesupport_c/my_first_package_msgs/msg/cmd_and_pose_vel__type_support.cpp.o[0m
[20.848s] [ 72%] [32mBuilding CXX object CMakeFiles/my_first_package_msgs__rosidl_typesupport_c.dir/rosidl_typesupport_c/my_first_package_msgs/srv/multi_spawn__type_support.cpp.o[0m
[20.929s] [ 74%] [32mBuilding CXX object CMakeFiles/my_first_package_msgs__rosidl_typesupport_c.dir/rosidl_typesupport_c/my_first_package_msgs/action/dist_turtle__type_support.cpp.o[0m
[21.020s] [ 76%] [32m[1mLinking CXX shared library libmy_first_package_msgs__rosidl_typesupport_c.so[0m
[21.076s] [ 76%] Built target my_first_package_msgs__rosidl_typesupport_c
[21.143s] [ 76%] Built target my_first_package_msgs
[21.172s] [ 78%] [34m[1mGenerating Python code for ROS interfaces[0m
[23.388s] [ 78%] Built target my_first_package_msgs__py
[23.402s] [35m[1mConsolidate compiler generated dependencies of target my_first_package_msgs__rosidl_generator_py[0m
[23.481s] [ 80%] [32mBuilding C object CMakeFiles/my_first_package_msgs__rosidl_generator_py.dir/rosidl_generator_py/my_first_package_msgs/msg/_cmd_and_pose_vel_s.c.o[0m
[23.850s] [ 82%] [32mBuilding C object CMakeFiles/my_first_package_msgs__rosidl_generator_py.dir/rosidl_generator_py/my_first_package_msgs/srv/_multi_spawn_s.c.o[0m
[24.127s] [ 85%] [32mBuilding C object CMakeFiles/my_first_package_msgs__rosidl_generator_py.dir/rosidl_generator_py/my_first_package_msgs/action/_dist_turtle_s.c.o[0m
[24.709s] [ 87%] [32m[1mLinking C shared library rosidl_generator_py/my_first_package_msgs/libmy_first_package_msgs__rosidl_generator_py.so[0m
[25.035s] [ 87%] Built target my_first_package_msgs__rosidl_generator_py
[25.092s] [35m[1mConsolidate compiler generated dependencies of target my_first_package_msgs__rosidl_typesupport_fastrtps_c__pyext[0m
[25.152s] [ 89%] [32mBuilding C object CMakeFiles/my_first_package_msgs__rosidl_typesupport_fastrtps_c__pyext.dir/rosidl_generator_py/my_first_package_msgs/_my_first_package_msgs_s.ep.rosidl_typesupport_fastrtps_c.c.o[0m
[25.505s] [ 91%] [32m[1mLinking C shared library rosidl_generator_py/my_first_package_msgs/my_first_package_msgs_s__rosidl_typesupport_fastrtps_c.cpython-310-x86_64-linux-gnu.so[0m
[25.598s] [ 91%] Built target my_first_package_msgs__rosidl_typesupport_fastrtps_c__pyext
[25.702s] [35m[1mConsolidate compiler generated dependencies of target my_first_package_msgs__rosidl_typesupport_introspection_c__pyext[0m
[25.731s] [ 93%] [32mBuilding C object CMakeFiles/my_first_package_msgs__rosidl_typesupport_introspection_c__pyext.dir/rosidl_generator_py/my_first_package_msgs/_my_first_package_msgs_s.ep.rosidl_typesupport_introspection_c.c.o[0m
[26.165s] [ 95%] [32m[1mLinking C shared library rosidl_generator_py/my_first_package_msgs/my_first_package_msgs_s__rosidl_typesupport_introspection_c.cpython-310-x86_64-linux-gnu.so[0m
[26.277s] [ 95%] Built target my_first_package_msgs__rosidl_typesupport_introspection_c__pyext
[26.334s] [35m[1mConsolidate compiler generated dependencies of target my_first_package_msgs__rosidl_typesupport_c__pyext[0m
[26.361s] [ 97%] [32mBuilding C object CMakeFiles/my_first_package_msgs__rosidl_typesupport_c__pyext.dir/rosidl_generator_py/my_first_package_msgs/_my_first_package_msgs_s.ep.rosidl_typesupport_c.c.o[0m
[26.690s] [100%] [32m[1mLinking C shared library rosidl_generator_py/my_first_package_msgs/my_first_package_msgs_s__rosidl_typesupport_c.cpython-310-x86_64-linux-gnu.so[0m
[26.788s] [100%] Built target my_first_package_msgs__rosidl_typesupport_c__pyext
[26.809s] Invoked command in '/home/krism01/python/ros/ros2_study/build/my_first_package_msgs' returned '0': CMAKE_PREFIX_PATH=${CMAKE_PREFIX_PATH}:/home/krism01/python/ros/ros2_study/install/my_first_package:/opt/ros/humble /usr/bin/cmake --build /home/krism01/python/ros/ros2_study/build/my_first_package_msgs -- -j2 -l2
[27.178s] Invoking command in '/home/krism01/python/ros/ros2_study/build/my_first_package_msgs': CMAKE_PREFIX_PATH=${CMAKE_PREFIX_PATH}:/home/krism01/python/ros/ros2_study/install/my_first_package:/opt/ros/humble /usr/bin/cmake --install /home/krism01/python/ros/ros2_study/build/my_first_package_msgs
[27.197s] -- Install configuration: ""
[27.197s] -- Installing: /home/krism01/python/ros/ros2_study/install/my_first_package_msgs/share/ament_index/resource_index/rosidl_interfaces/my_first_package_msgs
[27.197s] -- Up-to-date: /home/krism01/python/ros/ros2_study/install/my_first_package_msgs/include/my_first_package_msgs/my_first_package_msgs
[27.197s] -- Installing: /home/krism01/python/ros/ros2_study/install/my_first_package_msgs/include/my_first_package_msgs/my_first_package_msgs/action
[27.197s] -- Installing: /home/krism01/python/ros/ros2_study/install/my_first_package_msgs/include/my_first_package_msgs/my_first_package_msgs/action/detail
[27.198s] -- Installing: /home/krism01/python/ros/ros2_study/install/my_first_package_msgs/include/my_first_package_msgs/my_first_package_msgs/action/detail/dist_turtle__struct.h
[27.198s] -- Installing: /home/krism01/python/ros/ros2_study/install/my_first_package_msgs/include/my_first_package_msgs/my_first_package_msgs/action/detail/dist_turtle__type_support.h
[27.198s] -- Installing: /home/krism01/python/ros/ros2_study/install/my_first_package_msgs/include/my_first_package_msgs/my_first_package_msgs/action/detail/dist_turtle__functions.h
[27.202s] -- Installing: /home/krism01/python/ros/ros2_study/install/my_first_package_msgs/include/my_first_package_msgs/my_first_package_msgs/action/detail/dist_turtle__functions.c
[27.203s] -- Installing: /home/krism01/python/ros/ros2_study/install/my_first_package_msgs/include/my_first_package_msgs/my_first_package_msgs/action/dist_turtle.h
[27.203s] -- Up-to-date: /home/krism01/python/ros/ros2_study/install/my_first_package_msgs/include/my_first_package_msgs/my_first_package_msgs/msg
[27.203s] -- Installing: /home/krism01/python/ros/ros2_study/install/my_first_package_msgs/include/my_first_package_msgs/my_first_package_msgs/msg/cmd_and_pose_vel.h
[27.203s] -- Up-to-date: /home/krism01/python/ros/ros2_study/install/my_first_package_msgs/include/my_first_package_msgs/my_first_package_msgs/msg/detail
[27.203s] -- Installing: /home/krism01/python/ros/ros2_study/install/my_first_package_msgs/include/my_first_package_msgs/my_first_package_msgs/msg/detail/cmd_and_pose_vel__functions.c
[27.203s] -- Installing: /home/krism01/python/ros/ros2_study/install/my_first_package_msgs/include/my_first_package_msgs/my_first_package_msgs/msg/detail/cmd_and_pose_vel__type_support.h
[27.203s] -- Installing: /home/krism01/python/ros/ros2_study/install/my_first_package_msgs/include/my_first_package_msgs/my_first_package_msgs/msg/detail/cmd_and_pose_vel__functions.h
[27.203s] -- Installing: /home/krism01/python/ros/ros2_study/install/my_first_package_msgs/include/my_first_package_msgs/my_first_package_msgs/msg/detail/cmd_and_pose_vel__struct.h
[27.203s] -- Up-to-date: /home/krism01/python/ros/ros2_study/install/my_first_package_msgs/include/my_first_package_msgs/my_first_package_msgs/msg/rosidl_generator_c__visibility_control.h
[27.203s] -- Up-to-date: /home/krism01/python/ros/ros2_study/install/my_first_package_msgs/include/my_first_package_msgs/my_first_package_msgs/srv
[27.203s] -- Up-to-date: /home/krism01/python/ros/ros2_study/install/my_first_package_msgs/include/my_first_package_msgs/my_first_package_msgs/srv/detail
[27.204s] -- Installing: /home/krism01/python/ros/ros2_study/install/my_first_package_msgs/include/my_first_package_msgs/my_first_package_msgs/srv/detail/multi_spawn__struct.h
[27.204s] -- Installing: /home/krism01/python/ros/ros2_study/install/my_first_package_msgs/include/my_first_package_msgs/my_first_package_msgs/srv/detail/multi_spawn__functions.h
[27.204s] -- Installing: /home/krism01/python/ros/ros2_study/install/my_first_package_msgs/include/my_first_package_msgs/my_first_package_msgs/srv/detail/multi_spawn__type_support.h
[27.204s] -- Installing: /home/krism01/python/ros/ros2_study/install/my_first_package_msgs/include/my_first_package_msgs/my_first_package_msgs/srv/detail/multi_spawn__functions.c
[27.204s] -- Installing: /home/krism01/python/ros/ros2_study/install/my_first_package_msgs/include/my_first_package_msgs/my_first_package_msgs/srv/multi_spawn.h
[27.204s] -- Up-to-date: /home/krism01/python/ros/ros2_study/install/my_first_package_msgs/share/my_first_package_msgs/environment/library_path.sh
[27.204s] -- Installing: /home/krism01/python/ros/ros2_study/install/my_first_package_msgs/share/my_first_package_msgs/environment/library_path.dsv
[27.204s] -- Installing: /home/krism01/python/ros/ros2_study/install/my_first_package_msgs/lib/libmy_first_package_msgs__rosidl_generator_c.so
[27.204s] -- Set runtime path of "/home/krism01/python/ros/ros2_study/install/my_first_package_msgs/lib/libmy_first_package_msgs__rosidl_generator_c.so" to ""
[27.204s] -- Up-to-date: /home/krism01/python/ros/ros2_study/install/my_first_package_msgs/include/my_first_package_msgs/my_first_package_msgs
[27.204s] -- Up-to-date: /home/krism01/python/ros/ros2_study/install/my_first_package_msgs/include/my_first_package_msgs/my_first_package_msgs/action
[27.204s] -- Up-to-date: /home/krism01/python/ros/ros2_study/install/my_first_package_msgs/include/my_first_package_msgs/my_first_package_msgs/action/detail
[27.204s] -- Installing: /home/krism01/python/ros/ros2_study/install/my_first_package_msgs/include/my_first_package_msgs/my_first_package_msgs/action/detail/dist_turtle__rosidl_typesupport_fastrtps_c.h
[27.204s] -- Up-to-date: /home/krism01/python/ros/ros2_study/install/my_first_package_msgs/include/my_first_package_msgs/my_first_package_msgs/msg
[27.205s] -- Up-to-date: /home/krism01/python/ros/ros2_study/install/my_first_package_msgs/include/my_first_package_msgs/my_first_package_msgs/msg/detail
[27.205s] -- Installing: /home/krism01/python/ros/ros2_study/install/my_first_package_msgs/include/my_first_package_msgs/my_first_package_msgs/msg/detail/cmd_and_pose_vel__rosidl_typesupport_fastrtps_c.h
[27.205s] -- Up-to-date: /home/krism01/python/ros/ros2_study/install/my_first_package_msgs/include/my_first_package_msgs/my_first_package_msgs/msg/rosidl_typesupport_fastrtps_c__visibility_control.h
[27.205s] -- Up-to-date: /home/krism01/python/ros/ros2_study/install/my_first_package_msgs/include/my_first_package_msgs/my_first_package_msgs/srv
[27.205s] -- Up-to-date: /home/krism01/python/ros/ros2_study/install/my_first_package_msgs/include/my_first_package_msgs/my_first_package_msgs/srv/detail
[27.205s] -- Installing: /home/krism01/python/ros/ros2_study/install/my_first_package_msgs/include/my_first_package_msgs/my_first_package_msgs/srv/detail/multi_spawn__rosidl_typesupport_fastrtps_c.h
[27.205s] -- Installing: /home/krism01/python/ros/ros2_study/install/my_first_package_msgs/lib/libmy_first_package_msgs__rosidl_typesupport_fastrtps_c.so
[27.205s] -- Set runtime path of "/home/krism01/python/ros/ros2_study/install/my_first_package_msgs/lib/libmy_first_package_msgs__rosidl_typesupport_fastrtps_c.so" to ""
[27.205s] -- Up-to-date: /home/krism01/python/ros/ros2_study/install/my_first_package_msgs/include/my_first_package_msgs/my_first_package_msgs
[27.205s] -- Up-to-date: /home/krism01/python/ros/ros2_study/install/my_first_package_msgs/include/my_first_package_msgs/my_first_package_msgs/action
[27.205s] -- Up-to-date: /home/krism01/python/ros/ros2_study/install/my_first_package_msgs/include/my_first_package_msgs/my_first_package_msgs/action/detail
[27.205s] -- Installing: /home/krism01/python/ros/ros2_study/install/my_first_package_msgs/include/my_first_package_msgs/my_first_package_msgs/action/detail/dist_turtle__rosidl_typesupport_introspection_c.h
[27.205s] -- Installing: /home/krism01/python/ros/ros2_study/install/my_first_package_msgs/include/my_first_package_msgs/my_first_package_msgs/action/detail/dist_turtle__type_support.c
[27.205s] -- Up-to-date: /home/krism01/python/ros/ros2_study/install/my_first_package_msgs/include/my_first_package_msgs/my_first_package_msgs/msg
[27.206s] -- Up-to-date: /home/krism01/python/ros/ros2_study/install/my_first_package_msgs/include/my_first_package_msgs/my_first_package_msgs/msg/detail
[27.206s] -- Installing: /home/krism01/python/ros/ros2_study/install/my_first_package_msgs/include/my_first_package_msgs/my_first_package_msgs/msg/detail/cmd_and_pose_vel__rosidl_typesupport_introspection_c.h
[27.206s] -- Installing: /home/krism01/python/ros/ros2_study/install/my_first_package_msgs/include/my_first_package_msgs/my_first_package_msgs/msg/detail/cmd_and_pose_vel__type_support.c
[27.206s] -- Up-to-date: /home/krism01/python/ros/ros2_study/install/my_first_package_msgs/include/my_first_package_msgs/my_first_package_msgs/msg/rosidl_typesupport_introspection_c__visibility_control.h
[27.206s] -- Up-to-date: /home/krism01/python/ros/ros2_study/install/my_first_package_msgs/include/my_first_package_msgs/my_first_package_msgs/srv
[27.206s] -- Up-to-date: /home/krism01/python/ros/ros2_study/install/my_first_package_msgs/include/my_first_package_msgs/my_first_package_msgs/srv/detail
[27.206s] -- Installing: /home/krism01/python/ros/ros2_study/install/my_first_package_msgs/include/my_first_package_msgs/my_first_package_msgs/srv/detail/multi_spawn__rosidl_typesupport_introspection_c.h
[27.206s] -- Installing: /home/krism01/python/ros/ros2_study/install/my_first_package_msgs/include/my_first_package_msgs/my_first_package_msgs/srv/detail/multi_spawn__type_support.c
[27.206s] -- Installing: /home/krism01/python/ros/ros2_study/install/my_first_package_msgs/lib/libmy_first_package_msgs__rosidl_typesupport_introspection_c.so
[27.206s] -- Set runtime path of "/home/krism01/python/ros/ros2_study/install/my_first_package_msgs/lib/libmy_first_package_msgs__rosidl_typesupport_introspection_c.so" to ""
[27.208s] -- Installing: /home/krism01/python/ros/ros2_study/install/my_first_package_msgs/lib/libmy_first_package_msgs__rosidl_typesupport_c.so
[27.208s] -- Set runtime path of "/home/krism01/python/ros/ros2_study/install/my_first_package_msgs/lib/libmy_first_package_msgs__rosidl_typesupport_c.so" to ""
[27.208s] -- Up-to-date: /home/krism01/python/ros/ros2_study/install/my_first_package_msgs/include/my_first_package_msgs/my_first_package_msgs
[27.208s] -- Up-to-date: /home/krism01/python/ros/ros2_study/install/my_first_package_msgs/include/my_first_package_msgs/my_first_package_msgs/action
[27.208s] -- Up-to-date: /home/krism01/python/ros/ros2_study/install/my_first_package_msgs/include/my_first_package_msgs/my_first_package_msgs/action/detail
[27.208s] -- Installing: /home/krism01/python/ros/ros2_study/install/my_first_package_msgs/include/my_first_package_msgs/my_first_package_msgs/action/detail/dist_turtle__builder.hpp
[27.208s] -- Installing: /home/krism01/python/ros/ros2_study/install/my_first_package_msgs/include/my_first_package_msgs/my_first_package_msgs/action/detail/dist_turtle__struct.hpp
[27.209s] -- Installing: /home/krism01/python/ros/ros2_study/install/my_first_package_msgs/include/my_first_package_msgs/my_first_package_msgs/action/detail/dist_turtle__traits.hpp
[27.209s] -- Installing: /home/krism01/python/ros/ros2_study/install/my_first_package_msgs/include/my_first_package_msgs/my_first_package_msgs/action/dist_turtle.hpp
[27.209s] -- Up-to-date: /home/krism01/python/ros/ros2_study/install/my_first_package_msgs/include/my_first_package_msgs/my_first_package_msgs/msg
[27.210s] -- Up-to-date: /home/krism01/python/ros/ros2_study/install/my_first_package_msgs/include/my_first_package_msgs/my_first_package_msgs/msg/detail
[27.210s] -- Installing: /home/krism01/python/ros/ros2_study/install/my_first_package_msgs/include/my_first_package_msgs/my_first_package_msgs/msg/detail/cmd_and_pose_vel__builder.hpp
[27.210s] -- Installing: /home/krism01/python/ros/ros2_study/install/my_first_package_msgs/include/my_first_package_msgs/my_first_package_msgs/msg/detail/cmd_and_pose_vel__struct.hpp
[27.211s] -- Installing: /home/krism01/python/ros/ros2_study/install/my_first_package_msgs/include/my_first_package_msgs/my_first_package_msgs/msg/detail/cmd_and_pose_vel__traits.hpp
[27.211s] -- Installing: /home/krism01/python/ros/ros2_study/install/my_first_package_msgs/include/my_first_package_msgs/my_first_package_msgs/msg/cmd_and_pose_vel.hpp
[27.211s] -- Up-to-date: /home/krism01/python/ros/ros2_study/install/my_first_package_msgs/include/my_first_package_msgs/my_first_package_msgs/srv
[27.211s] -- Up-to-date: /home/krism01/python/ros/ros2_study/install/my_first_package_msgs/include/my_first_package_msgs/my_first_package_msgs/srv/detail
[27.211s] -- Installing: /home/krism01/python/ros/ros2_study/install/my_first_package_msgs/include/my_first_package_msgs/my_first_package_msgs/srv/detail/multi_spawn__struct.hpp
[27.212s] -- Installing: /home/krism01/python/ros/ros2_study/install/my_first_package_msgs/include/my_first_package_msgs/my_first_package_msgs/srv/detail/multi_spawn__traits.hpp
[27.212s] -- Installing: /home/krism01/python/ros/ros2_study/install/my_first_package_msgs/include/my_first_package_msgs/my_first_package_msgs/srv/detail/multi_spawn__builder.hpp
[27.212s] -- Installing: /home/krism01/python/ros/ros2_study/install/my_first_package_msgs/include/my_first_package_msgs/my_first_package_msgs/srv/multi_spawn.hpp
[27.212s] -- Up-to-date: /home/krism01/python/ros/ros2_study/install/my_first_package_msgs/include/my_first_package_msgs/my_first_package_msgs
[27.212s] -- Up-to-date: /home/krism01/python/ros/ros2_study/install/my_first_package_msgs/include/my_first_package_msgs/my_first_package_msgs/action
[27.212s] -- Up-to-date: /home/krism01/python/ros/ros2_study/install/my_first_package_msgs/include/my_first_package_msgs/my_first_package_msgs/action/detail
[27.213s] -- Installing: /home/krism01/python/ros/ros2_study/install/my_first_package_msgs/include/my_first_package_msgs/my_first_package_msgs/action/detail/dist_turtle__rosidl_typesupport_fastrtps_cpp.hpp
[27.213s] -- Installing: /home/krism01/python/ros/ros2_study/install/my_first_package_msgs/include/my_first_package_msgs/my_first_package_msgs/action/detail/dds_fastrtps
[27.213s] -- Up-to-date: /home/krism01/python/ros/ros2_study/install/my_first_package_msgs/include/my_first_package_msgs/my_first_package_msgs/msg
[27.213s] -- Up-to-date: /home/krism01/python/ros/ros2_study/install/my_first_package_msgs/include/my_first_package_msgs/my_first_package_msgs/msg/detail
[27.213s] -- Up-to-date: /home/krism01/python/ros/ros2_study/install/my_first_package_msgs/include/my_first_package_msgs/my_first_package_msgs/msg/detail/dds_fastrtps
[27.213s] -- Installing: /home/krism01/python/ros/ros2_study/install/my_first_package_msgs/include/my_first_package_msgs/my_first_package_msgs/msg/detail/cmd_and_pose_vel__rosidl_typesupport_fastrtps_cpp.hpp
[27.215s] -- Up-to-date: /home/krism01/python/ros/ros2_study/install/my_first_package_msgs/include/my_first_package_msgs/my_first_package_msgs/msg/rosidl_typesupport_fastrtps_cpp__visibility_control.h
[27.215s] -- Up-to-date: /home/krism01/python/ros/ros2_study/install/my_first_package_msgs/include/my_first_package_msgs/my_first_package_msgs/srv
[27.215s] -- Up-to-date: /home/krism01/python/ros/ros2_study/install/my_first_package_msgs/include/my_first_package_msgs/my_first_package_msgs/srv/detail
[27.215s] -- Up-to-date: /home/krism01/python/ros/ros2_study/install/my_first_package_msgs/include/my_first_package_msgs/my_first_package_msgs/srv/detail/dds_fastrtps
[27.215s] -- Installing: /home/krism01/python/ros/ros2_study/install/my_first_package_msgs/include/my_first_package_msgs/my_first_package_msgs/srv/detail/multi_spawn__rosidl_typesupport_fastrtps_cpp.hpp
[27.217s] -- Installing: /home/krism01/python/ros/ros2_study/install/my_first_package_msgs/lib/libmy_first_package_msgs__rosidl_typesupport_fastrtps_cpp.so
[27.217s] -- Set runtime path of "/home/krism01/python/ros/ros2_study/install/my_first_package_msgs/lib/libmy_first_package_msgs__rosidl_typesupport_fastrtps_cpp.so" to ""
[27.218s] -- Up-to-date: /home/krism01/python/ros/ros2_study/install/my_first_package_msgs/include/my_first_package_msgs/my_first_package_msgs
[27.218s] -- Up-to-date: /home/krism01/python/ros/ros2_study/install/my_first_package_msgs/include/my_first_package_msgs/my_first_package_msgs/action
[27.218s] -- Up-to-date: /home/krism01/python/ros/ros2_study/install/my_first_package_msgs/include/my_first_package_msgs/my_first_package_msgs/action/detail
[27.218s] -- Installing: /home/krism01/python/ros/ros2_study/install/my_first_package_msgs/include/my_first_package_msgs/my_first_package_msgs/action/detail/dist_turtle__rosidl_typesupport_introspection_cpp.hpp
[27.218s] -- Installing: /home/krism01/python/ros/ros2_study/install/my_first_package_msgs/include/my_first_package_msgs/my_first_package_msgs/action/detail/dist_turtle__type_support.cpp
[27.219s] -- Up-to-date: /home/krism01/python/ros/ros2_study/install/my_first_package_msgs/include/my_first_package_msgs/my_first_package_msgs/msg
[27.219s] -- Up-to-date: /home/krism01/python/ros/ros2_study/install/my_first_package_msgs/include/my_first_package_msgs/my_first_package_msgs/msg/detail
[27.219s] -- Installing: /home/krism01/python/ros/ros2_study/install/my_first_package_msgs/include/my_first_package_msgs/my_first_package_msgs/msg/detail/cmd_and_pose_vel__rosidl_typesupport_introspection_cpp.hpp
[27.219s] -- Installing: /home/krism01/python/ros/ros2_study/install/my_first_package_msgs/include/my_first_package_msgs/my_first_package_msgs/msg/detail/cmd_and_pose_vel__type_support.cpp
[27.219s] -- Up-to-date: /home/krism01/python/ros/ros2_study/install/my_first_package_msgs/include/my_first_package_msgs/my_first_package_msgs/srv
[27.219s] -- Up-to-date: /home/krism01/python/ros/ros2_study/install/my_first_package_msgs/include/my_first_package_msgs/my_first_package_msgs/srv/detail
[27.219s] -- Installing: /home/krism01/python/ros/ros2_study/install/my_first_package_msgs/include/my_first_package_msgs/my_first_package_msgs/srv/detail/multi_spawn__rosidl_typesupport_introspection_cpp.hpp
[27.219s] -- Installing: /home/krism01/python/ros/ros2_study/install/my_first_package_msgs/include/my_first_package_msgs/my_first_package_msgs/srv/detail/multi_spawn__type_support.cpp
[27.222s] -- Installing: /home/krism01/python/ros/ros2_study/install/my_first_package_msgs/lib/libmy_first_package_msgs__rosidl_typesupport_introspection_cpp.so
[27.222s] -- Set runtime path of "/home/krism01/python/ros/ros2_study/install/my_first_package_msgs/lib/libmy_first_package_msgs__rosidl_typesupport_introspection_cpp.so" to ""
[27.223s] -- Installing: /home/krism01/python/ros/ros2_study/install/my_first_package_msgs/lib/libmy_first_package_msgs__rosidl_typesupport_cpp.so
[27.223s] -- Set runtime path of "/home/krism01/python/ros/ros2_study/install/my_first_package_msgs/lib/libmy_first_package_msgs__rosidl_typesupport_cpp.so" to ""
[27.224s] -- Up-to-date: /home/krism01/python/ros/ros2_study/install/my_first_package_msgs/share/my_first_package_msgs/environment/pythonpath.sh
[27.224s] -- Installing: /home/krism01/python/ros/ros2_study/install/my_first_package_msgs/share/my_first_package_msgs/environment/pythonpath.dsv
[27.224s] -- Up-to-date: /home/krism01/python/ros/ros2_study/install/my_first_package_msgs/local/lib/python3.10/dist-packages/my_first_package_msgs-0.0.0-py3.10.egg-info
[27.224s] -- Installing: /home/krism01/python/ros/ros2_study/install/my_first_package_msgs/local/lib/python3.10/dist-packages/my_first_package_msgs-0.0.0-py3.10.egg-info/dependency_links.txt
[27.225s] -- Installing: /home/krism01/python/ros/ros2_study/install/my_first_package_msgs/local/lib/python3.10/dist-packages/my_first_package_msgs-0.0.0-py3.10.egg-info/PKG-INFO
[27.225s] -- Installing: /home/krism01/python/ros/ros2_study/install/my_first_package_msgs/local/lib/python3.10/dist-packages/my_first_package_msgs-0.0.0-py3.10.egg-info/top_level.txt
[27.225s] -- Installing: /home/krism01/python/ros/ros2_study/install/my_first_package_msgs/local/lib/python3.10/dist-packages/my_first_package_msgs-0.0.0-py3.10.egg-info/SOURCES.txt
[27.225s] -- Up-to-date: /home/krism01/python/ros/ros2_study/install/my_first_package_msgs/local/lib/python3.10/dist-packages/my_first_package_msgs
[27.226s] -- Installing: /home/krism01/python/ros/ros2_study/install/my_first_package_msgs/local/lib/python3.10/dist-packages/my_first_package_msgs/my_first_package_msgs_s__rosidl_typesupport_fastrtps_c.cpython-310-x86_64-linux-gnu.so
[27.226s] -- Installing: /home/krism01/python/ros/ros2_study/install/my_first_package_msgs/local/lib/python3.10/dist-packages/my_first_package_msgs/_my_first_package_msgs_s.ep.rosidl_typesupport_c.c
[27.226s] -- Installing: /home/krism01/python/ros/ros2_study/install/my_first_package_msgs/local/lib/python3.10/dist-packages/my_first_package_msgs/my_first_package_msgs_s__rosidl_typesupport_introspection_c.cpython-310-x86_64-linux-gnu.so
[27.227s] -- Installing: /home/krism01/python/ros/ros2_study/install/my_first_package_msgs/local/lib/python3.10/dist-packages/my_first_package_msgs/__init__.py
[27.227s] -- Installing: /home/krism01/python/ros/ros2_study/install/my_first_package_msgs/local/lib/python3.10/dist-packages/my_first_package_msgs/libmy_first_package_msgs__rosidl_generator_py.so
[27.227s] -- Installing: /home/krism01/python/ros/ros2_study/install/my_first_package_msgs/local/lib/python3.10/dist-packages/my_first_package_msgs/action
[27.227s] -- Installing: /home/krism01/python/ros/ros2_study/install/my_first_package_msgs/local/lib/python3.10/dist-packages/my_first_package_msgs/action/_dist_turtle_s.c
[27.228s] -- Installing: /home/krism01/python/ros/ros2_study/install/my_first_package_msgs/local/lib/python3.10/dist-packages/my_first_package_msgs/action/__init__.py
[27.228s] -- Installing: /home/krism01/python/ros/ros2_study/install/my_first_package_msgs/local/lib/python3.10/dist-packages/my_first_package_msgs/action/_dist_turtle.py
[27.228s] -- Up-to-date: /home/krism01/python/ros/ros2_study/install/my_first_package_msgs/local/lib/python3.10/dist-packages/my_first_package_msgs/msg
[27.228s] -- Installing: /home/krism01/python/ros/ros2_study/install/my_first_package_msgs/local/lib/python3.10/dist-packages/my_first_package_msgs/msg/_cmd_and_pose_vel.py
[27.229s] -- Installing: /home/krism01/python/ros/ros2_study/install/my_first_package_msgs/local/lib/python3.10/dist-packages/my_first_package_msgs/msg/__init__.py
[27.229s] -- Installing: /home/krism01/python/ros/ros2_study/install/my_first_package_msgs/local/lib/python3.10/dist-packages/my_first_package_msgs/msg/_cmd_and_pose_vel_s.c
[27.229s] -- Up-to-date: /home/krism01/python/ros/ros2_study/install/my_first_package_msgs/local/lib/python3.10/dist-packages/my_first_package_msgs/srv
[27.229s] -- Installing: /home/krism01/python/ros/ros2_study/install/my_first_package_msgs/local/lib/python3.10/dist-packages/my_first_package_msgs/srv/_multi_spawn.py
[27.230s] -- Installing: /home/krism01/python/ros/ros2_study/install/my_first_package_msgs/local/lib/python3.10/dist-packages/my_first_package_msgs/srv/_multi_spawn_s.c
[27.230s] -- Installing: /home/krism01/python/ros/ros2_study/install/my_first_package_msgs/local/lib/python3.10/dist-packages/my_first_package_msgs/srv/__init__.py
[27.230s] -- Installing: /home/krism01/python/ros/ros2_study/install/my_first_package_msgs/local/lib/python3.10/dist-packages/my_first_package_msgs/my_first_package_msgs_s__rosidl_typesupport_c.cpython-310-x86_64-linux-gnu.so
[27.238s] -- Installing: /home/krism01/python/ros/ros2_study/install/my_first_package_msgs/local/lib/python3.10/dist-packages/my_first_package_msgs/_my_first_package_msgs_s.ep.rosidl_typesupport_introspection_c.c
[27.238s] -- Installing: /home/krism01/python/ros/ros2_study/install/my_first_package_msgs/local/lib/python3.10/dist-packages/my_first_package_msgs/_my_first_package_msgs_s.ep.rosidl_typesupport_fastrtps_c.c
[27.323s] Listing '/home/krism01/python/ros/ros2_study/install/my_first_package_msgs/local/lib/python3.10/dist-packages/my_first_package_msgs'...
[27.324s] Compiling '/home/krism01/python/ros/ros2_study/install/my_first_package_msgs/local/lib/python3.10/dist-packages/my_first_package_msgs/__init__.py'...
[27.324s] Listing '/home/krism01/python/ros/ros2_study/install/my_first_package_msgs/local/lib/python3.10/dist-packages/my_first_package_msgs/action'...
[27.324s] Compiling '/home/krism01/python/ros/ros2_study/install/my_first_package_msgs/local/lib/python3.10/dist-packages/my_first_package_msgs/action/__init__.py'...
[27.324s] Compiling '/home/krism01/python/ros/ros2_study/install/my_first_package_msgs/local/lib/python3.10/dist-packages/my_first_package_msgs/action/_dist_turtle.py'...
[27.324s] Listing '/home/krism01/python/ros/ros2_study/install/my_first_package_msgs/local/lib/python3.10/dist-packages/my_first_package_msgs/msg'...
[27.324s] Compiling '/home/krism01/python/ros/ros2_study/install/my_first_package_msgs/local/lib/python3.10/dist-packages/my_first_package_msgs/msg/__init__.py'...
[27.324s] Compiling '/home/krism01/python/ros/ros2_study/install/my_first_package_msgs/local/lib/python3.10/dist-packages/my_first_package_msgs/msg/_cmd_and_pose_vel.py'...
[27.324s] Listing '/home/krism01/python/ros/ros2_study/install/my_first_package_msgs/local/lib/python3.10/dist-packages/my_first_package_msgs/srv'...
[27.324s] Compiling '/home/krism01/python/ros/ros2_study/install/my_first_package_msgs/local/lib/python3.10/dist-packages/my_first_package_msgs/srv/__init__.py'...
[27.324s] Compiling '/home/krism01/python/ros/ros2_study/install/my_first_package_msgs/local/lib/python3.10/dist-packages/my_first_package_msgs/srv/_multi_spawn.py'...
[27.331s] -- Installing: /home/krism01/python/ros/ros2_study/install/my_first_package_msgs/local/lib/python3.10/dist-packages/my_first_package_msgs/my_first_package_msgs_s__rosidl_typesupport_fastrtps_c.cpython-310-x86_64-linux-gnu.so
[27.331s] -- Set runtime path of "/home/krism01/python/ros/ros2_study/install/my_first_package_msgs/local/lib/python3.10/dist-packages/my_first_package_msgs/my_first_package_msgs_s__rosidl_typesupport_fastrtps_c.cpython-310-x86_64-linux-gnu.so" to ""
[27.331s] -- Installing: /home/krism01/python/ros/ros2_study/install/my_first_package_msgs/local/lib/python3.10/dist-packages/my_first_package_msgs/my_first_package_msgs_s__rosidl_typesupport_introspection_c.cpython-310-x86_64-linux-gnu.so
[27.331s] -- Set runtime path of "/home/krism01/python/ros/ros2_study/install/my_first_package_msgs/local/lib/python3.10/dist-packages/my_first_package_msgs/my_first_package_msgs_s__rosidl_typesupport_introspection_c.cpython-310-x86_64-linux-gnu.so" to ""
[27.331s] -- Installing: /home/krism01/python/ros/ros2_study/install/my_first_package_msgs/local/lib/python3.10/dist-packages/my_first_package_msgs/my_first_package_msgs_s__rosidl_typesupport_c.cpython-310-x86_64-linux-gnu.so
[27.331s] -- Set runtime path of "/home/krism01/python/ros/ros2_study/install/my_first_package_msgs/local/lib/python3.10/dist-packages/my_first_package_msgs/my_first_package_msgs_s__rosidl_typesupport_c.cpython-310-x86_64-linux-gnu.so" to ""
[27.352s] -- Installing: /home/krism01/python/ros/ros2_study/install/my_first_package_msgs/lib/libmy_first_package_msgs__rosidl_generator_py.so
[27.353s] -- Set runtime path of "/home/krism01/python/ros/ros2_study/install/my_first_package_msgs/lib/libmy_first_package_msgs__rosidl_generator_py.so" to ""
[27.353s] -- Up-to-date: /home/krism01/python/ros/ros2_study/install/my_first_package_msgs/share/my_first_package_msgs/msg/CmdAndPoseVel.idl
[27.353s] -- Up-to-date: /home/krism01/python/ros/ros2_study/install/my_first_package_msgs/share/my_first_package_msgs/srv/MultiSpawn.idl
[27.353s] -- Installing: /home/krism01/python/ros/ros2_study/install/my_first_package_msgs/share/my_first_package_msgs/action/DistTurtle.idl
[27.353s] -- Up-to-date: /home/krism01/python/ros/ros2_study/install/my_first_package_msgs/share/my_first_package_msgs/msg/CmdAndPoseVel.msg
[27.353s] -- Up-to-date: /home/krism01/python/ros/ros2_study/install/my_first_package_msgs/share/my_first_package_msgs/srv/MultiSpawn.srv
[27.353s] -- Up-to-date: /home/krism01/python/ros/ros2_study/install/my_first_package_msgs/share/my_first_package_msgs/srv/MultiSpawn_Request.msg
[27.353s] -- Up-to-date: /home/krism01/python/ros/ros2_study/install/my_first_package_msgs/share/my_first_package_msgs/srv/MultiSpawn_Response.msg
[27.353s] -- Installing: /home/krism01/python/ros/ros2_study/install/my_first_package_msgs/share/my_first_package_msgs/action/DistTurtle.action
[27.353s] -- Installing: /home/krism01/python/ros/ros2_study/install/my_first_package_msgs/share/ament_index/resource_index/package_run_dependencies/my_first_package_msgs
[27.353s] -- Up-to-date: /home/krism01/python/ros/ros2_study/install/my_first_package_msgs/share/ament_index/resource_index/parent_prefix_path/my_first_package_msgs
[27.353s] -- Up-to-date: /home/krism01/python/ros/ros2_study/install/my_first_package_msgs/share/my_first_package_msgs/environment/ament_prefix_path.sh
[27.353s] -- Installing: /home/krism01/python/ros/ros2_study/install/my_first_package_msgs/share/my_first_package_msgs/environment/ament_prefix_path.dsv
[27.353s] -- Up-to-date: /home/krism01/python/ros/ros2_study/install/my_first_package_msgs/share/my_first_package_msgs/environment/path.sh
[27.354s] -- Installing: /home/krism01/python/ros/ros2_study/install/my_first_package_msgs/share/my_first_package_msgs/environment/path.dsv
[27.354s] -- Up-to-date: /home/krism01/python/ros/ros2_study/install/my_first_package_msgs/share/my_first_package_msgs/local_setup.bash
[27.354s] -- Up-to-date: /home/krism01/python/ros/ros2_study/install/my_first_package_msgs/share/my_first_package_msgs/local_setup.sh
[27.354s] -- Up-to-date: /home/krism01/python/ros/ros2_study/install/my_first_package_msgs/share/my_first_package_msgs/local_setup.zsh
[27.354s] -- Installing: /home/krism01/python/ros/ros2_study/install/my_first_package_msgs/share/my_first_package_msgs/local_setup.dsv
[27.354s] -- Installing: /home/krism01/python/ros/ros2_study/install/my_first_package_msgs/share/my_first_package_msgs/package.dsv
[27.354s] -- Up-to-date: /home/krism01/python/ros/ros2_study/install/my_first_package_msgs/share/ament_index/resource_index/packages/my_first_package_msgs
[27.354s] -- Old export file "/home/krism01/python/ros/ros2_study/install/my_first_package_msgs/share/my_first_package_msgs/cmake/export_my_first_package_msgs__rosidl_generator_cExport.cmake" will be replaced.  Removing files [/home/krism01/python/ros/ros2_study/install/my_first_package_msgs/share/my_first_package_msgs/cmake/export_my_first_package_msgs__rosidl_generator_cExport-noconfig.cmake].
[27.354s] -- Installing: /home/krism01/python/ros/ros2_study/install/my_first_package_msgs/share/my_first_package_msgs/cmake/export_my_first_package_msgs__rosidl_generator_cExport.cmake
[27.354s] -- Installing: /home/krism01/python/ros/ros2_study/install/my_first_package_msgs/share/my_first_package_msgs/cmake/export_my_first_package_msgs__rosidl_generator_cExport-noconfig.cmake
[27.354s] -- Old export file "/home/krism01/python/ros/ros2_study/install/my_first_package_msgs/share/my_first_package_msgs/cmake/export_my_first_package_msgs__rosidl_typesupport_fastrtps_cExport.cmake" will be replaced.  Removing files [/home/krism01/python/ros/ros2_study/install/my_first_package_msgs/share/my_first_package_msgs/cmake/export_my_first_package_msgs__rosidl_typesupport_fastrtps_cExport-noconfig.cmake].
[27.354s] -- Installing: /home/krism01/python/ros/ros2_study/install/my_first_package_msgs/share/my_first_package_msgs/cmake/export_my_first_package_msgs__rosidl_typesupport_fastrtps_cExport.cmake
[27.354s] -- Installing: /home/krism01/python/ros/ros2_study/install/my_first_package_msgs/share/my_first_package_msgs/cmake/export_my_first_package_msgs__rosidl_typesupport_fastrtps_cExport-noconfig.cmake
[27.355s] -- Old export file "/home/krism01/python/ros/ros2_study/install/my_first_package_msgs/share/my_first_package_msgs/cmake/my_first_package_msgs__rosidl_typesupport_introspection_cExport.cmake" will be replaced.  Removing files [/home/krism01/python/ros/ros2_study/install/my_first_package_msgs/share/my_first_package_msgs/cmake/my_first_package_msgs__rosidl_typesupport_introspection_cExport-noconfig.cmake].
[27.355s] -- Installing: /home/krism01/python/ros/ros2_study/install/my_first_package_msgs/share/my_first_package_msgs/cmake/my_first_package_msgs__rosidl_typesupport_introspection_cExport.cmake
[27.355s] -- Installing: /home/krism01/python/ros/ros2_study/install/my_first_package_msgs/share/my_first_package_msgs/cmake/my_first_package_msgs__rosidl_typesupport_introspection_cExport-noconfig.cmake
[27.355s] -- Old export file "/home/krism01/python/ros/ros2_study/install/my_first_package_msgs/share/my_first_package_msgs/cmake/my_first_package_msgs__rosidl_typesupport_cExport.cmake" will be replaced.  Removing files [/home/krism01/python/ros/ros2_study/install/my_first_package_msgs/share/my_first_package_msgs/cmake/my_first_package_msgs__rosidl_typesupport_cExport-noconfig.cmake].
[27.355s] -- Installing: /home/krism01/python/ros/ros2_study/install/my_first_package_msgs/share/my_first_package_msgs/cmake/my_first_package_msgs__rosidl_typesupport_cExport.cmake
[27.355s] -- Installing: /home/krism01/python/ros/ros2_study/install/my_first_package_msgs/share/my_first_package_msgs/cmake/my_first_package_msgs__rosidl_typesupport_cExport-noconfig.cmake
[27.355s] -- Installing: /home/krism01/python/ros/ros2_study/install/my_first_package_msgs/share/my_first_package_msgs/cmake/export_my_first_package_msgs__rosidl_generator_cppExport.cmake
[27.355s] -- Old export file "/home/krism01/python/ros/ros2_study/install/my_first_package_msgs/share/my_first_package_msgs/cmake/export_my_first_package_msgs__rosidl_typesupport_fastrtps_cppExport.cmake" will be replaced.  Removing files [/home/krism01/python/ros/ros2_study/install/my_first_package_msgs/share/my_first_package_msgs/cmake/export_my_first_package_msgs__rosidl_typesupport_fastrtps_cppExport-noconfig.cmake].
[27.355s] -- Installing: /home/krism01/python/ros/ros2_study/install/my_first_package_msgs/share/my_first_package_msgs/cmake/export_my_first_package_msgs__rosidl_typesupport_fastrtps_cppExport.cmake
[27.355s] -- Installing: /home/krism01/python/ros/ros2_study/install/my_first_package_msgs/share/my_first_package_msgs/cmake/export_my_first_package_msgs__rosidl_typesupport_fastrtps_cppExport-noconfig.cmake
[27.355s] -- Old export file "/home/krism01/python/ros/ros2_study/install/my_first_package_msgs/share/my_first_package_msgs/cmake/my_first_package_msgs__rosidl_typesupport_introspection_cppExport.cmake" will be replaced.  Removing files [/home/krism01/python/ros/ros2_study/install/my_first_package_msgs/share/my_first_package_msgs/cmake/my_first_package_msgs__rosidl_typesupport_introspection_cppExport-noconfig.cmake].
[27.355s] -- Installing: /home/krism01/python/ros/ros2_study/install/my_first_package_msgs/share/my_first_package_msgs/cmake/my_first_package_msgs__rosidl_typesupport_introspection_cppExport.cmake
[27.355s] -- Installing: /home/krism01/python/ros/ros2_study/install/my_first_package_msgs/share/my_first_package_msgs/cmake/my_first_package_msgs__rosidl_typesupport_introspection_cppExport-noconfig.cmake
[27.355s] -- Old export file "/home/krism01/python/ros/ros2_study/install/my_first_package_msgs/share/my_first_package_msgs/cmake/my_first_package_msgs__rosidl_typesupport_cppExport.cmake" will be replaced.  Removing files [/home/krism01/python/ros/ros2_study/install/my_first_package_msgs/share/my_first_package_msgs/cmake/my_first_package_msgs__rosidl_typesupport_cppExport-noconfig.cmake].
[27.356s] -- Installing: /home/krism01/python/ros/ros2_study/install/my_first_package_msgs/share/my_first_package_msgs/cmake/my_first_package_msgs__rosidl_typesupport_cppExport.cmake
[27.356s] -- Installing: /home/krism01/python/ros/ros2_study/install/my_first_package_msgs/share/my_first_package_msgs/cmake/my_first_package_msgs__rosidl_typesupport_cppExport-noconfig.cmake
[27.356s] -- Old export file "/home/krism01/python/ros/ros2_study/install/my_first_package_msgs/share/my_first_package_msgs/cmake/export_my_first_package_msgs__rosidl_generator_pyExport.cmake" will be replaced.  Removing files [/home/krism01/python/ros/ros2_study/install/my_first_package_msgs/share/my_first_package_msgs/cmake/export_my_first_package_msgs__rosidl_generator_pyExport-noconfig.cmake].
[27.356s] -- Installing: /home/krism01/python/ros/ros2_study/install/my_first_package_msgs/share/my_first_package_msgs/cmake/export_my_first_package_msgs__rosidl_generator_pyExport.cmake
[27.356s] -- Installing: /home/krism01/python/ros/ros2_study/install/my_first_package_msgs/share/my_first_package_msgs/cmake/export_my_first_package_msgs__rosidl_generator_pyExport-noconfig.cmake
[27.356s] -- Installing: /home/krism01/python/ros/ros2_study/install/my_first_package_msgs/share/my_first_package_msgs/cmake/rosidl_cmake-extras.cmake
[27.356s] -- Installing: /home/krism01/python/ros/ros2_study/install/my_first_package_msgs/share/my_first_package_msgs/cmake/ament_cmake_export_dependencies-extras.cmake
[27.356s] -- Up-to-date: /home/krism01/python/ros/ros2_study/install/my_first_package_msgs/share/my_first_package_msgs/cmake/ament_cmake_export_include_directories-extras.cmake
[27.356s] -- Up-to-date: /home/krism01/python/ros/ros2_study/install/my_first_package_msgs/share/my_first_package_msgs/cmake/ament_cmake_export_libraries-extras.cmake
[27.356s] -- Up-to-date: /home/krism01/python/ros/ros2_study/install/my_first_package_msgs/share/my_first_package_msgs/cmake/ament_cmake_export_targets-extras.cmake
[27.356s] -- Up-to-date: /home/krism01/python/ros/ros2_study/install/my_first_package_msgs/share/my_first_package_msgs/cmake/rosidl_cmake_export_typesupport_targets-extras.cmake
[27.356s] -- Up-to-date: /home/krism01/python/ros/ros2_study/install/my_first_package_msgs/share/my_first_package_msgs/cmake/rosidl_cmake_export_typesupport_libraries-extras.cmake
[27.356s] -- Installing: /home/krism01/python/ros/ros2_study/install/my_first_package_msgs/share/my_first_package_msgs/cmake/my_first_package_msgsConfig.cmake
[27.357s] -- Up-to-date: /home/krism01/python/ros/ros2_study/install/my_first_package_msgs/share/my_first_package_msgs/cmake/my_first_package_msgsConfig-version.cmake
[27.357s] -- Installing: /home/krism01/python/ros/ros2_study/install/my_first_package_msgs/share/my_first_package_msgs/package.xml
[27.357s] Invoked command in '/home/krism01/python/ros/ros2_study/build/my_first_package_msgs' returned '0': CMAKE_PREFIX_PATH=${CMAKE_PREFIX_PATH}:/home/krism01/python/ros/ros2_study/install/my_first_package:/opt/ros/humble /usr/bin/cmake --install /home/krism01/python/ros/ros2_study/build/my_first_package_msgs
