[2.952s] Invoking command in '/home/krism01/python/ros/ros2_study/src/my_first_package': PYTHONPATH=/home/krism01/python/ros/ros2_study/build/my_first_package/prefix_override:/home/krism01/python/ros/ros2_study/install/my_first_package/lib/python3.10/site-packages:${PYTHONPATH} /usr/bin/python3 -W ignore:setup.py install is deprecated setup.py egg_info --egg-base ../../build/my_first_package build --build-base /home/krism01/python/ros/ros2_study/build/my_first_package/build install --record /home/krism01/python/ros/ros2_study/build/my_first_package/install.log --single-version-externally-managed install_data
[3.687s] running egg_info
[3.688s] creating ../../build/my_first_package/my_first_package.egg-info
[3.735s] writing ../../build/my_first_package/my_first_package.egg-info/PKG-INFO
[3.736s] writing dependency_links to ../../build/my_first_package/my_first_package.egg-info/dependency_links.txt
[3.738s] writing entry points to ../../build/my_first_package/my_first_package.egg-info/entry_points.txt
[3.738s] writing requirements to ../../build/my_first_package/my_first_package.egg-info/requires.txt
[3.738s] writing top-level names to ../../build/my_first_package/my_first_package.egg-info/top_level.txt
[3.739s] writing manifest file '../../build/my_first_package/my_first_package.egg-info/SOURCES.txt'
[3.844s] reading manifest file '../../build/my_first_package/my_first_package.egg-info/SOURCES.txt'
[3.848s] writing manifest file '../../build/my_first_package/my_first_package.egg-info/SOURCES.txt'
[3.849s] running build
[3.849s] running build_py
[3.849s] creating /home/krism01/python/ros/ros2_study/build/my_first_package/build
[3.850s] creating /home/krism01/python/ros/ros2_study/build/my_first_package/build/lib
[3.854s] creating /home/krism01/python/ros/ros2_study/build/my_first_package/build/lib/my_first_package
[3.855s] copying my_first_package/__init__.py -> /home/krism01/python/ros/ros2_study/build/my_first_package/build/lib/my_first_package
[3.855s] copying my_first_package/my_first_node.py -> /home/krism01/python/ros/ros2_study/build/my_first_package/build/lib/my_first_package
[3.857s] running install
[3.878s] running install_lib
[3.924s] creating /home/krism01/python/ros/ros2_study/install/my_first_package/lib/python3.10/site-packages/my_first_package
[3.924s] copying /home/krism01/python/ros/ros2_study/build/my_first_package/build/lib/my_first_package/__init__.py -> /home/krism01/python/ros/ros2_study/install/my_first_package/lib/python3.10/site-packages/my_first_package
[3.925s] copying /home/krism01/python/ros/ros2_study/build/my_first_package/build/lib/my_first_package/my_first_node.py -> /home/krism01/python/ros/ros2_study/install/my_first_package/lib/python3.10/site-packages/my_first_package
[3.927s] byte-compiling /home/krism01/python/ros/ros2_study/install/my_first_package/lib/python3.10/site-packages/my_first_package/__init__.py to __init__.cpython-310.pyc
[3.927s] byte-compiling /home/krism01/python/ros/ros2_study/install/my_first_package/lib/python3.10/site-packages/my_first_package/my_first_node.py to my_first_node.cpython-310.pyc
[3.928s] running install_data
[3.930s] creating /home/krism01/python/ros/ros2_study/install/my_first_package/share/ament_index
[3.930s] creating /home/krism01/python/ros/ros2_study/install/my_first_package/share/ament_index/resource_index
[3.930s] creating /home/krism01/python/ros/ros2_study/install/my_first_package/share/ament_index/resource_index/packages
[3.931s] copying resource/my_first_package -> /home/krism01/python/ros/ros2_study/install/my_first_package/share/ament_index/resource_index/packages
[3.931s] copying package.xml -> /home/krism01/python/ros/ros2_study/install/my_first_package/share/my_first_package
[3.931s] running install_egg_info
[3.987s] Copying ../../build/my_first_package/my_first_package.egg-info to /home/krism01/python/ros/ros2_study/install/my_first_package/lib/python3.10/site-packages/my_first_package-0.0.0-py3.10.egg-info
[3.991s] running install_scripts
[4.465s] Installing my_first_node script to /home/krism01/python/ros/ros2_study/install/my_first_package/lib/my_first_package
[4.466s] writing list of installed files to '/home/krism01/python/ros/ros2_study/build/my_first_package/install.log'
[4.537s] Invoked command in '/home/krism01/python/ros/ros2_study/src/my_first_package' returned '0': PYTHONPATH=/home/krism01/python/ros/ros2_study/build/my_first_package/prefix_override:/home/krism01/python/ros/ros2_study/install/my_first_package/lib/python3.10/site-packages:${PYTHONPATH} /usr/bin/python3 -W ignore:setup.py install is deprecated setup.py egg_info --egg-base ../../build/my_first_package build --build-base /home/krism01/python/ros/ros2_study/build/my_first_package/build install --record /home/krism01/python/ros/ros2_study/build/my_first_package/install.log --single-version-externally-managed install_data
