[2.248s] Invoking command in '/home/krism01/python/ros/ros2_study/src/my_first_package': PYTHONPATH=/home/krism01/python/ros/ros2_study/build/my_first_package/prefix_override:/home/krism01/python/ros/ros2_study/install/my_first_package/lib/python3.10/site-packages:${PYTHONPATH} /usr/bin/python3 -W ignore:setup.py install is deprecated setup.py egg_info --egg-base ../../build/my_first_package build --build-base /home/krism01/python/ros/ros2_study/build/my_first_package/build install --record /home/krism01/python/ros/ros2_study/build/my_first_package/install.log --single-version-externally-managed install_data
[2.934s] running egg_info
[2.988s] writing ../../build/my_first_package/my_first_package.egg-info/PKG-INFO
[2.991s] writing dependency_links to ../../build/my_first_package/my_first_package.egg-info/dependency_links.txt
[2.991s] writing entry points to ../../build/my_first_package/my_first_package.egg-info/entry_points.txt
[2.991s] writing requirements to ../../build/my_first_package/my_first_package.egg-info/requires.txt
[2.991s] writing top-level names to ../../build/my_first_package/my_first_package.egg-info/top_level.txt
[3.050s] reading manifest file '../../build/my_first_package/my_first_package.egg-info/SOURCES.txt'
[3.053s] writing manifest file '../../build/my_first_package/my_first_package.egg-info/SOURCES.txt'
[3.054s] running build
[3.055s] running build_py
[3.055s] copying my_first_package/turtle_cmd_and_pose.py -> /home/krism01/python/ros/ros2_study/build/my_first_package/build/lib/my_first_package
[3.055s] copying my_first_package/my_publisher_240322.py -> /home/krism01/python/ros/ros2_study/build/my_first_package/build/lib/my_first_package
[3.055s] copying my_first_package/240322_doc_publisher.py -> /home/krism01/python/ros/ros2_study/build/my_first_package/build/lib/my_first_package
[3.055s] running install
[3.059s] running install_lib
[3.128s] running install_data
[3.144s] running install_egg_info
[3.250s] removing '/home/krism01/python/ros/ros2_study/install/my_first_package/lib/python3.10/site-packages/my_first_package-0.0.0-py3.10.egg-info' (and everything under it)
[3.250s] Copying ../../build/my_first_package/my_first_package.egg-info to /home/krism01/python/ros/ros2_study/install/my_first_package/lib/python3.10/site-packages/my_first_package-0.0.0-py3.10.egg-info
[3.288s] running install_scripts
[3.638s] Installing my_first_node script to /home/krism01/python/ros/ros2_study/install/my_first_package/lib/my_first_package
[3.638s] Installing my_publisher_240322 script to /home/krism01/python/ros/ros2_study/install/my_first_package/lib/my_first_package
[3.638s] Installing my_subscriber script to /home/krism01/python/ros/ros2_study/install/my_first_package/lib/my_first_package
[3.638s] Installing turtle_cmd_and_pose script to /home/krism01/python/ros/ros2_study/install/my_first_package/lib/my_first_package
[3.638s] writing list of installed files to '/home/krism01/python/ros/ros2_study/build/my_first_package/install.log'
[3.704s] Invoked command in '/home/krism01/python/ros/ros2_study/src/my_first_package' returned '0': PYTHONPATH=/home/krism01/python/ros/ros2_study/build/my_first_package/prefix_override:/home/krism01/python/ros/ros2_study/install/my_first_package/lib/python3.10/site-packages:${PYTHONPATH} /usr/bin/python3 -W ignore:setup.py install is deprecated setup.py egg_info --egg-base ../../build/my_first_package build --build-base /home/krism01/python/ros/ros2_study/build/my_first_package/build install --record /home/krism01/python/ros/ros2_study/build/my_first_package/install.log --single-version-externally-managed install_data
