[4.316s] Invoking command in '/home/krism01/python/ros/ros2_study/src/my_first_package': PYTHONPATH=/home/krism01/python/ros/ros2_study/build/my_first_package/prefix_override:/home/krism01/python/ros/ros2_study/install/my_first_package/lib/python3.10/site-packages:${PYTHONPATH} /usr/bin/python3 -W ignore:setup.py install is deprecated setup.py egg_info --egg-base ../../build/my_first_package build --build-base /home/krism01/python/ros/ros2_study/build/my_first_package/build install --record /home/krism01/python/ros/ros2_study/build/my_first_package/install.log --single-version-externally-managed install_data
[5.063s] running egg_info
[5.086s] writing ../../build/my_first_package/my_first_package.egg-info/PKG-INFO
[5.087s] writing dependency_links to ../../build/my_first_package/my_first_package.egg-info/dependency_links.txt
[5.089s] writing entry points to ../../build/my_first_package/my_first_package.egg-info/entry_points.txt
[5.091s] writing requirements to ../../build/my_first_package/my_first_package.egg-info/requires.txt
[5.092s] writing top-level names to ../../build/my_first_package/my_first_package.egg-info/top_level.txt
[5.318s] reading manifest file '../../build/my_first_package/my_first_package.egg-info/SOURCES.txt'
[5.321s] writing manifest file '../../build/my_first_package/my_first_package.egg-info/SOURCES.txt'
[5.322s] running build
[5.323s] running build_py
[5.324s] copying my_first_package/turtle_cmd_and_pose.py -> /home/krism01/python/ros/ros2_study/build/my_first_package/build/lib/my_first_package
[5.326s] copying my_first_package/my_service_server.py -> /home/krism01/python/ros/ros2_study/build/my_first_package/build/lib/my_first_package
[5.328s] copying my_first_package/my_publisher.py -> /home/krism01/python/ros/ros2_study/build/my_first_package/build/lib/my_first_package
[5.330s] copying my_first_package/240322_doc_publisher.py -> /home/krism01/python/ros/ros2_study/build/my_first_package/build/lib/my_first_package
[5.331s] running install
[5.339s] running install_lib
[5.417s] copying /home/krism01/python/ros/ros2_study/build/my_first_package/build/lib/my_first_package/my_service_server.py -> /home/krism01/python/ros/ros2_study/install/my_first_package/lib/python3.10/site-packages/my_first_package
[5.419s] byte-compiling /home/krism01/python/ros/ros2_study/install/my_first_package/lib/python3.10/site-packages/my_first_package/my_service_server.py to my_service_server.cpython-310.pyc
[5.419s] running install_data
[5.420s] running install_egg_info
[5.503s] removing '/home/krism01/python/ros/ros2_study/install/my_first_package/lib/python3.10/site-packages/my_first_package-0.0.0-py3.10.egg-info' (and everything under it)
[5.510s] Copying ../../build/my_first_package/my_first_package.egg-info to /home/krism01/python/ros/ros2_study/install/my_first_package/lib/python3.10/site-packages/my_first_package-0.0.0-py3.10.egg-info
[5.515s] running install_scripts
[6.062s] Installing my_first_node script to /home/krism01/python/ros/ros2_study/install/my_first_package/lib/my_first_package
[6.065s] Installing my_service_server.py script to /home/krism01/python/ros/ros2_study/install/my_first_package/lib/my_first_package
[6.065s] Installing my_subscriber script to /home/krism01/python/ros/ros2_study/install/my_first_package/lib/my_first_package
[6.065s] Installing turtle_cmd_and_pose script to /home/krism01/python/ros/ros2_study/install/my_first_package/lib/my_first_package
[6.066s] writing list of installed files to '/home/krism01/python/ros/ros2_study/build/my_first_package/install.log'
[6.150s] Invoked command in '/home/krism01/python/ros/ros2_study/src/my_first_package' returned '0': PYTHONPATH=/home/krism01/python/ros/ros2_study/build/my_first_package/prefix_override:/home/krism01/python/ros/ros2_study/install/my_first_package/lib/python3.10/site-packages:${PYTHONPATH} /usr/bin/python3 -W ignore:setup.py install is deprecated setup.py egg_info --egg-base ../../build/my_first_package build --build-base /home/krism01/python/ros/ros2_study/build/my_first_package/build install --record /home/krism01/python/ros/ros2_study/build/my_first_package/install.log --single-version-externally-managed install_data
