[1.696s] Invoking command in '/home/krism01/python/ros/ros2_study/src/my_first_package': PYTHONPATH=/home/krism01/python/ros/ros2_study/build/my_first_package/prefix_override:/home/krism01/python/ros/ros2_study/install/my_first_package/lib/python3.10/site-packages:${PYTHONPATH} /usr/bin/python3 -W ignore:setup.py install is deprecated setup.py egg_info --egg-base ../../build/my_first_package build --build-base /home/krism01/python/ros/ros2_study/build/my_first_package/build install --record /home/krism01/python/ros/ros2_study/build/my_first_package/install.log --single-version-externally-managed install_data
[2.155s] running egg_info
[2.206s] writing ../../build/my_first_package/my_first_package.egg-info/PKG-INFO
[2.209s] writing dependency_links to ../../build/my_first_package/my_first_package.egg-info/dependency_links.txt
[2.209s] writing entry points to ../../build/my_first_package/my_first_package.egg-info/entry_points.txt
[2.209s] writing requirements to ../../build/my_first_package/my_first_package.egg-info/requires.txt
[2.210s] writing top-level names to ../../build/my_first_package/my_first_package.egg-info/top_level.txt
[2.255s] reading manifest file '../../build/my_first_package/my_first_package.egg-info/SOURCES.txt'
[2.261s] writing manifest file '../../build/my_first_package/my_first_package.egg-info/SOURCES.txt'
[2.261s] running build
[2.262s] running build_py
[2.262s] copying my_first_package/turtle_cmd_and_pose.py -> /home/krism01/python/ros/ros2_study/build/my_first_package/build/lib/my_first_package
[2.262s] copying my_first_package/my_publisher_240322.py -> /home/krism01/python/ros/ros2_study/build/my_first_package/build/lib/my_first_package
[2.262s] copying my_first_package/240322_doc_publisher.py -> /home/krism01/python/ros/ros2_study/build/my_first_package/build/lib/my_first_package
[2.262s] running install
[2.266s] running install_lib
[2.319s] copying /home/krism01/python/ros/ros2_study/build/my_first_package/build/lib/my_first_package/my_publisher_240322.py -> /home/krism01/python/ros/ros2_study/install/my_first_package/lib/python3.10/site-packages/my_first_package
[2.320s] byte-compiling /home/krism01/python/ros/ros2_study/install/my_first_package/lib/python3.10/site-packages/my_first_package/my_publisher_240322.py to my_publisher_240322.cpython-310.pyc
[2.320s] running install_data
[2.320s] running install_egg_info
[2.344s] removing '/home/krism01/python/ros/ros2_study/install/my_first_package/lib/python3.10/site-packages/my_first_package-0.0.0-py3.10.egg-info' (and everything under it)
[2.351s] Copying ../../build/my_first_package/my_first_package.egg-info to /home/krism01/python/ros/ros2_study/install/my_first_package/lib/python3.10/site-packages/my_first_package-0.0.0-py3.10.egg-info
[2.352s] running install_scripts
[2.663s] Installing my_first_node script to /home/krism01/python/ros/ros2_study/install/my_first_package/lib/my_first_package
[2.663s] Installing my_publisher_240322 script to /home/krism01/python/ros/ros2_study/install/my_first_package/lib/my_first_package
[2.667s] Installing my_subscriber script to /home/krism01/python/ros/ros2_study/install/my_first_package/lib/my_first_package
[2.667s] Installing turtle_cmd_and_pose script to /home/krism01/python/ros/ros2_study/install/my_first_package/lib/my_first_package
[2.667s] writing list of installed files to '/home/krism01/python/ros/ros2_study/build/my_first_package/install.log'
[2.728s] Invoked command in '/home/krism01/python/ros/ros2_study/src/my_first_package' returned '0': PYTHONPATH=/home/krism01/python/ros/ros2_study/build/my_first_package/prefix_override:/home/krism01/python/ros/ros2_study/install/my_first_package/lib/python3.10/site-packages:${PYTHONPATH} /usr/bin/python3 -W ignore:setup.py install is deprecated setup.py egg_info --egg-base ../../build/my_first_package build --build-base /home/krism01/python/ros/ros2_study/build/my_first_package/build install --record /home/krism01/python/ros/ros2_study/build/my_first_package/install.log --single-version-externally-managed install_data
