[1.241s] Invoking command in '/home/krism01/python/ros/ros2_study/src/my_first_package': PYTHONPATH=/home/krism01/python/ros/ros2_study/build/my_first_package/prefix_override:/home/krism01/python/ros/ros2_study/install/my_first_package/lib/python3.10/site-packages:${PYTHONPATH} /usr/bin/python3 -W ignore:setup.py install is deprecated setup.py egg_info --egg-base ../../build/my_first_package build --build-base /home/krism01/python/ros/ros2_study/build/my_first_package/build install --record /home/krism01/python/ros/ros2_study/build/my_first_package/install.log --single-version-externally-managed install_data
[1.591s] running egg_info
[1.610s] writing ../../build/my_first_package/my_first_package.egg-info/PKG-INFO
[1.613s] writing dependency_links to ../../build/my_first_package/my_first_package.egg-info/dependency_links.txt
[1.613s] writing entry points to ../../build/my_first_package/my_first_package.egg-info/entry_points.txt
[1.613s] writing requirements to ../../build/my_first_package/my_first_package.egg-info/requires.txt
[1.613s] writing top-level names to ../../build/my_first_package/my_first_package.egg-info/top_level.txt
[1.652s] reading manifest file '../../build/my_first_package/my_first_package.egg-info/SOURCES.txt'
[1.653s] writing manifest file '../../build/my_first_package/my_first_package.egg-info/SOURCES.txt'
[1.654s] running build
[1.654s] running build_py
[1.654s] copying my_first_package/turtle_cmd_and_pose.py -> /home/krism01/python/ros/ros2_study/build/my_first_package/build/lib/my_first_package
[1.655s] copying my_first_package/240322_my_publisher.py -> /home/krism01/python/ros/ros2_study/build/my_first_package/build/lib/my_first_package
[1.655s] copying my_first_package/240322_doc_publisher.py -> /home/krism01/python/ros/ros2_study/build/my_first_package/build/lib/my_first_package
[1.655s] running install
[1.662s] running install_lib
[1.713s] copying /home/krism01/python/ros/ros2_study/build/my_first_package/build/lib/my_first_package/turtle_cmd_and_pose.py -> /home/krism01/python/ros/ros2_study/install/my_first_package/lib/python3.10/site-packages/my_first_package
[1.713s] byte-compiling /home/krism01/python/ros/ros2_study/install/my_first_package/lib/python3.10/site-packages/my_first_package/turtle_cmd_and_pose.py to turtle_cmd_and_pose.cpython-310.pyc
[1.714s] running install_data
[1.714s] running install_egg_info
[1.769s] removing '/home/krism01/python/ros/ros2_study/install/my_first_package/lib/python3.10/site-packages/my_first_package-0.0.0-py3.10.egg-info' (and everything under it)
[1.776s] Copying ../../build/my_first_package/my_first_package.egg-info to /home/krism01/python/ros/ros2_study/install/my_first_package/lib/python3.10/site-packages/my_first_package-0.0.0-py3.10.egg-info
[1.776s] running install_scripts
[1.943s] Installing 240322_my_publisher script to /home/krism01/python/ros/ros2_study/install/my_first_package/lib/my_first_package
[1.943s] Installing my_first_node script to /home/krism01/python/ros/ros2_study/install/my_first_package/lib/my_first_package
[1.943s] Installing my_subscriber script to /home/krism01/python/ros/ros2_study/install/my_first_package/lib/my_first_package
[1.943s] Installing turtle_cmd_and_pose script to /home/krism01/python/ros/ros2_study/install/my_first_package/lib/my_first_package
[1.944s] writing list of installed files to '/home/krism01/python/ros/ros2_study/build/my_first_package/install.log'
[1.980s] Invoked command in '/home/krism01/python/ros/ros2_study/src/my_first_package' returned '0': PYTHONPATH=/home/krism01/python/ros/ros2_study/build/my_first_package/prefix_override:/home/krism01/python/ros/ros2_study/install/my_first_package/lib/python3.10/site-packages:${PYTHONPATH} /usr/bin/python3 -W ignore:setup.py install is deprecated setup.py egg_info --egg-base ../../build/my_first_package build --build-base /home/krism01/python/ros/ros2_study/build/my_first_package/build install --record /home/krism01/python/ros/ros2_study/build/my_first_package/install.log --single-version-externally-managed install_data
