[3.610s] Invoking command in '/home/krism01/python/ros/ros2_study/src/my_first_package': PYTHONPATH=/home/krism01/python/ros/ros2_study/build/my_first_package/prefix_override:/home/krism01/python/ros/ros2_study/install/my_first_package/lib/python3.10/site-packages:${PYTHONPATH} /usr/bin/python3 -W ignore:setup.py install is deprecated setup.py egg_info --egg-base ../../build/my_first_package build --build-base /home/krism01/python/ros/ros2_study/build/my_first_package/build install --record /home/krism01/python/ros/ros2_study/build/my_first_package/install.log --single-version-externally-managed install_data
[3.946s] running egg_info
[4.025s] writing ../../build/my_first_package/my_first_package.egg-info/PKG-INFO
[4.026s] writing dependency_links to ../../build/my_first_package/my_first_package.egg-info/dependency_links.txt
[4.027s] writing entry points to ../../build/my_first_package/my_first_package.egg-info/entry_points.txt
[4.027s] writing requirements to ../../build/my_first_package/my_first_package.egg-info/requires.txt
[4.028s] writing top-level names to ../../build/my_first_package/my_first_package.egg-info/top_level.txt
[4.128s] reading manifest file '../../build/my_first_package/my_first_package.egg-info/SOURCES.txt'
[4.129s] writing manifest file '../../build/my_first_package/my_first_package.egg-info/SOURCES.txt'
[4.130s] running build
[4.130s] running build_py
[4.130s] copying my_first_package/turtle_cmd_and_pose.py -> /home/krism01/python/ros/ros2_study/build/my_first_package/build/lib/my_first_package
[4.130s] copying my_first_package/my_service_server.py -> /home/krism01/python/ros/ros2_study/build/my_first_package/build/lib/my_first_package
[4.131s] copying my_first_package/my_publisher.py -> /home/krism01/python/ros/ros2_study/build/my_first_package/build/lib/my_first_package
[4.131s] copying my_first_package/240322_doc_publisher.py -> /home/krism01/python/ros/ros2_study/build/my_first_package/build/lib/my_first_package
[4.131s] running install
[4.138s] running install_lib
[4.189s] copying /home/krism01/python/ros/ros2_study/build/my_first_package/build/lib/my_first_package/my_service_server.py -> /home/krism01/python/ros/ros2_study/install/my_first_package/lib/python3.10/site-packages/my_first_package
[4.214s] byte-compiling /home/krism01/python/ros/ros2_study/install/my_first_package/lib/python3.10/site-packages/my_first_package/my_service_server.py to my_service_server.cpython-310.pyc
[4.215s] running install_data
[4.215s] running install_egg_info
[4.238s] removing '/home/krism01/python/ros/ros2_study/install/my_first_package/lib/python3.10/site-packages/my_first_package-0.0.0-py3.10.egg-info' (and everything under it)
[4.239s] Copying ../../build/my_first_package/my_first_package.egg-info to /home/krism01/python/ros/ros2_study/install/my_first_package/lib/python3.10/site-packages/my_first_package-0.0.0-py3.10.egg-info
[4.240s] running install_scripts
[4.468s] Installing my_first_node script to /home/krism01/python/ros/ros2_study/install/my_first_package/lib/my_first_package
[4.469s] Installing my_service_server.py script to /home/krism01/python/ros/ros2_study/install/my_first_package/lib/my_first_package
[4.469s] Installing my_subscriber script to /home/krism01/python/ros/ros2_study/install/my_first_package/lib/my_first_package
[4.469s] Installing turtle_cmd_and_pose script to /home/krism01/python/ros/ros2_study/install/my_first_package/lib/my_first_package
[4.474s] writing list of installed files to '/home/krism01/python/ros/ros2_study/build/my_first_package/install.log'
[4.549s] Invoked command in '/home/krism01/python/ros/ros2_study/src/my_first_package' returned '0': PYTHONPATH=/home/krism01/python/ros/ros2_study/build/my_first_package/prefix_override:/home/krism01/python/ros/ros2_study/install/my_first_package/lib/python3.10/site-packages:${PYTHONPATH} /usr/bin/python3 -W ignore:setup.py install is deprecated setup.py egg_info --egg-base ../../build/my_first_package build --build-base /home/krism01/python/ros/ros2_study/build/my_first_package/build install --record /home/krism01/python/ros/ros2_study/build/my_first_package/install.log --single-version-externally-managed install_data
