[0.577s] DEBUG:colcon:Command line arguments: ['/usr/bin/colcon', 'build']
[0.578s] DEBUG:colcon:Parsed command line arguments: Namespace(log_base=None, log_level=None, verb_name='build', build_base='build', install_base='install', merge_install=False, symlink_install=False, test_result_base=None, continue_on_error=False, executor='parallel', parallel_workers=1, event_handlers=None, ignore_user_meta=False, metas=['./colcon.meta'], base_paths=['.'], packages_ignore=None, packages_ignore_regex=None, paths=None, packages_up_to=None, packages_up_to_regex=None, packages_above=None, packages_above_and_dependencies=None, packages_above_depth=None, packages_select_by_dep=None, packages_skip_by_dep=None, packages_skip_up_to=None, packages_select_build_failed=False, packages_skip_build_finished=False, packages_select_test_failures=False, packages_skip_test_passed=False, packages_select=None, packages_skip=None, packages_select_regex=None, packages_skip_regex=None, packages_start=None, packages_end=None, allow_overriding=[], cmake_args=None, cmake_target=None, cmake_target_skip_unavailable=False, cmake_clean_cache=False, cmake_clean_first=False, cmake_force_configure=False, ament_cmake_args=None, catkin_cmake_args=None, catkin_skip_building_tests=False, verb_parser=<colcon_defaults.argument_parser.defaults.DefaultArgumentsDecorator object at 0x7f267143e860>, verb_extension=<colcon_core.verb.build.BuildVerb object at 0x7f267143e2c0>, main=<bound method BuildVerb.main of <colcon_core.verb.build.BuildVerb object at 0x7f267143e2c0>>)
[0.715s] Level 1:colcon.colcon_core.package_discovery:discover_packages(colcon_meta) check parameters
[0.716s] Level 1:colcon.colcon_core.package_discovery:discover_packages(recursive) check parameters
[0.716s] Level 1:colcon.colcon_core.package_discovery:discover_packages(ignore) check parameters
[0.716s] Level 1:colcon.colcon_core.package_discovery:discover_packages(path) check parameters
[0.716s] Level 1:colcon.colcon_core.package_discovery:discover_packages(colcon_meta) discover
[0.716s] Level 1:colcon.colcon_core.package_discovery:discover_packages(recursive) discover
[0.716s] INFO:colcon.colcon_core.package_discovery:Crawling recursively for packages in '/home/krism01/python/ros/ros2_study'
[0.716s] Level 1:colcon.colcon_core.package_identification:_identify(.) by extensions ['ignore', 'ignore_ament_install']
[0.716s] Level 1:colcon.colcon_core.package_identification:_identify(.) by extension 'ignore'
[0.716s] Level 1:colcon.colcon_core.package_identification:_identify(.) by extension 'ignore_ament_install'
[0.716s] Level 1:colcon.colcon_core.package_identification:_identify(.) by extensions ['colcon_pkg']
[0.716s] Level 1:colcon.colcon_core.package_identification:_identify(.) by extension 'colcon_pkg'
[0.716s] Level 1:colcon.colcon_core.package_identification:_identify(.) by extensions ['colcon_meta']
[0.716s] Level 1:colcon.colcon_core.package_identification:_identify(.) by extension 'colcon_meta'
[0.716s] Level 1:colcon.colcon_core.package_identification:_identify(.) by extensions ['ros']
[0.716s] Level 1:colcon.colcon_core.package_identification:_identify(.) by extension 'ros'
[0.758s] Level 1:colcon.colcon_core.package_identification:_identify(.) by extensions ['cmake', 'python']
[0.758s] Level 1:colcon.colcon_core.package_identification:_identify(.) by extension 'cmake'
[0.758s] Level 1:colcon.colcon_core.package_identification:_identify(.) by extension 'python'
[0.758s] Level 1:colcon.colcon_core.package_identification:_identify(.) by extensions ['python_setup_py']
[0.759s] Level 1:colcon.colcon_core.package_identification:_identify(.) by extension 'python_setup_py'
[0.759s] Level 1:colcon.colcon_core.package_identification:_identify(build) by extensions ['ignore', 'ignore_ament_install']
[0.759s] Level 1:colcon.colcon_core.package_identification:_identify(build) by extension 'ignore'
[0.759s] Level 1:colcon.colcon_core.package_identification:_identify(build) ignored
[0.760s] Level 1:colcon.colcon_core.package_identification:_identify(install) by extensions ['ignore', 'ignore_ament_install']
[0.760s] Level 1:colcon.colcon_core.package_identification:_identify(install) by extension 'ignore'
[0.760s] Level 1:colcon.colcon_core.package_identification:_identify(install) ignored
[0.760s] Level 1:colcon.colcon_core.package_identification:_identify(log) by extensions ['ignore', 'ignore_ament_install']
[0.760s] Level 1:colcon.colcon_core.package_identification:_identify(log) by extension 'ignore'
[0.761s] Level 1:colcon.colcon_core.package_identification:_identify(log) ignored
[0.761s] Level 1:colcon.colcon_core.package_identification:_identify(src) by extensions ['ignore', 'ignore_ament_install']
[0.761s] Level 1:colcon.colcon_core.package_identification:_identify(src) by extension 'ignore'
[0.761s] Level 1:colcon.colcon_core.package_identification:_identify(src) by extension 'ignore_ament_install'
[0.762s] Level 1:colcon.colcon_core.package_identification:_identify(src) by extensions ['colcon_pkg']
[0.762s] Level 1:colcon.colcon_core.package_identification:_identify(src) by extension 'colcon_pkg'
[0.762s] Level 1:colcon.colcon_core.package_identification:_identify(src) by extensions ['colcon_meta']
[0.762s] Level 1:colcon.colcon_core.package_identification:_identify(src) by extension 'colcon_meta'
[0.762s] Level 1:colcon.colcon_core.package_identification:_identify(src) by extensions ['ros']
[0.762s] Level 1:colcon.colcon_core.package_identification:_identify(src) by extension 'ros'
[0.763s] Level 1:colcon.colcon_core.package_identification:_identify(src) by extensions ['cmake', 'python']
[0.763s] Level 1:colcon.colcon_core.package_identification:_identify(src) by extension 'cmake'
[0.763s] Level 1:colcon.colcon_core.package_identification:_identify(src) by extension 'python'
[0.763s] Level 1:colcon.colcon_core.package_identification:_identify(src) by extensions ['python_setup_py']
[0.763s] Level 1:colcon.colcon_core.package_identification:_identify(src) by extension 'python_setup_py'
[0.765s] Level 1:colcon.colcon_core.package_identification:_identify(src/my_first_package) by extensions ['ignore', 'ignore_ament_install']
[0.766s] Level 1:colcon.colcon_core.package_identification:_identify(src/my_first_package) by extension 'ignore'
[0.766s] Level 1:colcon.colcon_core.package_identification:_identify(src/my_first_package) by extension 'ignore_ament_install'
[0.766s] Level 1:colcon.colcon_core.package_identification:_identify(src/my_first_package) by extensions ['colcon_pkg']
[0.766s] Level 1:colcon.colcon_core.package_identification:_identify(src/my_first_package) by extension 'colcon_pkg'
[0.767s] Level 1:colcon.colcon_core.package_identification:_identify(src/my_first_package) by extensions ['colcon_meta']
[0.767s] Level 1:colcon.colcon_core.package_identification:_identify(src/my_first_package) by extension 'colcon_meta'
[0.767s] Level 1:colcon.colcon_core.package_identification:_identify(src/my_first_package) by extensions ['ros']
[0.767s] Level 1:colcon.colcon_core.package_identification:_identify(src/my_first_package) by extension 'ros'
[0.772s] DEBUG:colcon.colcon_core.package_identification:Package 'src/my_first_package' with type 'ros.ament_python' and name 'my_first_package'
[0.772s] Level 1:colcon.colcon_core.package_identification:_identify(src/my_first_package_msgs) by extensions ['ignore', 'ignore_ament_install']
[0.772s] Level 1:colcon.colcon_core.package_identification:_identify(src/my_first_package_msgs) by extension 'ignore'
[0.773s] Level 1:colcon.colcon_core.package_identification:_identify(src/my_first_package_msgs) by extension 'ignore_ament_install'
[0.773s] Level 1:colcon.colcon_core.package_identification:_identify(src/my_first_package_msgs) by extensions ['colcon_pkg']
[0.773s] Level 1:colcon.colcon_core.package_identification:_identify(src/my_first_package_msgs) by extension 'colcon_pkg'
[0.773s] Level 1:colcon.colcon_core.package_identification:_identify(src/my_first_package_msgs) by extensions ['colcon_meta']
[0.773s] Level 1:colcon.colcon_core.package_identification:_identify(src/my_first_package_msgs) by extension 'colcon_meta'
[0.774s] Level 1:colcon.colcon_core.package_identification:_identify(src/my_first_package_msgs) by extensions ['ros']
[0.774s] Level 1:colcon.colcon_core.package_identification:_identify(src/my_first_package_msgs) by extension 'ros'
[0.775s] DEBUG:colcon.colcon_core.package_identification:Package 'src/my_first_package_msgs' with type 'ros.ament_cmake' and name 'my_first_package_msgs'
[0.775s] Level 1:colcon.colcon_core.package_discovery:discover_packages(recursive) using defaults
[0.775s] Level 1:colcon.colcon_core.package_discovery:discover_packages(ignore) discover
[0.776s] Level 1:colcon.colcon_core.package_discovery:discover_packages(ignore) using defaults
[0.776s] Level 1:colcon.colcon_core.package_discovery:discover_packages(path) discover
[0.776s] Level 1:colcon.colcon_core.package_discovery:discover_packages(path) using defaults
[0.819s] Level 1:colcon.colcon_core.package_discovery:discover_packages(prefix_path) check parameters
[0.819s] Level 1:colcon.colcon_core.package_discovery:discover_packages(prefix_path) discover
[0.824s] DEBUG:colcon.colcon_installed_package_information.package_discovery:Found 1 installed packages in /home/krism01/python/ros/ros2_study/install
[0.830s] DEBUG:colcon.colcon_installed_package_information.package_discovery:Found 270 installed packages in /opt/ros/humble
[0.832s] Level 1:colcon.colcon_core.package_discovery:discover_packages(prefix_path) using defaults
[1.020s] Level 5:colcon.colcon_core.verb:set package 'my_first_package' build argument 'cmake_args' from command line to 'None'
[1.021s] Level 5:colcon.colcon_core.verb:set package 'my_first_package' build argument 'cmake_target' from command line to 'None'
[1.021s] Level 5:colcon.colcon_core.verb:set package 'my_first_package' build argument 'cmake_target_skip_unavailable' from command line to 'False'
[1.021s] Level 5:colcon.colcon_core.verb:set package 'my_first_package' build argument 'cmake_clean_cache' from command line to 'False'
[1.021s] Level 5:colcon.colcon_core.verb:set package 'my_first_package' build argument 'cmake_clean_first' from command line to 'False'
[1.021s] Level 5:colcon.colcon_core.verb:set package 'my_first_package' build argument 'cmake_force_configure' from command line to 'False'
[1.022s] Level 5:colcon.colcon_core.verb:set package 'my_first_package' build argument 'ament_cmake_args' from command line to 'None'
[1.022s] Level 5:colcon.colcon_core.verb:set package 'my_first_package' build argument 'catkin_cmake_args' from command line to 'None'
[1.022s] Level 5:colcon.colcon_core.verb:set package 'my_first_package' build argument 'catkin_skip_building_tests' from command line to 'False'
[1.022s] DEBUG:colcon.colcon_core.verb:Building package 'my_first_package' with the following arguments: {'ament_cmake_args': None, 'build_base': '/home/krism01/python/ros/ros2_study/build/my_first_package', 'catkin_cmake_args': None, 'catkin_skip_building_tests': False, 'cmake_args': None, 'cmake_clean_cache': False, 'cmake_clean_first': False, 'cmake_force_configure': False, 'cmake_target': None, 'cmake_target_skip_unavailable': False, 'install_base': '/home/krism01/python/ros/ros2_study/install/my_first_package', 'merge_install': False, 'path': '/home/krism01/python/ros/ros2_study/src/my_first_package', 'symlink_install': False, 'test_result_base': None}
[1.023s] Level 5:colcon.colcon_core.verb:set package 'my_first_package_msgs' build argument 'cmake_args' from command line to 'None'
[1.023s] Level 5:colcon.colcon_core.verb:set package 'my_first_package_msgs' build argument 'cmake_target' from command line to 'None'
[1.023s] Level 5:colcon.colcon_core.verb:set package 'my_first_package_msgs' build argument 'cmake_target_skip_unavailable' from command line to 'False'
[1.023s] Level 5:colcon.colcon_core.verb:set package 'my_first_package_msgs' build argument 'cmake_clean_cache' from command line to 'False'
[1.023s] Level 5:colcon.colcon_core.verb:set package 'my_first_package_msgs' build argument 'cmake_clean_first' from command line to 'False'
[1.024s] Level 5:colcon.colcon_core.verb:set package 'my_first_package_msgs' build argument 'cmake_force_configure' from command line to 'False'
[1.024s] Level 5:colcon.colcon_core.verb:set package 'my_first_package_msgs' build argument 'ament_cmake_args' from command line to 'None'
[1.025s] Level 5:colcon.colcon_core.verb:set package 'my_first_package_msgs' build argument 'catkin_cmake_args' from command line to 'None'
[1.025s] Level 5:colcon.colcon_core.verb:set package 'my_first_package_msgs' build argument 'catkin_skip_building_tests' from command line to 'False'
[1.025s] DEBUG:colcon.colcon_core.verb:Building package 'my_first_package_msgs' with the following arguments: {'ament_cmake_args': None, 'build_base': '/home/krism01/python/ros/ros2_study/build/my_first_package_msgs', 'catkin_cmake_args': None, 'catkin_skip_building_tests': False, 'cmake_args': None, 'cmake_clean_cache': False, 'cmake_clean_first': False, 'cmake_force_configure': False, 'cmake_target': None, 'cmake_target_skip_unavailable': False, 'install_base': '/home/krism01/python/ros/ros2_study/install/my_first_package_msgs', 'merge_install': False, 'path': '/home/krism01/python/ros/ros2_study/src/my_first_package_msgs', 'symlink_install': False, 'test_result_base': None}
[1.025s] INFO:colcon.colcon_core.executor:Executing jobs using 'parallel' executor
[1.026s] DEBUG:colcon.colcon_parallel_executor.executor.parallel:run_until_complete
[1.026s] INFO:colcon.colcon_ros.task.ament_python.build:Building ROS package in '/home/krism01/python/ros/ros2_study/src/my_first_package' with build type 'ament_python'
[1.027s] Level 1:colcon.colcon_core.shell:create_environment_hook('my_first_package', 'ament_prefix_path')
[1.036s] INFO:colcon.colcon_core.plugin_system:Skipping extension 'colcon_core.shell.bat': Not used on non-Windows systems
[1.037s] INFO:colcon.colcon_core.shell:Creating environment hook '/home/krism01/python/ros/ros2_study/install/my_first_package/share/my_first_package/hook/ament_prefix_path.ps1'
[1.040s] INFO:colcon.colcon_core.shell:Creating environment descriptor '/home/krism01/python/ros/ros2_study/install/my_first_package/share/my_first_package/hook/ament_prefix_path.dsv'
[1.042s] INFO:colcon.colcon_core.shell:Creating environment hook '/home/krism01/python/ros/ros2_study/install/my_first_package/share/my_first_package/hook/ament_prefix_path.sh'
[1.060s] INFO:colcon.colcon_core.shell:Skip shell extension 'powershell' for command environment: Not usable outside of PowerShell
[1.060s] DEBUG:colcon.colcon_core.shell:Skip shell extension 'dsv' for command environment
[1.715s] INFO:colcon.colcon_core.task.python.build:Building Python package in '/home/krism01/python/ros/ros2_study/src/my_first_package'
[1.715s] INFO:colcon.colcon_core.shell:Skip shell extension 'powershell' for command environment: Not usable outside of PowerShell
[1.715s] DEBUG:colcon.colcon_core.shell:Skip shell extension 'dsv' for command environment
[3.526s] DEBUG:colcon.colcon_core.event_handler.log_command:Invoking command in '/home/krism01/python/ros/ros2_study/src/my_first_package': PYTHONPATH=/home/krism01/python/ros/ros2_study/build/my_first_package/prefix_override:/home/krism01/python/ros/ros2_study/install/my_first_package/lib/python3.10/site-packages:${PYTHONPATH} /usr/bin/python3 -W ignore:setup.py install is deprecated setup.py egg_info --egg-base ../../build/my_first_package build --build-base /home/krism01/python/ros/ros2_study/build/my_first_package/build install --record /home/krism01/python/ros/ros2_study/build/my_first_package/install.log --single-version-externally-managed install_data
[4.467s] DEBUG:colcon.colcon_core.event_handler.log_command:Invoked command in '/home/krism01/python/ros/ros2_study/src/my_first_package' returned '0': PYTHONPATH=/home/krism01/python/ros/ros2_study/build/my_first_package/prefix_override:/home/krism01/python/ros/ros2_study/install/my_first_package/lib/python3.10/site-packages:${PYTHONPATH} /usr/bin/python3 -W ignore:setup.py install is deprecated setup.py egg_info --egg-base ../../build/my_first_package build --build-base /home/krism01/python/ros/ros2_study/build/my_first_package/build install --record /home/krism01/python/ros/ros2_study/build/my_first_package/install.log --single-version-externally-managed install_data
[4.482s] Level 1:colcon.colcon_core.environment:checking '/home/krism01/python/ros/ros2_study/install/my_first_package' for CMake module files
[4.483s] Level 1:colcon.colcon_core.environment:checking '/home/krism01/python/ros/ros2_study/install/my_first_package' for CMake config files
[4.484s] Level 1:colcon.colcon_core.environment:checking '/home/krism01/python/ros/ros2_study/install/my_first_package/lib'
[4.484s] Level 1:colcon.colcon_core.environment:checking '/home/krism01/python/ros/ros2_study/install/my_first_package/bin'
[4.484s] Level 1:colcon.colcon_core.environment:checking '/home/krism01/python/ros/ros2_study/install/my_first_package/lib/pkgconfig/my_first_package.pc'
[4.485s] Level 1:colcon.colcon_core.environment:checking '/home/krism01/python/ros/ros2_study/install/my_first_package/lib/python3.10/site-packages'
[4.485s] Level 1:colcon.colcon_core.shell:create_environment_hook('my_first_package', 'pythonpath')
[4.485s] INFO:colcon.colcon_core.shell:Creating environment hook '/home/krism01/python/ros/ros2_study/install/my_first_package/share/my_first_package/hook/pythonpath.ps1'
[4.488s] INFO:colcon.colcon_core.shell:Creating environment descriptor '/home/krism01/python/ros/ros2_study/install/my_first_package/share/my_first_package/hook/pythonpath.dsv'
[4.489s] INFO:colcon.colcon_core.shell:Creating environment hook '/home/krism01/python/ros/ros2_study/install/my_first_package/share/my_first_package/hook/pythonpath.sh'
[4.491s] Level 1:colcon.colcon_core.environment:checking '/home/krism01/python/ros/ros2_study/install/my_first_package/bin'
[4.491s] Level 1:colcon.colcon_core.environment:create_environment_scripts_only(my_first_package)
[4.492s] INFO:colcon.colcon_core.shell:Creating package script '/home/krism01/python/ros/ros2_study/install/my_first_package/share/my_first_package/package.ps1'
[4.494s] INFO:colcon.colcon_core.shell:Creating package descriptor '/home/krism01/python/ros/ros2_study/install/my_first_package/share/my_first_package/package.dsv'
[4.496s] INFO:colcon.colcon_core.shell:Creating package script '/home/krism01/python/ros/ros2_study/install/my_first_package/share/my_first_package/package.sh'
[4.499s] INFO:colcon.colcon_core.shell:Creating package script '/home/krism01/python/ros/ros2_study/install/my_first_package/share/my_first_package/package.bash'
[4.501s] INFO:colcon.colcon_core.shell:Creating package script '/home/krism01/python/ros/ros2_study/install/my_first_package/share/my_first_package/package.zsh'
[4.504s] Level 1:colcon.colcon_core.environment:create_file_with_runtime_dependencies(/home/krism01/python/ros/ros2_study/install/my_first_package/share/colcon-core/packages/my_first_package)
[4.506s] INFO:colcon.colcon_ros.task.ament_cmake.build:Building ROS package in '/home/krism01/python/ros/ros2_study/src/my_first_package_msgs' with build type 'ament_cmake'
[4.507s] INFO:colcon.colcon_cmake.task.cmake.build:Building CMake package in '/home/krism01/python/ros/ros2_study/src/my_first_package_msgs'
[4.508s] INFO:colcon.colcon_core.shell:Skip shell extension 'powershell' for command environment: Not usable outside of PowerShell
[4.508s] DEBUG:colcon.colcon_core.shell:Skip shell extension 'dsv' for command environment
[4.530s] DEBUG:colcon.colcon_core.event_handler.log_command:Invoking command in '/home/krism01/python/ros/ros2_study/build/my_first_package_msgs': CMAKE_PREFIX_PATH=/home/krism01/python/ros/ros2_study/install/my_first_package:/opt/ros/humble /usr/bin/cmake /home/krism01/python/ros/ros2_study/src/my_first_package_msgs -DCMAKE_INSTALL_PREFIX=/home/krism01/python/ros/ros2_study/install/my_first_package_msgs
[7.617s] DEBUG:colcon.colcon_core.event_handler.log_command:Invoked command in '/home/krism01/python/ros/ros2_study/build/my_first_package_msgs' returned '1': CMAKE_PREFIX_PATH=/home/krism01/python/ros/ros2_study/install/my_first_package:/opt/ros/humble /usr/bin/cmake /home/krism01/python/ros/ros2_study/src/my_first_package_msgs -DCMAKE_INSTALL_PREFIX=/home/krism01/python/ros/ros2_study/install/my_first_package_msgs
[7.643s] Level 1:colcon.colcon_core.environment:create_environment_scripts_only(my_first_package_msgs)
[7.643s] Level 1:colcon.colcon_core.environment:checking '/home/krism01/python/ros/ros2_study/install/my_first_package_msgs' for CMake module files
[7.648s] Level 1:colcon.colcon_core.environment:checking '/home/krism01/python/ros/ros2_study/install/my_first_package_msgs' for CMake config files
[7.649s] Level 1:colcon.colcon_core.environment:checking '/home/krism01/python/ros/ros2_study/install/my_first_package_msgs/bin'
[7.649s] Level 1:colcon.colcon_core.environment:checking '/home/krism01/python/ros/ros2_study/install/my_first_package_msgs/lib/pkgconfig/my_first_package_msgs.pc'
[7.650s] Level 1:colcon.colcon_core.environment:checking '/home/krism01/python/ros/ros2_study/install/my_first_package_msgs/lib/python3.10/site-packages'
[7.650s] Level 1:colcon.colcon_core.environment:checking '/home/krism01/python/ros/ros2_study/install/my_first_package_msgs/bin'
[7.651s] INFO:colcon.colcon_core.shell:Creating package script '/home/krism01/python/ros/ros2_study/install/my_first_package_msgs/share/my_first_package_msgs/package.ps1'
[7.652s] INFO:colcon.colcon_core.shell:Creating package descriptor '/home/krism01/python/ros/ros2_study/install/my_first_package_msgs/share/my_first_package_msgs/package.dsv'
[7.653s] INFO:colcon.colcon_core.shell:Creating package script '/home/krism01/python/ros/ros2_study/install/my_first_package_msgs/share/my_first_package_msgs/package.sh'
[7.654s] INFO:colcon.colcon_core.shell:Creating package script '/home/krism01/python/ros/ros2_study/install/my_first_package_msgs/share/my_first_package_msgs/package.bash'
[7.655s] INFO:colcon.colcon_core.shell:Creating package script '/home/krism01/python/ros/ros2_study/install/my_first_package_msgs/share/my_first_package_msgs/package.zsh'
[7.656s] Level 1:colcon.colcon_core.environment:create_file_with_runtime_dependencies(/home/krism01/python/ros/ros2_study/install/my_first_package_msgs/share/colcon-core/packages/my_first_package_msgs)
[7.658s] DEBUG:colcon.colcon_parallel_executor.executor.parallel:closing loop
[7.661s] DEBUG:colcon.colcon_parallel_executor.executor.parallel:loop closed
[7.661s] DEBUG:colcon.colcon_parallel_executor.executor.parallel:run_until_complete finished with '1'
[7.661s] DEBUG:colcon.colcon_core.event_reactor:joining thread
[7.688s] INFO:colcon.colcon_core.plugin_system:Skipping extension 'colcon_notification.desktop_notification.terminal_notifier': Not used on non-Darwin systems
[7.688s] INFO:colcon.colcon_core.plugin_system:Skipping extension 'colcon_notification.desktop_notification.win32': Not used on non-Windows systems
[7.688s] INFO:colcon.colcon_notification.desktop_notification:Sending desktop notification using 'notify2'
[8.056s] DEBUG:colcon.colcon_core.event_reactor:joined thread
[8.057s] INFO:colcon.colcon_core.shell:Creating prefix script '/home/krism01/python/ros/ros2_study/install/local_setup.ps1'
[8.059s] INFO:colcon.colcon_core.shell:Creating prefix util module '/home/krism01/python/ros/ros2_study/install/_local_setup_util_ps1.py'
[8.062s] INFO:colcon.colcon_core.shell:Creating prefix chain script '/home/krism01/python/ros/ros2_study/install/setup.ps1'
[8.066s] INFO:colcon.colcon_core.shell:Creating prefix script '/home/krism01/python/ros/ros2_study/install/local_setup.sh'
[8.070s] INFO:colcon.colcon_core.shell:Creating prefix util module '/home/krism01/python/ros/ros2_study/install/_local_setup_util_sh.py'
[8.085s] INFO:colcon.colcon_core.shell:Creating prefix chain script '/home/krism01/python/ros/ros2_study/install/setup.sh'
[8.087s] INFO:colcon.colcon_core.shell:Creating prefix script '/home/krism01/python/ros/ros2_study/install/local_setup.bash'
[8.090s] INFO:colcon.colcon_core.shell:Creating prefix chain script '/home/krism01/python/ros/ros2_study/install/setup.bash'
[8.091s] INFO:colcon.colcon_core.shell:Creating prefix script '/home/krism01/python/ros/ros2_study/install/local_setup.zsh'
[8.093s] INFO:colcon.colcon_core.shell:Creating prefix chain script '/home/krism01/python/ros/ros2_study/install/setup.zsh'
